5348.525	areyouready	LOADING RESOURCE SURFACE FROM DISK
1406298.958	StudyPhase[1].LearningPhase_1.Word_1	LOADING RESOURCE SURFACE FROM DISK
1406300.657	StudyPhase[1].LearningPhase_1.Word_1	flip time is later than desired time. Desired Time=1406025 Flip Time=1406325 Retrace Rate=16.646, prepareTime=299 flip request time 1406300
1410129.436	StudyPhase[1].LearningPhase_1.Word_1	LOADING RESOURCE SURFACE FROM DISK
1410130.895	StudyPhase[1].LearningPhase_1.Word_1	flip time is later than desired time. Desired Time=1410108 Flip Time=1410141 Retrace Rate=16.646, prepareTime=46 flip request time 1410130
1413954.021	StudyPhase[1].LearningPhase_1.Word_1	LOADING RESOURCE SURFACE FROM DISK
1413955.595	StudyPhase[1].LearningPhase_1.Word_1	flip time is later than desired time. Desired Time=1413925 Flip Time=1413975 Retrace Rate=16.646, prepareTime=54 flip request time 1413955
1417782.203	StudyPhase[1].LearningPhase_1.Word_1	LOADING RESOURCE SURFACE FROM DISK
1417783.834	StudyPhase[1].LearningPhase_1.Word_1	flip time is later than desired time. Desired Time=1417758 Flip Time=1417791 Retrace Rate=16.646, prepareTime=49 flip request time 1417783
1421596.704	StudyPhase[1].LearningPhase_1.Word_1	LOADING RESOURCE SURFACE FROM DISK
1421598.159	StudyPhase[1].LearningPhase_1.Word_1	flip time is later than desired time. Desired Time=1421575 Flip Time=1421608 Retrace Rate=16.646, prepareTime=46 flip request time 1421598
1425393.453	StudyPhase[1].LearningPhase_1.Word_1	LOADING RESOURCE SURFACE FROM DISK
1425394.988	StudyPhase[1].LearningPhase_1.Word_1	flip time is later than desired time. Desired Time=1425391 Flip Time=1425408 Retrace Rate=16.646, prepareTime=26 flip request time 1425394
1429212.293	StudyPhase[1].LearningPhase_1.Word_1	LOADING RESOURCE SURFACE FROM DISK
1429213.775	StudyPhase[1].LearningPhase_1.Word_1	flip time is later than desired time. Desired Time=1429191 Flip Time=1429225 Retrace Rate=16.646, prepareTime=45 flip request time 1429213
1433028.095	StudyPhase[1].LearningPhase_1.Word_1	LOADING RESOURCE SURFACE FROM DISK
1433029.617	StudyPhase[1].LearningPhase_1.Word_1	flip time is later than desired time. Desired Time=1433008 Flip Time=1433041 Retrace Rate=16.646, prepareTime=45 flip request time 1433029
1436851.306	StudyPhase[1].LearningPhase_1.Word_1	LOADING RESOURCE SURFACE FROM DISK
1436852.789	StudyPhase[1].LearningPhase_1.Word_1	flip time is later than desired time. Desired Time=1436825 Flip Time=1436875 Retrace Rate=16.646, prepareTime=51 flip request time 1436852
1440682.106	StudyPhase[1].LearningPhase_1.Word_1	LOADING RESOURCE SURFACE FROM DISK
1440683.6	StudyPhase[1].LearningPhase_1.Word_1	flip time is later than desired time. Desired Time=1440658 Flip Time=1440691 Retrace Rate=16.646, prepareTime=49 flip request time 1440683
1444496.192	StudyPhase[1].LearningPhase_1.Word_1	LOADING RESOURCE SURFACE FROM DISK
1444497.808	StudyPhase[1].LearningPhase_1.Word_1	flip time is later than desired time. Desired Time=1444475 Flip Time=1444508 Retrace Rate=16.646, prepareTime=46 flip request time 1444497
1448316.403	StudyPhase[1].LearningPhase_1.Word_1	LOADING RESOURCE SURFACE FROM DISK
1448317.998	StudyPhase[1].LearningPhase_1.Word_1	flip time is later than desired time. Desired Time=1448291 Flip Time=1448341 Retrace Rate=16.646, prepareTime=49 flip request time 1448317
1452112.406	StudyPhase[1].LearningPhase_1.Word_1	LOADING RESOURCE SURFACE FROM DISK
1455895.751	StudyPhase[1].LearningPhase_1.Word_1	LOADING RESOURCE SURFACE FROM DISK
1459678.653	StudyPhase[1].LearningPhase_1.Word_1	LOADING RESOURCE SURFACE FROM DISK
1463462.345	StudyPhase[1].LearningPhase_1.Word_1	LOADING RESOURCE SURFACE FROM DISK
1467245.43	StudyPhase[1].LearningPhase_1.Word_1	LOADING RESOURCE SURFACE FROM DISK
1471029.081	StudyPhase[1].LearningPhase_1.Word_1	LOADING RESOURCE SURFACE FROM DISK
1474812.161	StudyPhase[1].LearningPhase_1.Word_1	LOADING RESOURCE SURFACE FROM DISK
1478595.45	StudyPhase[1].LearningPhase_1.Word_1	LOADING RESOURCE SURFACE FROM DISK
1482379.016	StudyPhase[1].LearningPhase_1.Word_1	LOADING RESOURCE SURFACE FROM DISK
1486162.299	StudyPhase[1].LearningPhase_1.Word_1	LOADING RESOURCE SURFACE FROM DISK
1489945.556	StudyPhase[1].LearningPhase_1.Word_1	LOADING RESOURCE SURFACE FROM DISK
1634891.533	StudyPhase[1].TestFeedback_1[1].Hint_1[1]	LOADING RESOURCE SURFACE FROM DISK
1634893.091	StudyPhase[1].TestFeedback_1[1].Hint_1[1]	flip time is later than desired time. Desired Time=1634875 Flip Time=1634908 Retrace Rate=16.646, prepareTime=42 flip request time 1634892
1637956.239	StudyPhase[1].TestFeedback_1[1].Feedback_1[1]	LOADING RESOURCE SURFACE FROM DISK
1639779.207	StudyPhase[1].TestFeedback_1[1].Hint_1[1]	LOADING RESOURCE SURFACE FROM DISK
1639780.806	StudyPhase[1].TestFeedback_1[1].Hint_1[1]	flip time is later than desired time. Desired Time=1639758 Flip Time=1639791 Retrace Rate=16.646, prepareTime=46 flip request time 1639780
1642192.305	StudyPhase[1].TestFeedback_1[1].Feedback_1[1]	LOADING RESOURCE SURFACE FROM DISK
1643978.991	StudyPhase[1].TestFeedback_1[1].Hint_1[1]	LOADING RESOURCE SURFACE FROM DISK
1647004.211	StudyPhase[1].TestFeedback_1[1].FeedbackPB_1[1]	LOADING RESOURCE SURFACE FROM DISK
1648831.838	StudyPhase[1].TestFeedback_1[1].Hint_1[1]	LOADING RESOURCE SURFACE FROM DISK
1648833.443	StudyPhase[1].TestFeedback_1[1].Hint_1[1]	flip time is later than desired time. Desired Time=1648808 Flip Time=1648841 Retrace Rate=16.646, prepareTime=48 flip request time 1648833
1650921.038	StudyPhase[1].TestFeedback_1[1].Feedback_1[1]	LOADING RESOURCE SURFACE FROM DISK
1652712.248	StudyPhase[1].TestFeedback_1[1].Hint_1[1]	LOADING RESOURCE SURFACE FROM DISK
1654437.506	StudyPhase[1].TestFeedback_1[1].Feedback_1[1]	LOADING RESOURCE SURFACE FROM DISK
1656228.96	StudyPhase[1].TestFeedback_1[1].Hint_1[1]	LOADING RESOURCE SURFACE FROM DISK
1658253.978	StudyPhase[1].TestFeedback_1[1].Feedback_1[1]	LOADING RESOURCE SURFACE FROM DISK
1660045.673	StudyPhase[1].TestFeedback_1[1].Hint_1[1]	LOADING RESOURCE SURFACE FROM DISK
1662890.364	StudyPhase[1].TestFeedback_1[1].FeedbackPB_1[1]	LOADING RESOURCE SURFACE FROM DISK
1664722.441	StudyPhase[1].TestFeedback_1[1].Hint_1[1]	LOADING RESOURCE SURFACE FROM DISK
1664724.018	StudyPhase[1].TestFeedback_1[1].Hint_1[1]	flip time is later than desired time. Desired Time=1664691 Flip Time=1664741 Retrace Rate=16.646, prepareTime=56 flip request time 1664723
1666824.228	StudyPhase[1].TestFeedback_1[1].Feedback_1[1]	LOADING RESOURCE SURFACE FROM DISK
1668612.235	StudyPhase[1].TestFeedback_1[1].Hint_1[1]	LOADING RESOURCE SURFACE FROM DISK
1670554.277	StudyPhase[1].TestFeedback_1[1].Feedback_1[1]	LOADING RESOURCE SURFACE FROM DISK
1672388.415	StudyPhase[1].TestFeedback_1[1].Hint_1[1]	LOADING RESOURCE SURFACE FROM DISK
1672390.068	StudyPhase[1].TestFeedback_1[1].Hint_1[1]	flip time is later than desired time. Desired Time=1672358 Flip Time=1672408 Retrace Rate=16.646, prepareTime=55 flip request time 1672389
1675420.951	StudyPhase[1].TestFeedback_1[1].Feedback_1[1]	LOADING RESOURCE SURFACE FROM DISK
1677212.286	StudyPhase[1].TestFeedback_1[1].Hint_1[1]	LOADING RESOURCE SURFACE FROM DISK
1679937.311	StudyPhase[1].TestFeedback_1[1].Feedback_1[1]	LOADING RESOURCE SURFACE FROM DISK
1681728.967	StudyPhase[1].TestFeedback_1[1].Hint_1[1]	LOADING RESOURCE SURFACE FROM DISK
1684754.247	StudyPhase[1].TestFeedback_1[1].Feedback_1[1]	LOADING RESOURCE SURFACE FROM DISK
1686545.77	StudyPhase[1].TestFeedback_1[1].Hint_1[1]	LOADING RESOURCE SURFACE FROM DISK
1689204.151	StudyPhase[1].TestFeedback_1[1].Feedback_1[1]	LOADING RESOURCE SURFACE FROM DISK
1690995.483	StudyPhase[1].TestFeedback_1[1].Hint_1[1]	LOADING RESOURCE SURFACE FROM DISK
1692754.268	StudyPhase[1].TestFeedback_1[1].Feedback_1[1]	LOADING RESOURCE SURFACE FROM DISK
1694585.58	StudyPhase[1].TestFeedback_1[1].Hint_1[1]	LOADING RESOURCE SURFACE FROM DISK
1694587.313	StudyPhase[1].TestFeedback_1[1].Hint_1[1]	flip time is later than desired time. Desired Time=1694558 Flip Time=1694608 Retrace Rate=16.646, prepareTime=52 flip request time 1694587
1697621.183	StudyPhase[1].TestFeedback_1[1].Feedback_1[1]	LOADING RESOURCE SURFACE FROM DISK
1699412.274	StudyPhase[1].TestFeedback_1[1].Hint_1[1]	LOADING RESOURCE SURFACE FROM DISK
1702478.178	StudyPhase[1].TestFeedback_1[1].Feedback_1[1]	LOADING RESOURCE SURFACE FROM DISK
1704262.841	StudyPhase[1].TestFeedback_1[1].Hint_1[1]	LOADING RESOURCE SURFACE FROM DISK
1706721.443	StudyPhase[1].TestFeedback_1[1].Feedback_1[1]	LOADING RESOURCE SURFACE FROM DISK
1708513.122	StudyPhase[1].TestFeedback_1[1].Hint_1[1]	LOADING RESOURCE SURFACE FROM DISK
1711537.778	StudyPhase[1].TestFeedback_1[1].Feedback_1[1]	LOADING RESOURCE SURFACE FROM DISK
1713329.464	StudyPhase[1].TestFeedback_1[1].Hint_1[1]	LOADING RESOURCE SURFACE FROM DISK
1716004.381	StudyPhase[1].TestFeedback_1[1].FeedbackPB_1[1]	LOADING RESOURCE SURFACE FROM DISK
1717795.834	StudyPhase[1].TestFeedback_1[1].Hint_1[1]	LOADING RESOURCE SURFACE FROM DISK
1720821.252	StudyPhase[1].TestFeedback_1[1].FeedbackPB_1[1]	LOADING RESOURCE SURFACE FROM DISK
1722612.567	StudyPhase[1].TestFeedback_1[1].Hint_1[1]	LOADING RESOURCE SURFACE FROM DISK
1725638.072	StudyPhase[1].TestFeedback_1[1].Feedback_1[1]	LOADING RESOURCE SURFACE FROM DISK
1727429.421	StudyPhase[1].TestFeedback_1[1].Hint_1[1]	LOADING RESOURCE SURFACE FROM DISK
1730454.404	StudyPhase[1].TestFeedback_1[1].FeedbackPB_1[1]	LOADING RESOURCE SURFACE FROM DISK
1732245.908	StudyPhase[1].TestFeedback_1[1].Hint_1[1]	LOADING RESOURCE SURFACE FROM DISK
1735037.915	StudyPhase[1].TestFeedback_1[1].Feedback_1[1]	LOADING RESOURCE SURFACE FROM DISK
1736366.738	StudyPhase[1].Failed_Criterion_1[1]	LOADING RESOURCE SURFACE FROM DISK
1736378.597	StudyPhase[1].Failed_Criterion_1[1]	LOADING RESOURCE SURFACE FROM DISK
1736390.611	StudyPhase[1].Failed_Criterion_1[1]	LOADING RESOURCE SURFACE FROM DISK
1879859.897	StudyPhase[1].Reached_Criterion_1[2]	LOADING RESOURCE SURFACE FROM DISK
1879873.726	StudyPhase[1].Reached_Criterion_1[2]	LOADING RESOURCE SURFACE FROM DISK
1879885.732	StudyPhase[1].Reached_Criterion_1[2]	LOADING RESOURCE SURFACE FROM DISK
1879897.837	StudyPhase[1].Reached_Criterion_1[2]	LOADING RESOURCE SURFACE FROM DISK
1897617.143	StudyPhase[2].LearningPhase_2.Word_2	LOADING RESOURCE SURFACE FROM DISK
1897618.912	StudyPhase[2].LearningPhase_2.Word_2	flip time is later than desired time. Desired Time=1897341 Flip Time=1897641 Retrace Rate=16.646, prepareTime=301 flip request time 1897618
1901450.718	StudyPhase[2].LearningPhase_2.Word_2	LOADING RESOURCE SURFACE FROM DISK
1901452.47	StudyPhase[2].LearningPhase_2.Word_2	flip time is later than desired time. Desired Time=1901425 Flip Time=1901475 Retrace Rate=16.646, prepareTime=51 flip request time 1901452
1905280.074	StudyPhase[2].LearningPhase_2.Word_2	LOADING RESOURCE SURFACE FROM DISK
1905281.867	StudyPhase[2].LearningPhase_2.Word_2	flip time is later than desired time. Desired Time=1905258 Flip Time=1905291 Retrace Rate=16.646, prepareTime=47 flip request time 1905281
1909102.097	StudyPhase[2].LearningPhase_2.Word_2	LOADING RESOURCE SURFACE FROM DISK
1909103.838	StudyPhase[2].LearningPhase_2.Word_2	flip time is later than desired time. Desired Time=1909075 Flip Time=1909125 Retrace Rate=16.646, prepareTime=52 flip request time 1909103
1912939.138	StudyPhase[2].LearningPhase_2.Word_2	LOADING RESOURCE SURFACE FROM DISK
1912940.883	StudyPhase[2].LearningPhase_2.Word_2	flip time is later than desired time. Desired Time=1912908 Flip Time=1912958 Retrace Rate=16.646, prepareTime=56 flip request time 1912940
1916729.845	StudyPhase[2].LearningPhase_2.Word_2	LOADING RESOURCE SURFACE FROM DISK
1920512.952	StudyPhase[2].LearningPhase_2.Word_2	LOADING RESOURCE SURFACE FROM DISK
1924296.108	StudyPhase[2].LearningPhase_2.Word_2	LOADING RESOURCE SURFACE FROM DISK
1928080.019	StudyPhase[2].LearningPhase_2.Word_2	LOADING RESOURCE SURFACE FROM DISK
1931862.92	StudyPhase[2].LearningPhase_2.Word_2	LOADING RESOURCE SURFACE FROM DISK
1935703.505	StudyPhase[2].LearningPhase_2.Word_2	LOADING RESOURCE SURFACE FROM DISK
1935705.302	StudyPhase[2].LearningPhase_2.Word_2	flip time is later than desired time. Desired Time=1935658 Flip Time=1935725 Retrace Rate=16.646, prepareTime=70 flip request time 1935705
1939496.407	StudyPhase[2].LearningPhase_2.Word_2	LOADING RESOURCE SURFACE FROM DISK
1943280.248	StudyPhase[2].LearningPhase_2.Word_2	LOADING RESOURCE SURFACE FROM DISK
1947101.584	StudyPhase[2].LearningPhase_2.Word_2	LOADING RESOURCE SURFACE FROM DISK
1947103.323	StudyPhase[2].LearningPhase_2.Word_2	flip time is later than desired time. Desired Time=1947075 Flip Time=1947125 Retrace Rate=16.646, prepareTime=52 flip request time 1947103
1950896.519	StudyPhase[2].LearningPhase_2.Word_2	LOADING RESOURCE SURFACE FROM DISK
1954714.365	StudyPhase[2].LearningPhase_2.Word_2	LOADING RESOURCE SURFACE FROM DISK
1954716.211	StudyPhase[2].LearningPhase_2.Word_2	flip time is later than desired time. Desired Time=1954691 Flip Time=1954725 Retrace Rate=16.646, prepareTime=48 flip request time 1954716
1958496.568	StudyPhase[2].LearningPhase_2.Word_2	LOADING RESOURCE SURFACE FROM DISK
1962280.138	StudyPhase[2].LearningPhase_2.Word_2	LOADING RESOURCE SURFACE FROM DISK
1966063.008	StudyPhase[2].LearningPhase_2.Word_2	LOADING RESOURCE SURFACE FROM DISK
1969846.83	StudyPhase[2].LearningPhase_2.Word_2	LOADING RESOURCE SURFACE FROM DISK
1973629.792	StudyPhase[2].LearningPhase_2.Word_2	LOADING RESOURCE SURFACE FROM DISK
1977412.985	StudyPhase[2].LearningPhase_2.Word_2	LOADING RESOURCE SURFACE FROM DISK
1981196.565	StudyPhase[2].LearningPhase_2.Word_2	LOADING RESOURCE SURFACE FROM DISK
1996429.779	StudyPhase[2].TestFeedback_2[1].Hint_2[1]	LOADING RESOURCE SURFACE FROM DISK
1998322.077	StudyPhase[2].TestFeedback_2[1].FeedbackPB_2[1]	LOADING RESOURCE SURFACE FROM DISK
2000113.397	StudyPhase[2].TestFeedback_2[1].Hint_2[1]	LOADING RESOURCE SURFACE FROM DISK
2002038.406	StudyPhase[2].TestFeedback_2[1].FeedbackPB_2[1]	LOADING RESOURCE SURFACE FROM DISK
2003829.846	StudyPhase[2].TestFeedback_2[1].Hint_2[1]	LOADING RESOURCE SURFACE FROM DISK
2006288.696	StudyPhase[2].TestFeedback_2[1].Feedback_2[1]	LOADING RESOURCE SURFACE FROM DISK
2008079.955	StudyPhase[2].TestFeedback_2[1].Hint_2[1]	LOADING RESOURCE SURFACE FROM DISK
2011389.987	StudyPhase[2].TestFeedback_2[1].Feedback_2[1]	LOADING RESOURCE SURFACE FROM DISK
2013180.284	StudyPhase[2].TestFeedback_2[1].Hint_2[1]	LOADING RESOURCE SURFACE FROM DISK
2016204.978	StudyPhase[2].TestFeedback_2[1].FeedbackPB_2[1]	LOADING RESOURCE SURFACE FROM DISK
2017996.769	StudyPhase[2].TestFeedback_2[1].Hint_2[1]	LOADING RESOURCE SURFACE FROM DISK
2020005.128	StudyPhase[2].TestFeedback_2[1].Feedback_2[1]	LOADING RESOURCE SURFACE FROM DISK
2021796.695	StudyPhase[2].TestFeedback_2[1].Hint_2[1]	LOADING RESOURCE SURFACE FROM DISK
2024856.446	StudyPhase[2].TestFeedback_2[1].Feedback_2[1]	LOADING RESOURCE SURFACE FROM DISK
2026688.849	StudyPhase[2].TestFeedback_2[1].Hint_2[1]	LOADING RESOURCE SURFACE FROM DISK
2026690.761	StudyPhase[2].TestFeedback_2[1].Hint_2[1]	flip time is later than desired time. Desired Time=2026658 Flip Time=2026708 Retrace Rate=16.646, prepareTime=56 flip request time 2026690
2028679.288	StudyPhase[2].TestFeedback_2[1].Feedback_2[1]	LOADING RESOURCE SURFACE FROM DISK
2030486.564	StudyPhase[2].TestFeedback_2[1].Hint_2[1]	LOADING RESOURCE SURFACE FROM DISK
2030488.456	StudyPhase[2].TestFeedback_2[1].Hint_2[1]	flip time is later than desired time. Desired Time=2030475 Flip Time=2030508 Retrace Rate=16.646, prepareTime=37 flip request time 2030488
2033561.855	StudyPhase[2].TestFeedback_2[1].Feedback_2[1]	LOADING RESOURCE SURFACE FROM DISK
2035388.481	StudyPhase[2].TestFeedback_2[1].Hint_2[1]	LOADING RESOURCE SURFACE FROM DISK
2035390.356	StudyPhase[2].TestFeedback_2[1].Hint_2[1]	flip time is later than desired time. Desired Time=2035358 Flip Time=2035408 Retrace Rate=16.646, prepareTime=55 flip request time 2035390
2038022.139	StudyPhase[2].TestFeedback_2[1].FeedbackPB_2[1]	LOADING RESOURCE SURFACE FROM DISK
2039813.648	StudyPhase[2].TestFeedback_2[1].Hint_2[1]	LOADING RESOURCE SURFACE FROM DISK
2041788.617	StudyPhase[2].TestFeedback_2[1].Feedback_2[1]	LOADING RESOURCE SURFACE FROM DISK
2043580.347	StudyPhase[2].TestFeedback_2[1].Hint_2[1]	LOADING RESOURCE SURFACE FROM DISK
2046605.155	StudyPhase[2].TestFeedback_2[1].Feedback_2[1]	LOADING RESOURCE SURFACE FROM DISK
2048396.883	StudyPhase[2].TestFeedback_2[1].Hint_2[1]	LOADING RESOURCE SURFACE FROM DISK
2050756.206	StudyPhase[2].TestFeedback_2[1].Feedback_2[1]	LOADING RESOURCE SURFACE FROM DISK
2052587.437	StudyPhase[2].TestFeedback_2[1].Hint_2[1]	LOADING RESOURCE SURFACE FROM DISK
2052589.357	StudyPhase[2].TestFeedback_2[1].Hint_2[1]	flip time is later than desired time. Desired Time=2052558 Flip Time=2052608 Retrace Rate=16.646, prepareTime=54 flip request time 2052589
2054697.847	StudyPhase[2].TestFeedback_2[1].FeedbackPB_2[1]	LOADING RESOURCE SURFACE FROM DISK
2056496.856	StudyPhase[2].TestFeedback_2[1].Hint_2[1]	LOADING RESOURCE SURFACE FROM DISK
2056498.784	StudyPhase[2].TestFeedback_2[1].Hint_2[1]	flip time is later than desired time. Desired Time=2056491 Flip Time=2056508 Retrace Rate=16.646, prepareTime=30 flip request time 2056498
2059078.906	StudyPhase[2].TestFeedback_2[1].FeedbackPB_2[1]	LOADING RESOURCE SURFACE FROM DISK
2060863.528	StudyPhase[2].TestFeedback_2[1].Hint_2[1]	LOADING RESOURCE SURFACE FROM DISK
2063388.773	StudyPhase[2].TestFeedback_2[1].Feedback_2[1]	LOADING RESOURCE SURFACE FROM DISK
2065222.636	StudyPhase[2].TestFeedback_2[1].Hint_2[1]	LOADING RESOURCE SURFACE FROM DISK
2065224.606	StudyPhase[2].TestFeedback_2[1].Hint_2[1]	flip time is later than desired time. Desired Time=2065191 Flip Time=2065241 Retrace Rate=16.646, prepareTime=56 flip request time 2065224
2068255.584	StudyPhase[2].TestFeedback_2[1].Feedback_2[1]	LOADING RESOURCE SURFACE FROM DISK
2070047.262	StudyPhase[2].TestFeedback_2[1].Hint_2[1]	LOADING RESOURCE SURFACE FROM DISK
2073072.304	StudyPhase[2].TestFeedback_2[1].Feedback_2[1]	LOADING RESOURCE SURFACE FROM DISK
2074863.633	StudyPhase[2].TestFeedback_2[1].Hint_2[1]	LOADING RESOURCE SURFACE FROM DISK
2076888.889	StudyPhase[2].TestFeedback_2[1].Feedback_2[1]	LOADING RESOURCE SURFACE FROM DISK
2078680.436	StudyPhase[2].TestFeedback_2[1].Hint_2[1]	LOADING RESOURCE SURFACE FROM DISK
2081705.761	StudyPhase[2].TestFeedback_2[1].Feedback_2[1]	LOADING RESOURCE SURFACE FROM DISK
2083608.511	StudyPhase[2].TestFeedback_2[1].Hint_2[1]	LOADING RESOURCE SURFACE FROM DISK
2083610.419	StudyPhase[2].TestFeedback_2[1].Hint_2[1]	flip time is later than desired time. Desired Time=2083508 Flip Time=2083625 Retrace Rate=16.646, prepareTime=125 flip request time 2083610
2086678.822	StudyPhase[2].TestFeedback_2[1].Feedback_2[1]	LOADING RESOURCE SURFACE FROM DISK
2088507.427	StudyPhase[2].TestFeedback_2[1].Hint_2[1]	LOADING RESOURCE SURFACE FROM DISK
2088509.356	StudyPhase[2].TestFeedback_2[1].Hint_2[1]	flip time is later than desired time. Desired Time=2088475 Flip Time=2088525 Retrace Rate=16.646, prepareTime=58 flip request time 2088509
2091297.576	StudyPhase[2].TestFeedback_2[1].Feedback_2[1]	LOADING RESOURCE SURFACE FROM DISK
2093080.552	StudyPhase[2].TestFeedback_2[1].Hint_2[1]	LOADING RESOURCE SURFACE FROM DISK
2095055.797	StudyPhase[2].TestFeedback_2[1].FeedbackPB_2[1]	LOADING RESOURCE SURFACE FROM DISK
2114287.497	StudyPhase[3].LearningPhase_3.Word_3	LOADING RESOURCE SURFACE FROM DISK
2114289.607	StudyPhase[3].LearningPhase_3.Word_3	flip time is later than desired time. Desired Time=2114275 Flip Time=2114308 Retrace Rate=16.646, prepareTime=38 flip request time 2114289
2118119.587	StudyPhase[3].LearningPhase_3.Word_3	LOADING RESOURCE SURFACE FROM DISK
2118121.634	StudyPhase[3].LearningPhase_3.Word_3	flip time is later than desired time. Desired Time=2118091 Flip Time=2118141 Retrace Rate=16.646, prepareTime=53 flip request time 2118121
2121953.56	StudyPhase[3].LearningPhase_3.Word_3	LOADING RESOURCE SURFACE FROM DISK
2121955.552	StudyPhase[3].LearningPhase_3.Word_3	flip time is later than desired time. Desired Time=2121925 Flip Time=2121975 Retrace Rate=16.646, prepareTime=54 flip request time 2121955
2125747.161	StudyPhase[3].LearningPhase_3.Word_3	LOADING RESOURCE SURFACE FROM DISK
2129570.884	StudyPhase[3].LearningPhase_3.Word_3	LOADING RESOURCE SURFACE FROM DISK
2129572.834	StudyPhase[3].LearningPhase_3.Word_3	flip time is later than desired time. Desired Time=2129541 Flip Time=2129591 Retrace Rate=16.646, prepareTime=55 flip request time 2129572
2133364.451	StudyPhase[3].LearningPhase_3.Word_3	LOADING RESOURCE SURFACE FROM DISK
2137147.624	StudyPhase[3].LearningPhase_3.Word_3	LOADING RESOURCE SURFACE FROM DISK
2140930.834	StudyPhase[3].LearningPhase_3.Word_3	LOADING RESOURCE SURFACE FROM DISK
2144729.934	StudyPhase[3].LearningPhase_3.Word_3	LOADING RESOURCE SURFACE FROM DISK
2144732.019	StudyPhase[3].LearningPhase_3.Word_3	flip time is later than desired time. Desired Time=2144725 Flip Time=2144741 Retrace Rate=16.646, prepareTime=30 flip request time 2144731
2148551.744	StudyPhase[3].LearningPhase_3.Word_3	LOADING RESOURCE SURFACE FROM DISK
2148553.757	StudyPhase[3].LearningPhase_3.Word_3	flip time is later than desired time. Desired Time=2148525 Flip Time=2148575 Retrace Rate=16.646, prepareTime=52 flip request time 2148553
2152386.568	StudyPhase[3].LearningPhase_3.Word_3	LOADING RESOURCE SURFACE FROM DISK
2152388.626	StudyPhase[3].LearningPhase_3.Word_3	flip time is later than desired time. Desired Time=2152358 Flip Time=2152408 Retrace Rate=16.646, prepareTime=54 flip request time 2152388
2156181.083	StudyPhase[3].LearningPhase_3.Word_3	LOADING RESOURCE SURFACE FROM DISK
2159997.172	StudyPhase[3].LearningPhase_3.Word_3	LOADING RESOURCE SURFACE FROM DISK
2159999.159	StudyPhase[3].LearningPhase_3.Word_3	flip time is later than desired time. Desired Time=2159975 Flip Time=2160008 Retrace Rate=16.646, prepareTime=48 flip request time 2159999
2163823.156	StudyPhase[3].LearningPhase_3.Word_3	LOADING RESOURCE SURFACE FROM DISK
2163825.298	StudyPhase[3].LearningPhase_3.Word_3	flip time is later than desired time. Desired Time=2163791 Flip Time=2163841 Retrace Rate=16.646, prepareTime=57 flip request time 2163825
2167614.493	StudyPhase[3].LearningPhase_3.Word_3	LOADING RESOURCE SURFACE FROM DISK
2171438.857	StudyPhase[3].LearningPhase_3.Word_3	LOADING RESOURCE SURFACE FROM DISK
2171440.909	StudyPhase[3].LearningPhase_3.Word_3	flip time is later than desired time. Desired Time=2171408 Flip Time=2171458 Retrace Rate=16.646, prepareTime=56 flip request time 2171440
2175275.574	StudyPhase[3].LearningPhase_3.Word_3	LOADING RESOURCE SURFACE FROM DISK
2175277.613	StudyPhase[3].LearningPhase_3.Word_3	flip time is later than desired time. Desired Time=2175241 Flip Time=2175291 Retrace Rate=16.646, prepareTime=59 flip request time 2175277
2179064.515	StudyPhase[3].LearningPhase_3.Word_3	LOADING RESOURCE SURFACE FROM DISK
2182847.667	StudyPhase[3].LearningPhase_3.Word_3	LOADING RESOURCE SURFACE FROM DISK
2186631.341	StudyPhase[3].LearningPhase_3.Word_3	LOADING RESOURCE SURFACE FROM DISK
2190414.429	StudyPhase[3].LearningPhase_3.Word_3	LOADING RESOURCE SURFACE FROM DISK
2194197.724	StudyPhase[3].LearningPhase_3.Word_3	LOADING RESOURCE SURFACE FROM DISK
2198261.49	StudyPhase[3].LearningPhase_3.Word_3	LOADING RESOURCE SURFACE FROM DISK
2198263.593	StudyPhase[3].LearningPhase_3.Word_3	flip time is later than desired time. Desired Time=2197991 Flip Time=2198275 Retrace Rate=16.646, prepareTime=295 flip request time 2198263
2210617.685	StudyPhase[3].TestFeedback_3[1].Hint_3[1]	LOADING RESOURCE SURFACE FROM DISK
2210619.945	StudyPhase[3].TestFeedback_3[1].Hint_3[1]	flip time is later than desired time. Desired Time=2210591 Flip Time=2210641 Retrace Rate=16.646, prepareTime=52 flip request time 2210619
2212298.444	StudyPhase[3].TestFeedback_3[1].FeedbackPB_3[1]	LOADING RESOURCE SURFACE FROM DISK
2214081.067	StudyPhase[3].TestFeedback_3[1].Hint_3[1]	LOADING RESOURCE SURFACE FROM DISK
2216105.987	StudyPhase[3].TestFeedback_3[1].Feedback_3[1]	LOADING RESOURCE SURFACE FROM DISK
2217897.665	StudyPhase[3].TestFeedback_3[1].Hint_3[1]	LOADING RESOURCE SURFACE FROM DISK
2219772.962	StudyPhase[3].TestFeedback_3[1].FeedbackPB_3[1]	LOADING RESOURCE SURFACE FROM DISK
2221564.588	StudyPhase[3].TestFeedback_3[1].Hint_3[1]	LOADING RESOURCE SURFACE FROM DISK
2224873.309	StudyPhase[3].TestFeedback_3[1].Feedback_3[1]	LOADING RESOURCE SURFACE FROM DISK
2226703.142	StudyPhase[3].TestFeedback_3[1].Hint_3[1]	LOADING RESOURCE SURFACE FROM DISK
2226705.311	StudyPhase[3].TestFeedback_3[1].Hint_3[1]	flip time is later than desired time. Desired Time=2226675 Flip Time=2226725 Retrace Rate=16.646, prepareTime=54 flip request time 2226705
2229774.189	StudyPhase[3].TestFeedback_3[1].Feedback_3[1]	LOADING RESOURCE SURFACE FROM DISK
2231597.569	StudyPhase[3].TestFeedback_3[1].Hint_3[1]	LOADING RESOURCE SURFACE FROM DISK
2231599.553	StudyPhase[3].TestFeedback_3[1].Hint_3[1]	flip time is later than desired time. Desired Time=2231575 Flip Time=2231608 Retrace Rate=16.646, prepareTime=48 flip request time 2231599
2233382.645	StudyPhase[3].TestFeedback_3[1].FeedbackPB_3[1]	LOADING RESOURCE SURFACE FROM DISK
2235219.842	StudyPhase[3].TestFeedback_3[1].Hint_3[1]	LOADING RESOURCE SURFACE FROM DISK
2235221.914	StudyPhase[3].TestFeedback_3[1].Hint_3[1]	flip time is later than desired time. Desired Time=2235191 Flip Time=2235241 Retrace Rate=16.646, prepareTime=54 flip request time 2235221
2238295.62	StudyPhase[3].TestFeedback_3[1].Feedback_3[1]	LOADING RESOURCE SURFACE FROM DISK
2240081.358	StudyPhase[3].TestFeedback_3[1].Hint_3[1]	LOADING RESOURCE SURFACE FROM DISK
2242161.329	StudyPhase[3].TestFeedback_3[1].FeedbackPB_3[1]	LOADING RESOURCE SURFACE FROM DISK
2243947.825	StudyPhase[3].TestFeedback_3[1].Hint_3[1]	LOADING RESOURCE SURFACE FROM DISK
2246239.897	StudyPhase[3].TestFeedback_3[1].Feedback_3[1]	LOADING RESOURCE SURFACE FROM DISK
2248031.523	StudyPhase[3].TestFeedback_3[1].Hint_3[1]	LOADING RESOURCE SURFACE FROM DISK
2250556.714	StudyPhase[3].TestFeedback_3[1].FeedbackPB_3[1]	LOADING RESOURCE SURFACE FROM DISK
2252348.229	StudyPhase[3].TestFeedback_3[1].Hint_3[1]	LOADING RESOURCE SURFACE FROM DISK
2254139.96	StudyPhase[3].TestFeedback_3[1].Feedback_3[1]	LOADING RESOURCE SURFACE FROM DISK
2255931.561	StudyPhase[3].TestFeedback_3[1].Hint_3[1]	LOADING RESOURCE SURFACE FROM DISK
2257790.275	StudyPhase[3].TestFeedback_3[1].Feedback_3[1]	LOADING RESOURCE SURFACE FROM DISK
2259581.573	StudyPhase[3].TestFeedback_3[1].Hint_3[1]	LOADING RESOURCE SURFACE FROM DISK
2262273.387	StudyPhase[3].TestFeedback_3[1].Feedback_3[1]	LOADING RESOURCE SURFACE FROM DISK
2264085.738	StudyPhase[3].TestFeedback_3[1].Hint_3[1]	LOADING RESOURCE SURFACE FROM DISK
2264087.877	StudyPhase[3].TestFeedback_3[1].Hint_3[1]	flip time is later than desired time. Desired Time=2264075 Flip Time=2264108 Retrace Rate=16.646, prepareTime=36 flip request time 2264087
2267164.27	StudyPhase[3].TestFeedback_3[1].Feedback_3[1]	LOADING RESOURCE SURFACE FROM DISK
2268947.885	StudyPhase[3].TestFeedback_3[1].Hint_3[1]	LOADING RESOURCE SURFACE FROM DISK
2271223.54	StudyPhase[3].TestFeedback_3[1].Feedback_3[1]	LOADING RESOURCE SURFACE FROM DISK
2273082.584	StudyPhase[3].TestFeedback_3[1].Hint_3[1]	LOADING RESOURCE SURFACE FROM DISK
2273084.844	StudyPhase[3].TestFeedback_3[1].Hint_3[1]	flip time is later than desired time. Desired Time=2273025 Flip Time=2273108 Retrace Rate=16.646, prepareTime=83 flip request time 2273084
2276123.666	StudyPhase[3].TestFeedback_3[1].Feedback_3[1]	LOADING RESOURCE SURFACE FROM DISK
2277915.193	StudyPhase[3].TestFeedback_3[1].Hint_3[1]	LOADING RESOURCE SURFACE FROM DISK
2280983.391	StudyPhase[3].TestFeedback_3[1].Feedback_3[1]	LOADING RESOURCE SURFACE FROM DISK
2282781.64	StudyPhase[3].TestFeedback_3[1].Hint_3[1]	LOADING RESOURCE SURFACE FROM DISK
2284406.656	StudyPhase[3].TestFeedback_3[1].Feedback_3[1]	LOADING RESOURCE SURFACE FROM DISK
2286198.136	StudyPhase[3].TestFeedback_3[1].Hint_3[1]	LOADING RESOURCE SURFACE FROM DISK
2289223.684	StudyPhase[3].TestFeedback_3[1].FeedbackPB_3[1]	LOADING RESOURCE SURFACE FROM DISK
2291014.837	StudyPhase[3].TestFeedback_3[1].Hint_3[1]	LOADING RESOURCE SURFACE FROM DISK
2294040.217	StudyPhase[3].TestFeedback_3[1].Feedback_3[1]	LOADING RESOURCE SURFACE FROM DISK
2295870.76	StudyPhase[3].TestFeedback_3[1].Hint_3[1]	LOADING RESOURCE SURFACE FROM DISK
2295872.956	StudyPhase[3].TestFeedback_3[1].Hint_3[1]	flip time is later than desired time. Desired Time=2295841 Flip Time=2295891 Retrace Rate=16.646, prepareTime=55 flip request time 2295872
2298950.964	StudyPhase[3].TestFeedback_3[1].Feedback_3[1]	LOADING RESOURCE SURFACE FROM DISK
2300785.3	StudyPhase[3].TestFeedback_3[1].Hint_3[1]	LOADING RESOURCE SURFACE FROM DISK
2300787.496	StudyPhase[3].TestFeedback_3[1].Hint_3[1]	flip time is later than desired time. Desired Time=2300758 Flip Time=2300808 Retrace Rate=16.646, prepareTime=52 flip request time 2300787
2302781.984	StudyPhase[3].TestFeedback_3[1].Feedback_3[1]	LOADING RESOURCE SURFACE FROM DISK
2304582.117	StudyPhase[3].TestFeedback_3[1].Hint_3[1]	LOADING RESOURCE SURFACE FROM DISK
2304584.332	StudyPhase[3].TestFeedback_3[1].Hint_3[1]	flip time is later than desired time. Desired Time=2304591 Flip Time=2304608 Retrace Rate=16.646, prepareTime=16 flip request time 2304584
2306627.375	StudyPhase[3].TestFeedback_3[1].Feedback_3[1]	LOADING RESOURCE SURFACE FROM DISK
2322813.67	StudyPhase[4].LearningPhase_4.Word_4	LOADING RESOURCE SURFACE FROM DISK
2322815.915	StudyPhase[4].LearningPhase_4.Word_4	flip time is later than desired time. Desired Time=2322541 Flip Time=2322825 Retrace Rate=16.646, prepareTime=298 flip request time 2322815
2326638.611	StudyPhase[4].LearningPhase_4.Word_4	LOADING RESOURCE SURFACE FROM DISK
2326640.932	StudyPhase[4].LearningPhase_4.Word_4	flip time is later than desired time. Desired Time=2326608 Flip Time=2326658 Retrace Rate=16.646, prepareTime=56 flip request time 2326640
2330469.14	StudyPhase[4].LearningPhase_4.Word_4	LOADING RESOURCE SURFACE FROM DISK
2330471.448	StudyPhase[4].LearningPhase_4.Word_4	flip time is later than desired time. Desired Time=2330441 Flip Time=2330491 Retrace Rate=16.646, prepareTime=53 flip request time 2330471
2334265.287	StudyPhase[4].LearningPhase_4.Word_4	LOADING RESOURCE SURFACE FROM DISK
2334267.611	StudyPhase[4].LearningPhase_4.Word_4	flip time is later than desired time. Desired Time=2334275 Flip Time=2334291 Retrace Rate=16.646, prepareTime=16 flip request time 2334267
2338099.177	StudyPhase[4].LearningPhase_4.Word_4	LOADING RESOURCE SURFACE FROM DISK
2338101.469	StudyPhase[4].LearningPhase_4.Word_4	flip time is later than desired time. Desired Time=2338075 Flip Time=2338125 Retrace Rate=16.646, prepareTime=50 flip request time 2338101
2341898.776	StudyPhase[4].LearningPhase_4.Word_4	LOADING RESOURCE SURFACE FROM DISK
2341901.017	StudyPhase[4].LearningPhase_4.Word_4	flip time is later than desired time. Desired Time=2341908 Flip Time=2341925 Retrace Rate=16.646, prepareTime=16 flip request time 2341900
2345737.266	StudyPhase[4].LearningPhase_4.Word_4	LOADING RESOURCE SURFACE FROM DISK
2345739.507	StudyPhase[4].LearningPhase_4.Word_4	flip time is later than desired time. Desired Time=2345708 Flip Time=2345758 Retrace Rate=16.646, prepareTime=54 flip request time 2345739
2349532.411	StudyPhase[4].LearningPhase_4.Word_4	LOADING RESOURCE SURFACE FROM DISK
2349534.701	StudyPhase[4].LearningPhase_4.Word_4	flip time is later than desired time. Desired Time=2349541 Flip Time=2349558 Retrace Rate=16.646, prepareTime=16 flip request time 2349534
2353449.694	StudyPhase[4].LearningPhase_4.Word_4	LOADING RESOURCE SURFACE FROM DISK
2353451.97	StudyPhase[4].LearningPhase_4.Word_4	flip time is later than desired time. Desired Time=2353341 Flip Time=2353475 Retrace Rate=16.646, prepareTime=134 flip request time 2353451
2357292.244	StudyPhase[4].LearningPhase_4.Word_4	LOADING RESOURCE SURFACE FROM DISK
2357294.466	StudyPhase[4].LearningPhase_4.Word_4	flip time is later than desired time. Desired Time=2357258 Flip Time=2357308 Retrace Rate=16.646, prepareTime=59 flip request time 2357294
2361082.355	StudyPhase[4].LearningPhase_4.Word_4	LOADING RESOURCE SURFACE FROM DISK
2361084.645	StudyPhase[4].LearningPhase_4.Word_4	flip time is later than desired time. Desired Time=2361091 Flip Time=2361108 Retrace Rate=16.646, prepareTime=16 flip request time 2361084
2364924.789	StudyPhase[4].LearningPhase_4.Word_4	LOADING RESOURCE SURFACE FROM DISK
2364927.089	StudyPhase[4].LearningPhase_4.Word_4	flip time is later than desired time. Desired Time=2364891 Flip Time=2364941 Retrace Rate=16.646, prepareTime=59 flip request time 2364926
2368756.917	StudyPhase[4].LearningPhase_4.Word_4	LOADING RESOURCE SURFACE FROM DISK
2368759.212	StudyPhase[4].LearningPhase_4.Word_4	flip time is later than desired time. Desired Time=2368725 Flip Time=2368775 Retrace Rate=16.646, prepareTime=57 flip request time 2368759
2372548.843	StudyPhase[4].LearningPhase_4.Word_4	LOADING RESOURCE SURFACE FROM DISK
2372551.335	StudyPhase[4].LearningPhase_4.Word_4	flip time is later than desired time. Desired Time=2372558 Flip Time=2372575 Retrace Rate=16.646, prepareTime=16 flip request time 2372551
2376348.99	StudyPhase[4].LearningPhase_4.Word_4	LOADING RESOURCE SURFACE FROM DISK
2376351.249	StudyPhase[4].LearningPhase_4.Word_4	flip time is later than desired time. Desired Time=2376358 Flip Time=2376375 Retrace Rate=16.646, prepareTime=16 flip request time 2376351
2380432.013	StudyPhase[4].LearningPhase_4.Word_4	LOADING RESOURCE SURFACE FROM DISK
2380434.52	StudyPhase[4].LearningPhase_4.Word_4	flip time is later than desired time. Desired Time=2380158 Flip Time=2380458 Retrace Rate=16.646, prepareTime=299 flip request time 2380434
2384247.13	StudyPhase[4].LearningPhase_4.Word_4	LOADING RESOURCE SURFACE FROM DISK
2384249.441	StudyPhase[4].LearningPhase_4.Word_4	flip time is later than desired time. Desired Time=2384241 Flip Time=2384258 Retrace Rate=16.646, prepareTime=31 flip request time 2384249
2388071.376	StudyPhase[4].LearningPhase_4.Word_4	LOADING RESOURCE SURFACE FROM DISK
2388073.682	StudyPhase[4].LearningPhase_4.Word_4	flip time is later than desired time. Desired Time=2388041 Flip Time=2388091 Retrace Rate=16.646, prepareTime=55 flip request time 2388073
2391901.768	StudyPhase[4].LearningPhase_4.Word_4	LOADING RESOURCE SURFACE FROM DISK
2391904.005	StudyPhase[4].LearningPhase_4.Word_4	flip time is later than desired time. Desired Time=2391875 Flip Time=2391925 Retrace Rate=16.646, prepareTime=52 flip request time 2391903
2395699.092	StudyPhase[4].LearningPhase_4.Word_4	LOADING RESOURCE SURFACE FROM DISK
2395701.463	StudyPhase[4].LearningPhase_4.Word_4	flip time is later than desired time. Desired Time=2395708 Flip Time=2395725 Retrace Rate=16.646, prepareTime=17 flip request time 2395701
2399498.953	StudyPhase[4].LearningPhase_4.Word_4	LOADING RESOURCE SURFACE FROM DISK
2399501.337	StudyPhase[4].LearningPhase_4.Word_4	flip time is later than desired time. Desired Time=2399508 Flip Time=2399525 Retrace Rate=16.646, prepareTime=16 flip request time 2399501
2403299.029	StudyPhase[4].LearningPhase_4.Word_4	LOADING RESOURCE SURFACE FROM DISK
2403301.341	StudyPhase[4].LearningPhase_4.Word_4	flip time is later than desired time. Desired Time=2403308 Flip Time=2403325 Retrace Rate=16.646, prepareTime=16 flip request time 2403301
2407134.934	StudyPhase[4].LearningPhase_4.Word_4	LOADING RESOURCE SURFACE FROM DISK
2407137.326	StudyPhase[4].LearningPhase_4.Word_4	flip time is later than desired time. Desired Time=2407108 Flip Time=2407158 Retrace Rate=16.646, prepareTime=52 flip request time 2407137
2417790.45	StudyPhase[4].TestFeedback_4[1].Hint_4[1]	LOADING RESOURCE SURFACE FROM DISK
2417792.843	StudyPhase[4].TestFeedback_4[1].Hint_4[1]	flip time is later than desired time. Desired Time=2417758 Flip Time=2417808 Retrace Rate=16.646, prepareTime=58 flip request time 2417792
2419907.498	StudyPhase[4].TestFeedback_4[1].Feedback_4[1]	LOADING RESOURCE SURFACE FROM DISK
2421741.527	StudyPhase[4].TestFeedback_4[1].Hint_4[1]	LOADING RESOURCE SURFACE FROM DISK
2421743.872	StudyPhase[4].TestFeedback_4[1].Hint_4[1]	flip time is later than desired time. Desired Time=2421708 Flip Time=2421758 Retrace Rate=16.646, prepareTime=59 flip request time 2421743
2424774.241	StudyPhase[4].TestFeedback_4[1].Feedback_4[1]	LOADING RESOURCE SURFACE FROM DISK
2426600.489	StudyPhase[4].TestFeedback_4[1].Hint_4[1]	LOADING RESOURCE SURFACE FROM DISK
2426602.8	StudyPhase[4].TestFeedback_4[1].Hint_4[1]	flip time is later than desired time. Desired Time=2426575 Flip Time=2426625 Retrace Rate=16.646, prepareTime=51 flip request time 2426602
2429679.481	StudyPhase[4].TestFeedback_4[1].Feedback_4[1]	LOADING RESOURCE SURFACE FROM DISK
2431465.567	StudyPhase[4].TestFeedback_4[1].Hint_4[1]	LOADING RESOURCE SURFACE FROM DISK
2431467.956	StudyPhase[4].TestFeedback_4[1].Hint_4[1]	flip time is later than desired time. Desired Time=2431475 Flip Time=2431491 Retrace Rate=16.646, prepareTime=16 flip request time 2431467
2434507.369	StudyPhase[4].TestFeedback_4[1].FeedbackPB_4[1]	LOADING RESOURCE SURFACE FROM DISK
2436299.425	StudyPhase[4].TestFeedback_4[1].Hint_4[1]	LOADING RESOURCE SURFACE FROM DISK
2436301.763	StudyPhase[4].TestFeedback_4[1].Hint_4[1]	flip time is later than desired time. Desired Time=2436308 Flip Time=2436325 Retrace Rate=16.646, prepareTime=17 flip request time 2436301
2439274.702	StudyPhase[4].TestFeedback_4[1].Feedback_4[1]	LOADING RESOURCE SURFACE FROM DISK
2441066.2	StudyPhase[4].TestFeedback_4[1].Hint_4[1]	LOADING RESOURCE SURFACE FROM DISK
2441068.525	StudyPhase[4].TestFeedback_4[1].Hint_4[1]	flip time is later than desired time. Desired Time=2441075 Flip Time=2441091 Retrace Rate=16.646, prepareTime=16 flip request time 2441068
2443991.12	StudyPhase[4].TestFeedback_4[1].Feedback_4[1]	LOADING RESOURCE SURFACE FROM DISK
2445782.649	StudyPhase[4].TestFeedback_4[1].Hint_4[1]	LOADING RESOURCE SURFACE FROM DISK
2445784.986	StudyPhase[4].TestFeedback_4[1].Hint_4[1]	flip time is later than desired time. Desired Time=2445791 Flip Time=2445808 Retrace Rate=16.646, prepareTime=17 flip request time 2445784
2448557.746	StudyPhase[4].TestFeedback_4[1].Feedback_4[1]	LOADING RESOURCE SURFACE FROM DISK
2450349.012	StudyPhase[4].TestFeedback_4[1].Hint_4[1]	LOADING RESOURCE SURFACE FROM DISK
2450351.421	StudyPhase[4].TestFeedback_4[1].Hint_4[1]	flip time is later than desired time. Desired Time=2450358 Flip Time=2450375 Retrace Rate=16.646, prepareTime=17 flip request time 2450351
2453391.395	StudyPhase[4].TestFeedback_4[1].Feedback_4[1]	LOADING RESOURCE SURFACE FROM DISK
2455182.773	StudyPhase[4].TestFeedback_4[1].Hint_4[1]	LOADING RESOURCE SURFACE FROM DISK
2455185.345	StudyPhase[4].TestFeedback_4[1].Hint_4[1]	flip time is later than desired time. Desired Time=2455191 Flip Time=2455208 Retrace Rate=16.646, prepareTime=17 flip request time 2455185
2458225.172	StudyPhase[4].TestFeedback_4[1].Feedback_4[1]	LOADING RESOURCE SURFACE FROM DISK
2460015.945	StudyPhase[4].TestFeedback_4[1].Hint_4[1]	LOADING RESOURCE SURFACE FROM DISK
2460018.531	StudyPhase[4].TestFeedback_4[1].Hint_4[1]	flip time is later than desired time. Desired Time=2460025 Flip Time=2460041 Retrace Rate=16.646, prepareTime=17 flip request time 2460018
2461674.879	StudyPhase[4].TestFeedback_4[1].Feedback_4[1]	LOADING RESOURCE SURFACE FROM DISK
2463466.216	StudyPhase[4].TestFeedback_4[1].Hint_4[1]	LOADING RESOURCE SURFACE FROM DISK
2463468.654	StudyPhase[4].TestFeedback_4[1].Hint_4[1]	flip time is later than desired time. Desired Time=2463475 Flip Time=2463491 Retrace Rate=16.646, prepareTime=17 flip request time 2463468
2465724.999	StudyPhase[4].TestFeedback_4[1].FeedbackPB_4[1]	LOADING RESOURCE SURFACE FROM DISK
2467515.96	StudyPhase[4].TestFeedback_4[1].Hint_4[1]	LOADING RESOURCE SURFACE FROM DISK
2467518.437	StudyPhase[4].TestFeedback_4[1].Hint_4[1]	flip time is later than desired time. Desired Time=2467525 Flip Time=2467541 Retrace Rate=16.646, prepareTime=17 flip request time 2467518
2469474.758	StudyPhase[4].TestFeedback_4[1].Feedback_4[1]	LOADING RESOURCE SURFACE FROM DISK
2471265.991	StudyPhase[4].TestFeedback_4[1].Hint_4[1]	LOADING RESOURCE SURFACE FROM DISK
2471268.408	StudyPhase[4].TestFeedback_4[1].Hint_4[1]	flip time is later than desired time. Desired Time=2471275 Flip Time=2471291 Retrace Rate=16.646, prepareTime=17 flip request time 2471268
2474328.244	StudyPhase[4].TestFeedback_4[1].Feedback_4[1]	LOADING RESOURCE SURFACE FROM DISK
2476116.159	StudyPhase[4].TestFeedback_4[1].Hint_4[1]	LOADING RESOURCE SURFACE FROM DISK
2476118.566	StudyPhase[4].TestFeedback_4[1].Hint_4[1]	flip time is later than desired time. Desired Time=2476125 Flip Time=2476141 Retrace Rate=16.646, prepareTime=17 flip request time 2476118
2478179.166	StudyPhase[4].TestFeedback_4[1].FeedbackPB_4[1]	LOADING RESOURCE SURFACE FROM DISK
2479966.569	StudyPhase[4].TestFeedback_4[1].Hint_4[1]	LOADING RESOURCE SURFACE FROM DISK
2479968.973	StudyPhase[4].TestFeedback_4[1].Hint_4[1]	flip time is later than desired time. Desired Time=2479975 Flip Time=2479991 Retrace Rate=16.646, prepareTime=17 flip request time 2479968
2481691.739	StudyPhase[4].TestFeedback_4[1].FeedbackPB_4[1]	LOADING RESOURCE SURFACE FROM DISK
2483483.287	StudyPhase[4].TestFeedback_4[1].Hint_4[1]	LOADING RESOURCE SURFACE FROM DISK
2483485.853	StudyPhase[4].TestFeedback_4[1].Hint_4[1]	flip time is later than desired time. Desired Time=2483491 Flip Time=2483508 Retrace Rate=16.646, prepareTime=17 flip request time 2483485
2486525.158	StudyPhase[4].TestFeedback_4[1].Feedback_4[1]	LOADING RESOURCE SURFACE FROM DISK
2488316.295	StudyPhase[4].TestFeedback_4[1].Hint_4[1]	LOADING RESOURCE SURFACE FROM DISK
2488318.818	StudyPhase[4].TestFeedback_4[1].Hint_4[1]	flip time is later than desired time. Desired Time=2488325 Flip Time=2488341 Retrace Rate=16.646, prepareTime=17 flip request time 2488318
2491641.991	StudyPhase[4].TestFeedback_4[1].Feedback_4[1]	LOADING RESOURCE SURFACE FROM DISK
2493433.407	StudyPhase[4].TestFeedback_4[1].Hint_4[1]	LOADING RESOURCE SURFACE FROM DISK
2493435.968	StudyPhase[4].TestFeedback_4[1].Hint_4[1]	flip time is later than desired time. Desired Time=2493441 Flip Time=2493458 Retrace Rate=16.646, prepareTime=17 flip request time 2493435
2496475.273	StudyPhase[4].TestFeedback_4[1].Feedback_4[1]	LOADING RESOURCE SURFACE FROM DISK
2498266.676	StudyPhase[4].TestFeedback_4[1].Hint_4[1]	LOADING RESOURCE SURFACE FROM DISK
2498269.276	StudyPhase[4].TestFeedback_4[1].Hint_4[1]	flip time is later than desired time. Desired Time=2498275 Flip Time=2498291 Retrace Rate=16.646, prepareTime=18 flip request time 2498269
2501308.329	StudyPhase[4].TestFeedback_4[1].Feedback_4[1]	LOADING RESOURCE SURFACE FROM DISK
2503102.73	StudyPhase[4].TestFeedback_4[1].Hint_4[1]	LOADING RESOURCE SURFACE FROM DISK
2503105.5	StudyPhase[4].TestFeedback_4[1].Hint_4[1]	flip time is later than desired time. Desired Time=2503108 Flip Time=2503125 Retrace Rate=16.646, prepareTime=20 flip request time 2503105
2506185.727	StudyPhase[4].TestFeedback_4[1].Feedback_4[1]	LOADING RESOURCE SURFACE FROM DISK
2507983.338	StudyPhase[4].TestFeedback_4[1].Hint_4[1]	LOADING RESOURCE SURFACE FROM DISK
2507985.973	StudyPhase[4].TestFeedback_4[1].Hint_4[1]	flip time is later than desired time. Desired Time=2507991 Flip Time=2508008 Retrace Rate=16.646, prepareTime=18 flip request time 2507985
2509443.52	StudyPhase[4].TestFeedback_4[1].FeedbackPB_4[1]	LOADING RESOURCE SURFACE FROM DISK
2511233.467	StudyPhase[4].TestFeedback_4[1].Hint_4[1]	LOADING RESOURCE SURFACE FROM DISK
2511236.007	StudyPhase[4].TestFeedback_4[1].Hint_4[1]	flip time is later than desired time. Desired Time=2511241 Flip Time=2511258 Retrace Rate=16.646, prepareTime=18 flip request time 2511235
2514333.206	StudyPhase[4].TestFeedback_4[1].Feedback_4[1]	LOADING RESOURCE SURFACE FROM DISK
2516166.607	StudyPhase[4].TestFeedback_4[1].Hint_4[1]	LOADING RESOURCE SURFACE FROM DISK
2516169.132	StudyPhase[4].TestFeedback_4[1].Hint_4[1]	flip time is later than desired time. Desired Time=2516141 Flip Time=2516191 Retrace Rate=16.646, prepareTime=51 flip request time 2516168
2518569.167	StudyPhase[4].TestFeedback_4[1].Feedback_4[1]	LOADING RESOURCE SURFACE FROM DISK
