5148.377	areyouready	LOADING RESOURCE SURFACE FROM DISK
2395567.25	StudyPhase[1].LearningPhase_1.Word_1	LOADING RESOURCE SURFACE FROM DISK
2395568.758	StudyPhase[1].LearningPhase_1.Word_1	flip time is later than desired time. Desired Time=2395551 Flip Time=2395584 Retrace Rate=16.641, prepareTime=41 flip request time 2395568
2399389.6	StudyPhase[1].LearningPhase_1.Word_1	LOADING RESOURCE SURFACE FROM DISK
2399391.203	StudyPhase[1].LearningPhase_1.Word_1	flip time is later than desired time. Desired Time=2399368 Flip Time=2399401 Retrace Rate=16.641, prepareTime=47 flip request time 2399391
2403171.719	StudyPhase[1].LearningPhase_1.Word_1	LOADING RESOURCE SURFACE FROM DISK
2406997.11	StudyPhase[1].LearningPhase_1.Word_1	LOADING RESOURCE SURFACE FROM DISK
2406998.653	StudyPhase[1].LearningPhase_1.Word_1	flip time is later than desired time. Desired Time=2406967 Flip Time=2407017 Retrace Rate=16.641, prepareTime=54 flip request time 2406998
2410823.257	StudyPhase[1].LearningPhase_1.Word_1	LOADING RESOURCE SURFACE FROM DISK
2410824.803	StudyPhase[1].LearningPhase_1.Word_1	flip time is later than desired time. Desired Time=2410801 Flip Time=2410834 Retrace Rate=16.641, prepareTime=47 flip request time 2410824
2414604.927	StudyPhase[1].LearningPhase_1.Word_1	LOADING RESOURCE SURFACE FROM DISK
2418388.084	StudyPhase[1].LearningPhase_1.Word_1	LOADING RESOURCE SURFACE FROM DISK
2422171.675	StudyPhase[1].LearningPhase_1.Word_1	LOADING RESOURCE SURFACE FROM DISK
2426008.01	StudyPhase[1].LearningPhase_1.Word_1	LOADING RESOURCE SURFACE FROM DISK
2426009.44	StudyPhase[1].LearningPhase_1.Word_1	flip time is later than desired time. Desired Time=2425967 Flip Time=2426017 Retrace Rate=16.641, prepareTime=65 flip request time 2426009
2429822.241	StudyPhase[1].LearningPhase_1.Word_1	LOADING RESOURCE SURFACE FROM DISK
2429823.728	StudyPhase[1].LearningPhase_1.Word_1	flip time is later than desired time. Desired Time=2429801 Flip Time=2429834 Retrace Rate=16.641, prepareTime=46 flip request time 2429823
2433640.097	StudyPhase[1].LearningPhase_1.Word_1	LOADING RESOURCE SURFACE FROM DISK
2433641.654	StudyPhase[1].LearningPhase_1.Word_1	flip time is later than desired time. Desired Time=2433618 Flip Time=2433651 Retrace Rate=16.641, prepareTime=47 flip request time 2433641
2437421.656	StudyPhase[1].LearningPhase_1.Word_1	LOADING RESOURCE SURFACE FROM DISK
2441204.635	StudyPhase[1].LearningPhase_1.Word_1	LOADING RESOURCE SURFACE FROM DISK
2444988.431	StudyPhase[1].LearningPhase_1.Word_1	LOADING RESOURCE SURFACE FROM DISK
2449052.275	StudyPhase[1].LearningPhase_1.Word_1	LOADING RESOURCE SURFACE FROM DISK
2449053.802	StudyPhase[1].LearningPhase_1.Word_1	flip time is later than desired time. Desired Time=2448784 Flip Time=2449067 Retrace Rate=16.641, prepareTime=293 flip request time 2449053
2452838.246	StudyPhase[1].LearningPhase_1.Word_1	LOADING RESOURCE SURFACE FROM DISK
2456644.0	StudyPhase[1].LearningPhase_1.Word_1	LOADING RESOURCE SURFACE FROM DISK
2456645.536	StudyPhase[1].LearningPhase_1.Word_1	flip time is later than desired time. Desired Time=2456634 Flip Time=2456667 Retrace Rate=16.641, prepareTime=34 flip request time 2456645
2460476.77	StudyPhase[1].LearningPhase_1.Word_1	LOADING RESOURCE SURFACE FROM DISK
2460478.325	StudyPhase[1].LearningPhase_1.Word_1	flip time is later than desired time. Desired Time=2460451 Flip Time=2460501 Retrace Rate=16.641, prepareTime=51 flip request time 2460478
2464271.266	StudyPhase[1].LearningPhase_1.Word_1	LOADING RESOURCE SURFACE FROM DISK
2468095.1	StudyPhase[1].LearningPhase_1.Word_1	LOADING RESOURCE SURFACE FROM DISK
2468096.626	StudyPhase[1].LearningPhase_1.Word_1	flip time is later than desired time. Desired Time=2468068 Flip Time=2468118 Retrace Rate=16.641, prepareTime=52 flip request time 2468096
2471888.291	StudyPhase[1].LearningPhase_1.Word_1	LOADING RESOURCE SURFACE FROM DISK
2475710.3	StudyPhase[1].LearningPhase_1.Word_1	LOADING RESOURCE SURFACE FROM DISK
2475711.874	StudyPhase[1].LearningPhase_1.Word_1	flip time is later than desired time. Desired Time=2475684 Flip Time=2475734 Retrace Rate=16.641, prepareTime=51 flip request time 2475711
2479539.777	StudyPhase[1].LearningPhase_1.Word_1	LOADING RESOURCE SURFACE FROM DISK
2479541.38	StudyPhase[1].LearningPhase_1.Word_1	flip time is later than desired time. Desired Time=2479517 Flip Time=2479551 Retrace Rate=16.641, prepareTime=47 flip request time 2479541
2607644.259	StudyPhase[1].TestFeedback_1[1].Hint_1[1]	LOADING RESOURCE SURFACE FROM DISK
2607645.942	StudyPhase[1].TestFeedback_1[1].Hint_1[1]	flip time is later than desired time. Desired Time=2607384 Flip Time=2607667 Retrace Rate=16.641, prepareTime=285 flip request time 2607645
2610720.177	StudyPhase[1].TestFeedback_1[1].Feedback_1[1]	LOADING RESOURCE SURFACE FROM DISK
2612547.823	StudyPhase[1].TestFeedback_1[1].Hint_1[1]	LOADING RESOURCE SURFACE FROM DISK
2612549.434	StudyPhase[1].TestFeedback_1[1].Hint_1[1]	flip time is later than desired time. Desired Time=2612518 Flip Time=2612568 Retrace Rate=16.641, prepareTime=55 flip request time 2612549
2615571.827	StudyPhase[1].TestFeedback_1[1].Feedback_1[1]	LOADING RESOURCE SURFACE FROM DISK
2617354.907	StudyPhase[1].TestFeedback_1[1].Hint_1[1]	LOADING RESOURCE SURFACE FROM DISK
2619096.751	StudyPhase[1].TestFeedback_1[1].Feedback_1[1]	LOADING RESOURCE SURFACE FROM DISK
2620888.345	StudyPhase[1].TestFeedback_1[1].Hint_1[1]	LOADING RESOURCE SURFACE FROM DISK
2622713.595	StudyPhase[1].TestFeedback_1[1].FeedbackPB_1[1]	LOADING RESOURCE SURFACE FROM DISK
2624504.92	StudyPhase[1].TestFeedback_1[1].Hint_1[1]	LOADING RESOURCE SURFACE FROM DISK
2627230.016	StudyPhase[1].TestFeedback_1[1].Feedback_1[1]	LOADING RESOURCE SURFACE FROM DISK
2629021.585	StudyPhase[1].TestFeedback_1[1].Hint_1[1]	LOADING RESOURCE SURFACE FROM DISK
2630446.763	StudyPhase[1].TestFeedback_1[1].FeedbackPB_1[1]	LOADING RESOURCE SURFACE FROM DISK
2632238.447	StudyPhase[1].TestFeedback_1[1].Hint_1[1]	LOADING RESOURCE SURFACE FROM DISK
2634313.571	StudyPhase[1].TestFeedback_1[1].Feedback_1[1]	LOADING RESOURCE SURFACE FROM DISK
2636105.05	StudyPhase[1].TestFeedback_1[1].Hint_1[1]	LOADING RESOURCE SURFACE FROM DISK
2638446.882	StudyPhase[1].TestFeedback_1[1].Feedback_1[1]	LOADING RESOURCE SURFACE FROM DISK
2640238.542	StudyPhase[1].TestFeedback_1[1].Hint_1[1]	LOADING RESOURCE SURFACE FROM DISK
2643263.476	StudyPhase[1].TestFeedback_1[1].Feedback_1[1]	LOADING RESOURCE SURFACE FROM DISK
2645054.854	StudyPhase[1].TestFeedback_1[1].Hint_1[1]	LOADING RESOURCE SURFACE FROM DISK
2648355.474	StudyPhase[1].TestFeedback_1[1].Feedback_1[1]	LOADING RESOURCE SURFACE FROM DISK
2650138.484	StudyPhase[1].TestFeedback_1[1].Hint_1[1]	LOADING RESOURCE SURFACE FROM DISK
2653163.542	StudyPhase[1].TestFeedback_1[1].Feedback_1[1]	LOADING RESOURCE SURFACE FROM DISK
2654955.104	StudyPhase[1].TestFeedback_1[1].Hint_1[1]	LOADING RESOURCE SURFACE FROM DISK
2657980.462	StudyPhase[1].TestFeedback_1[1].FeedbackPB_1[1]	LOADING RESOURCE SURFACE FROM DISK
2659772.146	StudyPhase[1].TestFeedback_1[1].Hint_1[1]	LOADING RESOURCE SURFACE FROM DISK
2662796.829	StudyPhase[1].TestFeedback_1[1].Feedback_1[1]	LOADING RESOURCE SURFACE FROM DISK
2664588.503	StudyPhase[1].TestFeedback_1[1].Hint_1[1]	LOADING RESOURCE SURFACE FROM DISK
2667613.754	StudyPhase[1].TestFeedback_1[1].Feedback_1[1]	LOADING RESOURCE SURFACE FROM DISK
2669405.159	StudyPhase[1].TestFeedback_1[1].Hint_1[1]	LOADING RESOURCE SURFACE FROM DISK
2671530.033	StudyPhase[1].TestFeedback_1[1].Feedback_1[1]	LOADING RESOURCE SURFACE FROM DISK
2673321.905	StudyPhase[1].TestFeedback_1[1].Hint_1[1]	LOADING RESOURCE SURFACE FROM DISK
2676391.547	StudyPhase[1].TestFeedback_1[1].Feedback_1[1]	LOADING RESOURCE SURFACE FROM DISK
2678188.505	StudyPhase[1].TestFeedback_1[1].Hint_1[1]	LOADING RESOURCE SURFACE FROM DISK
2681213.777	StudyPhase[1].TestFeedback_1[1].Feedback_1[1]	LOADING RESOURCE SURFACE FROM DISK
2683045.825	StudyPhase[1].TestFeedback_1[1].Hint_1[1]	LOADING RESOURCE SURFACE FROM DISK
2683047.562	StudyPhase[1].TestFeedback_1[1].Hint_1[1]	flip time is later than desired time. Desired Time=2683017 Flip Time=2683067 Retrace Rate=16.641, prepareTime=53 flip request time 2683047
2686080.14	StudyPhase[1].TestFeedback_1[1].FeedbackPB_1[1]	LOADING RESOURCE SURFACE FROM DISK
2687871.741	StudyPhase[1].TestFeedback_1[1].Hint_1[1]	LOADING RESOURCE SURFACE FROM DISK
2690897.109	StudyPhase[1].TestFeedback_1[1].FeedbackPB_1[1]	LOADING RESOURCE SURFACE FROM DISK
2692688.62	StudyPhase[1].TestFeedback_1[1].Hint_1[1]	LOADING RESOURCE SURFACE FROM DISK
2695721.479	StudyPhase[1].TestFeedback_1[1].Feedback_1[1]	LOADING RESOURCE SURFACE FROM DISK
2697542.675	StudyPhase[1].TestFeedback_1[1].Hint_1[1]	LOADING RESOURCE SURFACE FROM DISK
2697544.481	StudyPhase[1].TestFeedback_1[1].Hint_1[1]	flip time is later than desired time. Desired Time=2697518 Flip Time=2697568 Retrace Rate=16.641, prepareTime=50 flip request time 2697544
2700621.834	StudyPhase[1].TestFeedback_1[1].Feedback_1[1]	LOADING RESOURCE SURFACE FROM DISK
2702405.399	StudyPhase[1].TestFeedback_1[1].Hint_1[1]	LOADING RESOURCE SURFACE FROM DISK
2704523.73	StudyPhase[1].TestFeedback_1[1].FeedbackPB_1[1]	LOADING RESOURCE SURFACE FROM DISK
2706305.436	StudyPhase[1].TestFeedback_1[1].Hint_1[1]	LOADING RESOURCE SURFACE FROM DISK
2709330.763	StudyPhase[1].TestFeedback_1[1].Feedback_1[1]	LOADING RESOURCE SURFACE FROM DISK
2710423.45	StudyPhase[1].Failed_Criterion_1[1]	LOADING RESOURCE SURFACE FROM DISK
2710435.43	StudyPhase[1].Failed_Criterion_1[1]	LOADING RESOURCE SURFACE FROM DISK
2710447.56	StudyPhase[1].Failed_Criterion_1[1]	LOADING RESOURCE SURFACE FROM DISK
2817941.201	StudyPhase[1].Reached_Criterion_1[2]	LOADING RESOURCE SURFACE FROM DISK
2817955.259	StudyPhase[1].Reached_Criterion_1[2]	LOADING RESOURCE SURFACE FROM DISK
2817967.264	StudyPhase[1].Reached_Criterion_1[2]	LOADING RESOURCE SURFACE FROM DISK
2817979.428	StudyPhase[1].Reached_Criterion_1[2]	LOADING RESOURCE SURFACE FROM DISK
2843773.329	StudyPhase[2].LearningPhase_2.Word_2	LOADING RESOURCE SURFACE FROM DISK
2843775.095	StudyPhase[2].LearningPhase_2.Word_2	flip time is later than desired time. Desired Time=2843501 Flip Time=2843784 Retrace Rate=16.641, prepareTime=297 flip request time 2843774
2847596.72	StudyPhase[2].LearningPhase_2.Word_2	LOADING RESOURCE SURFACE FROM DISK
2847598.465	StudyPhase[2].LearningPhase_2.Word_2	flip time is later than desired time. Desired Time=2847568 Flip Time=2847618 Retrace Rate=16.641, prepareTime=54 flip request time 2847598
2851428.255	StudyPhase[2].LearningPhase_2.Word_2	LOADING RESOURCE SURFACE FROM DISK
2851429.995	StudyPhase[2].LearningPhase_2.Word_2	flip time is later than desired time. Desired Time=2851401 Flip Time=2851451 Retrace Rate=16.641, prepareTime=52 flip request time 2851429
2855264.779	StudyPhase[2].LearningPhase_2.Word_2	LOADING RESOURCE SURFACE FROM DISK
2855266.539	StudyPhase[2].LearningPhase_2.Word_2	flip time is later than desired time. Desired Time=2855234 Flip Time=2855284 Retrace Rate=16.641, prepareTime=56 flip request time 2855266
2859055.945	StudyPhase[2].LearningPhase_2.Word_2	LOADING RESOURCE SURFACE FROM DISK
2862839.274	StudyPhase[2].LearningPhase_2.Word_2	LOADING RESOURCE SURFACE FROM DISK
2866622.523	StudyPhase[2].LearningPhase_2.Word_2	LOADING RESOURCE SURFACE FROM DISK
2870416.744	StudyPhase[2].LearningPhase_2.Word_2	LOADING RESOURCE SURFACE FROM DISK
2870418.551	StudyPhase[2].LearningPhase_2.Word_2	flip time is later than desired time. Desired Time=2870418 Flip Time=2870434 Retrace Rate=16.641, prepareTime=24 flip request time 2870418
2874249.23	StudyPhase[2].LearningPhase_2.Word_2	LOADING RESOURCE SURFACE FROM DISK
2874250.983	StudyPhase[2].LearningPhase_2.Word_2	flip time is later than desired time. Desired Time=2874217 Flip Time=2874267 Retrace Rate=16.641, prepareTime=56 flip request time 2874250
2878073.819	StudyPhase[2].LearningPhase_2.Word_2	LOADING RESOURCE SURFACE FROM DISK
2878075.488	StudyPhase[2].LearningPhase_2.Word_2	flip time is later than desired time. Desired Time=2878051 Flip Time=2878084 Retrace Rate=16.641, prepareTime=48 flip request time 2878075
2881893.54	StudyPhase[2].LearningPhase_2.Word_2	LOADING RESOURCE SURFACE FROM DISK
2881895.303	StudyPhase[2].LearningPhase_2.Word_2	flip time is later than desired time. Desired Time=2881868 Flip Time=2881917 Retrace Rate=16.641, prepareTime=51 flip request time 2881895
2885729.9	StudyPhase[2].LearningPhase_2.Word_2	LOADING RESOURCE SURFACE FROM DISK
2885731.701	StudyPhase[2].LearningPhase_2.Word_2	flip time is later than desired time. Desired Time=2885701 Flip Time=2885751 Retrace Rate=16.641, prepareTime=54 flip request time 2885731
2889522.828	StudyPhase[2].LearningPhase_2.Word_2	LOADING RESOURCE SURFACE FROM DISK
2893305.681	StudyPhase[2].LearningPhase_2.Word_2	LOADING RESOURCE SURFACE FROM DISK
2897089.27	StudyPhase[2].LearningPhase_2.Word_2	LOADING RESOURCE SURFACE FROM DISK
2900872.708	StudyPhase[2].LearningPhase_2.Word_2	LOADING RESOURCE SURFACE FROM DISK
2904937.041	StudyPhase[2].LearningPhase_2.Word_2	LOADING RESOURCE SURFACE FROM DISK
2904938.798	StudyPhase[2].LearningPhase_2.Word_2	flip time is later than desired time. Desired Time=2904667 Flip Time=2904951 Retrace Rate=16.641, prepareTime=294 flip request time 2904938
2908759.315	StudyPhase[2].LearningPhase_2.Word_2	LOADING RESOURCE SURFACE FROM DISK
2908761.165	StudyPhase[2].LearningPhase_2.Word_2	flip time is later than desired time. Desired Time=2908734 Flip Time=2908784 Retrace Rate=16.641, prepareTime=50 flip request time 2908761
2912592.563	StudyPhase[2].LearningPhase_2.Word_2	LOADING RESOURCE SURFACE FROM DISK
2912594.488	StudyPhase[2].LearningPhase_2.Word_2	flip time is later than desired time. Desired Time=2912567 Flip Time=2912617 Retrace Rate=16.641, prepareTime=50 flip request time 2912594
2916389.227	StudyPhase[2].LearningPhase_2.Word_2	LOADING RESOURCE SURFACE FROM DISK
2920172.561	StudyPhase[2].LearningPhase_2.Word_2	LOADING RESOURCE SURFACE FROM DISK
2924237.12	StudyPhase[2].LearningPhase_2.Word_2	LOADING RESOURCE SURFACE FROM DISK
2924238.865	StudyPhase[2].LearningPhase_2.Word_2	flip time is later than desired time. Desired Time=2923967 Flip Time=2924251 Retrace Rate=16.641, prepareTime=295 flip request time 2924238
2928063.22	StudyPhase[2].LearningPhase_2.Word_2	LOADING RESOURCE SURFACE FROM DISK
2928065.021	StudyPhase[2].LearningPhase_2.Word_2	flip time is later than desired time. Desired Time=2928034 Flip Time=2928084 Retrace Rate=16.641, prepareTime=54 flip request time 2928064
2941116.257	StudyPhase[2].TestFeedback_2[1].Hint_2[1]	LOADING RESOURCE SURFACE FROM DISK
2941118.173	StudyPhase[2].TestFeedback_2[1].Hint_2[1]	flip time is later than desired time. Desired Time=2941084 Flip Time=2941134 Retrace Rate=16.641, prepareTime=57 flip request time 2941118
2944183.359	StudyPhase[2].TestFeedback_2[1].Feedback_2[1]	LOADING RESOURCE SURFACE FROM DISK
2945972.492	StudyPhase[2].TestFeedback_2[1].Hint_2[1]	LOADING RESOURCE SURFACE FROM DISK
2947521.474	StudyPhase[2].TestFeedback_2[1].Feedback_2[1]	LOADING RESOURCE SURFACE FROM DISK
2949340.596	StudyPhase[2].TestFeedback_2[1].Hint_2[1]	LOADING RESOURCE SURFACE FROM DISK
2949342.421	StudyPhase[2].TestFeedback_2[1].Hint_2[1]	flip time is later than desired time. Desired Time=2949318 Flip Time=2949351 Retrace Rate=16.641, prepareTime=48 flip request time 2949342
2952364.376	StudyPhase[2].TestFeedback_2[1].Feedback_2[1]	LOADING RESOURCE SURFACE FROM DISK
2954155.684	StudyPhase[2].TestFeedback_2[1].Hint_2[1]	LOADING RESOURCE SURFACE FROM DISK
2957181.2	StudyPhase[2].TestFeedback_2[1].Feedback_2[1]	LOADING RESOURCE SURFACE FROM DISK
2958972.781	StudyPhase[2].TestFeedback_2[1].Hint_2[1]	LOADING RESOURCE SURFACE FROM DISK
2960581.147	StudyPhase[2].TestFeedback_2[1].FeedbackPB_2[1]	LOADING RESOURCE SURFACE FROM DISK
2962372.769	StudyPhase[2].TestFeedback_2[1].Hint_2[1]	LOADING RESOURCE SURFACE FROM DISK
2965399.73	StudyPhase[2].TestFeedback_2[1].Feedback_2[1]	LOADING RESOURCE SURFACE FROM DISK
2967228.797	StudyPhase[2].TestFeedback_2[1].Hint_2[1]	LOADING RESOURCE SURFACE FROM DISK
2967230.682	StudyPhase[2].TestFeedback_2[1].Hint_2[1]	flip time is later than desired time. Desired Time=2967201 Flip Time=2967251 Retrace Rate=16.641, prepareTime=53 flip request time 2967230
2970264.302	StudyPhase[2].TestFeedback_2[1].Feedback_2[1]	LOADING RESOURCE SURFACE FROM DISK
2972055.896	StudyPhase[2].TestFeedback_2[1].Hint_2[1]	LOADING RESOURCE SURFACE FROM DISK
2974297.971	StudyPhase[2].TestFeedback_2[1].Feedback_2[1]	LOADING RESOURCE SURFACE FROM DISK
2976089.462	StudyPhase[2].TestFeedback_2[1].Hint_2[1]	LOADING RESOURCE SURFACE FROM DISK
2979114.647	StudyPhase[2].TestFeedback_2[1].Feedback_2[1]	LOADING RESOURCE SURFACE FROM DISK
2981181.218	StudyPhase[2].TestFeedback_2[1].Hint_2[1]	LOADING RESOURCE SURFACE FROM DISK
2981183.016	StudyPhase[2].TestFeedback_2[1].Hint_2[1]	flip time is later than desired time. Desired Time=2980917 Flip Time=2981201 Retrace Rate=16.641, prepareTime=289 flip request time 2981182
2984214.629	StudyPhase[2].TestFeedback_2[1].Feedback_2[1]	LOADING RESOURCE SURFACE FROM DISK
2986006.281	StudyPhase[2].TestFeedback_2[1].Hint_2[1]	LOADING RESOURCE SURFACE FROM DISK
2989031.404	StudyPhase[2].TestFeedback_2[1].Feedback_2[1]	LOADING RESOURCE SURFACE FROM DISK
2990823.253	StudyPhase[2].TestFeedback_2[1].Hint_2[1]	LOADING RESOURCE SURFACE FROM DISK
2993847.965	StudyPhase[2].TestFeedback_2[1].Feedback_2[1]	LOADING RESOURCE SURFACE FROM DISK
2995639.624	StudyPhase[2].TestFeedback_2[1].Hint_2[1]	LOADING RESOURCE SURFACE FROM DISK
2997140.067	StudyPhase[2].TestFeedback_2[1].FeedbackPB_2[1]	LOADING RESOURCE SURFACE FROM DISK
2998922.807	StudyPhase[2].TestFeedback_2[1].Hint_2[1]	LOADING RESOURCE SURFACE FROM DISK
3001948.41	StudyPhase[2].TestFeedback_2[1].FeedbackPB_2[1]	LOADING RESOURCE SURFACE FROM DISK
3003782.314	StudyPhase[2].TestFeedback_2[1].Hint_2[1]	LOADING RESOURCE SURFACE FROM DISK
3003784.286	StudyPhase[2].TestFeedback_2[1].Hint_2[1]	flip time is later than desired time. Desired Time=3003751 Flip Time=3003801 Retrace Rate=16.641, prepareTime=56 flip request time 3003784
3006848.027	StudyPhase[2].TestFeedback_2[1].Feedback_2[1]	LOADING RESOURCE SURFACE FROM DISK
3008639.376	StudyPhase[2].TestFeedback_2[1].Hint_2[1]	LOADING RESOURCE SURFACE FROM DISK
3011664.865	StudyPhase[2].TestFeedback_2[1].FeedbackPB_2[1]	LOADING RESOURCE SURFACE FROM DISK
3013456.196	StudyPhase[2].TestFeedback_2[1].Hint_2[1]	LOADING RESOURCE SURFACE FROM DISK
3016291.463	StudyPhase[2].TestFeedback_2[1].Feedback_2[1]	LOADING RESOURCE SURFACE FROM DISK
3018089.662	StudyPhase[2].TestFeedback_2[1].Hint_2[1]	LOADING RESOURCE SURFACE FROM DISK
3021115.056	StudyPhase[2].TestFeedback_2[1].Feedback_2[1]	LOADING RESOURCE SURFACE FROM DISK
3022906.495	StudyPhase[2].TestFeedback_2[1].Hint_2[1]	LOADING RESOURCE SURFACE FROM DISK
3025931.642	StudyPhase[2].TestFeedback_2[1].Feedback_2[1]	LOADING RESOURCE SURFACE FROM DISK
3027723.169	StudyPhase[2].TestFeedback_2[1].Hint_2[1]	LOADING RESOURCE SURFACE FROM DISK
3029664.947	StudyPhase[2].TestFeedback_2[1].Feedback_2[1]	LOADING RESOURCE SURFACE FROM DISK
3031456.433	StudyPhase[2].TestFeedback_2[1].Hint_2[1]	LOADING RESOURCE SURFACE FROM DISK
3033333.688	StudyPhase[2].TestFeedback_2[1].FeedbackPB_2[1]	LOADING RESOURCE SURFACE FROM DISK
3035138.437	StudyPhase[2].TestFeedback_2[1].Hint_2[1]	LOADING RESOURCE SURFACE FROM DISK
3035140.318	StudyPhase[2].TestFeedback_2[1].Hint_2[1]	flip time is later than desired time. Desired Time=3035134 Flip Time=3035151 Retrace Rate=16.641, prepareTime=29 flip request time 3035140
3038201.982	StudyPhase[2].TestFeedback_2[1].Feedback_2[1]	LOADING RESOURCE SURFACE FROM DISK
3040023.401	StudyPhase[2].TestFeedback_2[1].Hint_2[1]	LOADING RESOURCE SURFACE FROM DISK
3040025.357	StudyPhase[2].TestFeedback_2[1].Hint_2[1]	flip time is later than desired time. Desired Time=3040001 Flip Time=3040034 Retrace Rate=16.641, prepareTime=47 flip request time 3040025
3043048.762	StudyPhase[2].TestFeedback_2[1].Feedback_2[1]	LOADING RESOURCE SURFACE FROM DISK
3159083.801	StudyPhase[3].LearningPhase_3.Word_3	LOADING RESOURCE SURFACE FROM DISK
3159085.778	StudyPhase[3].LearningPhase_3.Word_3	flip time is later than desired time. Desired Time=3158817 Flip Time=3159101 Retrace Rate=16.641, prepareTime=291 flip request time 3159085
3162873.563	StudyPhase[3].LearningPhase_3.Word_3	LOADING RESOURCE SURFACE FROM DISK
3166656.701	StudyPhase[3].LearningPhase_3.Word_3	LOADING RESOURCE SURFACE FROM DISK
3170721.201	StudyPhase[3].LearningPhase_3.Word_3	LOADING RESOURCE SURFACE FROM DISK
3170723.166	StudyPhase[3].LearningPhase_3.Word_3	flip time is later than desired time. Desired Time=3170451 Flip Time=3170734 Retrace Rate=16.641, prepareTime=295 flip request time 3170723
3174522.531	StudyPhase[3].LearningPhase_3.Word_3	LOADING RESOURCE SURFACE FROM DISK
3174524.576	StudyPhase[3].LearningPhase_3.Word_3	flip time is later than desired time. Desired Time=3174518 Flip Time=3174534 Retrace Rate=16.641, prepareTime=30 flip request time 3174524
3178341.88	StudyPhase[3].LearningPhase_3.Word_3	LOADING RESOURCE SURFACE FROM DISK
3178344.101	StudyPhase[3].LearningPhase_3.Word_3	flip time is later than desired time. Desired Time=3178318 Flip Time=3178368 Retrace Rate=16.641, prepareTime=50 flip request time 3178343
3182177.682	StudyPhase[3].LearningPhase_3.Word_3	LOADING RESOURCE SURFACE FROM DISK
3182179.714	StudyPhase[3].LearningPhase_3.Word_3	flip time is later than desired time. Desired Time=3182151 Flip Time=3182201 Retrace Rate=16.641, prepareTime=52 flip request time 3182179
3185973.598	StudyPhase[3].LearningPhase_3.Word_3	LOADING RESOURCE SURFACE FROM DISK
3189799.185	StudyPhase[3].LearningPhase_3.Word_3	LOADING RESOURCE SURFACE FROM DISK
3189801.153	StudyPhase[3].LearningPhase_3.Word_3	flip time is later than desired time. Desired Time=3189768 Flip Time=3189818 Retrace Rate=16.641, prepareTime=57 flip request time 3189801
3193590.193	StudyPhase[3].LearningPhase_3.Word_3	LOADING RESOURCE SURFACE FROM DISK
3197373.649	StudyPhase[3].LearningPhase_3.Word_3	LOADING RESOURCE SURFACE FROM DISK
3201156.752	StudyPhase[3].LearningPhase_3.Word_3	LOADING RESOURCE SURFACE FROM DISK
3204940.067	StudyPhase[3].LearningPhase_3.Word_3	LOADING RESOURCE SURFACE FROM DISK
3208760.414	StudyPhase[3].LearningPhase_3.Word_3	LOADING RESOURCE SURFACE FROM DISK
3208762.392	StudyPhase[3].LearningPhase_3.Word_3	flip time is later than desired time. Desired Time=3208734 Flip Time=3208784 Retrace Rate=16.641, prepareTime=51 flip request time 3208762
3212599.035	StudyPhase[3].LearningPhase_3.Word_3	LOADING RESOURCE SURFACE FROM DISK
3212601.025	StudyPhase[3].LearningPhase_3.Word_3	flip time is later than desired time. Desired Time=3212568 Flip Time=3212617 Retrace Rate=16.641, prepareTime=57 flip request time 3212600
3216390.18	StudyPhase[3].LearningPhase_3.Word_3	LOADING RESOURCE SURFACE FROM DISK
3220206.536	StudyPhase[3].LearningPhase_3.Word_3	LOADING RESOURCE SURFACE FROM DISK
3220208.551	StudyPhase[3].LearningPhase_3.Word_3	flip time is later than desired time. Desired Time=3220184 Flip Time=3220217 Retrace Rate=16.641, prepareTime=47 flip request time 3220208
3223990.674	StudyPhase[3].LearningPhase_3.Word_3	LOADING RESOURCE SURFACE FROM DISK
3227773.724	StudyPhase[3].LearningPhase_3.Word_3	LOADING RESOURCE SURFACE FROM DISK
3231556.771	StudyPhase[3].LearningPhase_3.Word_3	LOADING RESOURCE SURFACE FROM DISK
3235340.387	StudyPhase[3].LearningPhase_3.Word_3	LOADING RESOURCE SURFACE FROM DISK
3239163.37	StudyPhase[3].LearningPhase_3.Word_3	LOADING RESOURCE SURFACE FROM DISK
3239165.439	StudyPhase[3].LearningPhase_3.Word_3	flip time is later than desired time. Desired Time=3239134 Flip Time=3239184 Retrace Rate=16.641, prepareTime=54 flip request time 3239165
3242956.993	StudyPhase[3].LearningPhase_3.Word_3	LOADING RESOURCE SURFACE FROM DISK
3254739.94	StudyPhase[3].TestFeedback_3[1].Hint_3[1]	LOADING RESOURCE SURFACE FROM DISK
3254742.053	StudyPhase[3].TestFeedback_3[1].Hint_3[1]	flip time is later than desired time. Desired Time=3254467 Flip Time=3254751 Retrace Rate=16.641, prepareTime=298 flip request time 3254741
3256440.937	StudyPhase[3].TestFeedback_3[1].Feedback_3[1]	LOADING RESOURCE SURFACE FROM DISK
3258223.745	StudyPhase[3].TestFeedback_3[1].Hint_3[1]	LOADING RESOURCE SURFACE FROM DISK
3259357.024	StudyPhase[3].TestFeedback_3[1].FeedbackPB_3[1]	LOADING RESOURCE SURFACE FROM DISK
3261140.427	StudyPhase[3].TestFeedback_3[1].Hint_3[1]	LOADING RESOURCE SURFACE FROM DISK
3264165.55	StudyPhase[3].TestFeedback_3[1].Feedback_3[1]	LOADING RESOURCE SURFACE FROM DISK
3265957.305	StudyPhase[3].TestFeedback_3[1].Hint_3[1]	LOADING RESOURCE SURFACE FROM DISK
3267865.674	StudyPhase[3].TestFeedback_3[1].Feedback_3[1]	LOADING RESOURCE SURFACE FROM DISK
3269656.838	StudyPhase[3].TestFeedback_3[1].Hint_3[1]	LOADING RESOURCE SURFACE FROM DISK
3271387.347	StudyPhase[3].TestFeedback_3[1].Feedback_3[1]	LOADING RESOURCE SURFACE FROM DISK
3273173.835	StudyPhase[3].TestFeedback_3[1].Hint_3[1]	LOADING RESOURCE SURFACE FROM DISK
3274739.485	StudyPhase[3].TestFeedback_3[1].Feedback_3[1]	LOADING RESOURCE SURFACE FROM DISK
3276523.737	StudyPhase[3].TestFeedback_3[1].Hint_3[1]	LOADING RESOURCE SURFACE FROM DISK
3278437.609	StudyPhase[3].TestFeedback_3[1].Feedback_3[1]	LOADING RESOURCE SURFACE FROM DISK
3280223.995	StudyPhase[3].TestFeedback_3[1].Hint_3[1]	LOADING RESOURCE SURFACE FROM DISK
3282415.796	StudyPhase[3].TestFeedback_3[1].FeedbackPB_3[1]	LOADING RESOURCE SURFACE FROM DISK
3284206.961	StudyPhase[3].TestFeedback_3[1].Hint_3[1]	LOADING RESOURCE SURFACE FROM DISK
3287232.661	StudyPhase[3].TestFeedback_3[1].Feedback_3[1]	LOADING RESOURCE SURFACE FROM DISK
3289024.272	StudyPhase[3].TestFeedback_3[1].Hint_3[1]	LOADING RESOURCE SURFACE FROM DISK
3290732.277	StudyPhase[3].TestFeedback_3[1].Feedback_3[1]	LOADING RESOURCE SURFACE FROM DISK
3292567.768	StudyPhase[3].TestFeedback_3[1].Hint_3[1]	LOADING RESOURCE SURFACE FROM DISK
3292569.795	StudyPhase[3].TestFeedback_3[1].Hint_3[1]	flip time is later than desired time. Desired Time=3292534 Flip Time=3292584 Retrace Rate=16.641, prepareTime=59 flip request time 3292569
3294105.191	StudyPhase[3].TestFeedback_3[1].FeedbackPB_3[1]	LOADING RESOURCE SURFACE FROM DISK
3295890.943	StudyPhase[3].TestFeedback_3[1].Hint_3[1]	LOADING RESOURCE SURFACE FROM DISK
3297399.277	StudyPhase[3].TestFeedback_3[1].FeedbackPB_3[1]	LOADING RESOURCE SURFACE FROM DISK
3299190.698	StudyPhase[3].TestFeedback_3[1].Hint_3[1]	LOADING RESOURCE SURFACE FROM DISK
3301315.784	StudyPhase[3].TestFeedback_3[1].Feedback_3[1]	LOADING RESOURCE SURFACE FROM DISK
3303149.472	StudyPhase[3].TestFeedback_3[1].Hint_3[1]	LOADING RESOURCE SURFACE FROM DISK
3303151.606	StudyPhase[3].TestFeedback_3[1].Hint_3[1]	flip time is later than desired time. Desired Time=3303117 Flip Time=3303168 Retrace Rate=16.641, prepareTime=57 flip request time 3303151
3305365.76	StudyPhase[3].TestFeedback_3[1].Feedback_3[1]	LOADING RESOURCE SURFACE FROM DISK
3307204.005	StudyPhase[3].TestFeedback_3[1].Hint_3[1]	LOADING RESOURCE SURFACE FROM DISK
3307206.115	StudyPhase[3].TestFeedback_3[1].Hint_3[1]	flip time is later than desired time. Desired Time=3307168 Flip Time=3307218 Retrace Rate=16.641, prepareTime=62 flip request time 3307205
3308882.956	StudyPhase[3].TestFeedback_3[1].Feedback_3[1]	LOADING RESOURCE SURFACE FROM DISK
3310674.508	StudyPhase[3].TestFeedback_3[1].Hint_3[1]	LOADING RESOURCE SURFACE FROM DISK
3310676.639	StudyPhase[3].TestFeedback_3[1].Hint_3[1]	flip time is later than desired time. Desired Time=3310684 Flip Time=3310701 Retrace Rate=16.641, prepareTime=15 flip request time 3310676
3313032.929	StudyPhase[3].TestFeedback_3[1].Feedback_3[1]	LOADING RESOURCE SURFACE FROM DISK
3314824.521	StudyPhase[3].TestFeedback_3[1].Hint_3[1]	LOADING RESOURCE SURFACE FROM DISK
3314826.823	StudyPhase[3].TestFeedback_3[1].Hint_3[1]	flip time is later than desired time. Desired Time=3314834 Flip Time=3314851 Retrace Rate=16.641, prepareTime=16 flip request time 3314826
3317866.311	StudyPhase[3].TestFeedback_3[1].Feedback_3[1]	LOADING RESOURCE SURFACE FROM DISK
3319657.535	StudyPhase[3].TestFeedback_3[1].Hint_3[1]	LOADING RESOURCE SURFACE FROM DISK
3321482.443	StudyPhase[3].TestFeedback_3[1].FeedbackPB_3[1]	LOADING RESOURCE SURFACE FROM DISK
3323274.349	StudyPhase[3].TestFeedback_3[1].Hint_3[1]	LOADING RESOURCE SURFACE FROM DISK
3326299.495	StudyPhase[3].TestFeedback_3[1].Feedback_3[1]	LOADING RESOURCE SURFACE FROM DISK
3328091.209	StudyPhase[3].TestFeedback_3[1].Hint_3[1]	LOADING RESOURCE SURFACE FROM DISK
3328093.552	StudyPhase[3].TestFeedback_3[1].Hint_3[1]	flip time is later than desired time. Desired Time=3328101 Flip Time=3328117 Retrace Rate=16.641, prepareTime=16 flip request time 3328093
3331132.941	StudyPhase[3].TestFeedback_3[1].Feedback_3[1]	LOADING RESOURCE SURFACE FROM DISK
3332924.532	StudyPhase[3].TestFeedback_3[1].Hint_3[1]	LOADING RESOURCE SURFACE FROM DISK
3332926.66	StudyPhase[3].TestFeedback_3[1].Hint_3[1]	flip time is later than desired time. Desired Time=3332934 Flip Time=3332951 Retrace Rate=16.641, prepareTime=16 flip request time 3332926
3335966.417	StudyPhase[3].TestFeedback_3[1].FeedbackPB_3[1]	LOADING RESOURCE SURFACE FROM DISK
3337757.873	StudyPhase[3].TestFeedback_3[1].Hint_3[1]	LOADING RESOURCE SURFACE FROM DISK
3337760.019	StudyPhase[3].TestFeedback_3[1].Hint_3[1]	flip time is later than desired time. Desired Time=3337768 Flip Time=3337784 Retrace Rate=16.641, prepareTime=16 flip request time 3337759
3339316.441	StudyPhase[3].TestFeedback_3[1].Feedback_3[1]	LOADING RESOURCE SURFACE FROM DISK
3341107.993	StudyPhase[3].TestFeedback_3[1].Hint_3[1]	LOADING RESOURCE SURFACE FROM DISK
3341110.252	StudyPhase[3].TestFeedback_3[1].Hint_3[1]	flip time is later than desired time. Desired Time=3341118 Flip Time=3341134 Retrace Rate=16.641, prepareTime=16 flip request time 3341110
3344149.731	StudyPhase[3].TestFeedback_3[1].FeedbackPB_3[1]	LOADING RESOURCE SURFACE FROM DISK
3354141.742	StudyPhase[4].LearningPhase_4.Word_4	LOADING RESOURCE SURFACE FROM DISK
3354143.991	StudyPhase[4].LearningPhase_4.Word_4	flip time is later than desired time. Desired Time=3354151 Flip Time=3354167 Retrace Rate=16.641, prepareTime=16 flip request time 3354143
3357981.009	StudyPhase[4].LearningPhase_4.Word_4	LOADING RESOURCE SURFACE FROM DISK
3357983.173	StudyPhase[4].LearningPhase_4.Word_4	flip time is later than desired time. Desired Time=3357951 Flip Time=3358001 Retrace Rate=16.641, prepareTime=55 flip request time 3357983
3361810.825	StudyPhase[4].LearningPhase_4.Word_4	LOADING RESOURCE SURFACE FROM DISK
3361813.318	StudyPhase[4].LearningPhase_4.Word_4	flip time is later than desired time. Desired Time=3361784 Flip Time=3361834 Retrace Rate=16.641, prepareTime=52 flip request time 3361813
3365649.184	StudyPhase[4].LearningPhase_4.Word_4	LOADING RESOURCE SURFACE FROM DISK
3365651.475	StudyPhase[4].LearningPhase_4.Word_4	flip time is later than desired time. Desired Time=3365617 Flip Time=3365667 Retrace Rate=16.641, prepareTime=57 flip request time 3365651
3369441.54	StudyPhase[4].LearningPhase_4.Word_4	LOADING RESOURCE SURFACE FROM DISK
3373224.96	StudyPhase[4].LearningPhase_4.Word_4	LOADING RESOURCE SURFACE FROM DISK
3373227.199	StudyPhase[4].LearningPhase_4.Word_4	flip time is later than desired time. Desired Time=3373234 Flip Time=3373251 Retrace Rate=16.641, prepareTime=16 flip request time 3373227
3377024.751	StudyPhase[4].LearningPhase_4.Word_4	LOADING RESOURCE SURFACE FROM DISK
3377027.057	StudyPhase[4].LearningPhase_4.Word_4	flip time is later than desired time. Desired Time=3377034 Flip Time=3377051 Retrace Rate=16.641, prepareTime=16 flip request time 3377026
3380824.769	StudyPhase[4].LearningPhase_4.Word_4	LOADING RESOURCE SURFACE FROM DISK
3380826.949	StudyPhase[4].LearningPhase_4.Word_4	flip time is later than desired time. Desired Time=3380834 Flip Time=3380851 Retrace Rate=16.641, prepareTime=16 flip request time 3380826
3384907.587	StudyPhase[4].LearningPhase_4.Word_4	LOADING RESOURCE SURFACE FROM DISK
3384909.799	StudyPhase[4].LearningPhase_4.Word_4	flip time is later than desired time. Desired Time=3384634 Flip Time=3384917 Retrace Rate=16.641, prepareTime=299 flip request time 3384909
3388726.644	StudyPhase[4].LearningPhase_4.Word_4	LOADING RESOURCE SURFACE FROM DISK
3388728.932	StudyPhase[4].LearningPhase_4.Word_4	flip time is later than desired time. Desired Time=3388701 Flip Time=3388751 Retrace Rate=16.641, prepareTime=51 flip request time 3388728
3392525.013	StudyPhase[4].LearningPhase_4.Word_4	LOADING RESOURCE SURFACE FROM DISK
3392527.215	StudyPhase[4].LearningPhase_4.Word_4	flip time is later than desired time. Desired Time=3392534 Flip Time=3392551 Retrace Rate=16.641, prepareTime=16 flip request time 3392527
3396324.865	StudyPhase[4].LearningPhase_4.Word_4	LOADING RESOURCE SURFACE FROM DISK
3396327.251	StudyPhase[4].LearningPhase_4.Word_4	flip time is later than desired time. Desired Time=3396334 Flip Time=3396351 Retrace Rate=16.641, prepareTime=16 flip request time 3396327
3400124.951	StudyPhase[4].LearningPhase_4.Word_4	LOADING RESOURCE SURFACE FROM DISK
3400127.181	StudyPhase[4].LearningPhase_4.Word_4	flip time is later than desired time. Desired Time=3400134 Flip Time=3400151 Retrace Rate=16.641, prepareTime=16 flip request time 3400127
3403959.278	StudyPhase[4].LearningPhase_4.Word_4	LOADING RESOURCE SURFACE FROM DISK
3403961.526	StudyPhase[4].LearningPhase_4.Word_4	flip time is later than desired time. Desired Time=3403934 Flip Time=3403984 Retrace Rate=16.641, prepareTime=50 flip request time 3403961
3407758.519	StudyPhase[4].LearningPhase_4.Word_4	LOADING RESOURCE SURFACE FROM DISK
3407760.735	StudyPhase[4].LearningPhase_4.Word_4	flip time is later than desired time. Desired Time=3407768 Flip Time=3407784 Retrace Rate=16.641, prepareTime=16 flip request time 3407760
3411558.344	StudyPhase[4].LearningPhase_4.Word_4	LOADING RESOURCE SURFACE FROM DISK
3411560.697	StudyPhase[4].LearningPhase_4.Word_4	flip time is later than desired time. Desired Time=3411567 Flip Time=3411584 Retrace Rate=16.641, prepareTime=16 flip request time 3411560
3415402.587	StudyPhase[4].LearningPhase_4.Word_4	LOADING RESOURCE SURFACE FROM DISK
3415404.862	StudyPhase[4].LearningPhase_4.Word_4	flip time is later than desired time. Desired Time=3415368 Flip Time=3415418 Retrace Rate=16.641, prepareTime=61 flip request time 3415404
3419235.046	StudyPhase[4].LearningPhase_4.Word_4	LOADING RESOURCE SURFACE FROM DISK
3419237.376	StudyPhase[4].LearningPhase_4.Word_4	flip time is later than desired time. Desired Time=3419201 Flip Time=3419251 Retrace Rate=16.641, prepareTime=59 flip request time 3419237
3423060.166	StudyPhase[4].LearningPhase_4.Word_4	LOADING RESOURCE SURFACE FROM DISK
3423062.435	StudyPhase[4].LearningPhase_4.Word_4	flip time is later than desired time. Desired Time=3423034 Flip Time=3423084 Retrace Rate=16.641, prepareTime=51 flip request time 3423062
3426858.605	StudyPhase[4].LearningPhase_4.Word_4	LOADING RESOURCE SURFACE FROM DISK
3426860.964	StudyPhase[4].LearningPhase_4.Word_4	flip time is later than desired time. Desired Time=3426868 Flip Time=3426884 Retrace Rate=16.641, prepareTime=16 flip request time 3426860
3430658.354	StudyPhase[4].LearningPhase_4.Word_4	LOADING RESOURCE SURFACE FROM DISK
3430660.62	StudyPhase[4].LearningPhase_4.Word_4	flip time is later than desired time. Desired Time=3430668 Flip Time=3430684 Retrace Rate=16.641, prepareTime=16 flip request time 3430660
3434735.982	StudyPhase[4].LearningPhase_4.Word_4	LOADING RESOURCE SURFACE FROM DISK
3434738.472	StudyPhase[4].LearningPhase_4.Word_4	flip time is later than desired time. Desired Time=3434468 Flip Time=3434751 Retrace Rate=16.641, prepareTime=294 flip request time 3434738
3438557.479	StudyPhase[4].LearningPhase_4.Word_4	LOADING RESOURCE SURFACE FROM DISK
3438559.825	StudyPhase[4].LearningPhase_4.Word_4	flip time is later than desired time. Desired Time=3438534 Flip Time=3438568 Retrace Rate=16.641, prepareTime=49 flip request time 3438559
3446954.317	StudyPhase[4].TestFeedback_4[1].Hint_4[1]	LOADING RESOURCE SURFACE FROM DISK
3446956.695	StudyPhase[4].TestFeedback_4[1].Hint_4[1]	flip time is later than desired time. Desired Time=3446918 Flip Time=3446968 Retrace Rate=16.641, prepareTime=62 flip request time 3446956
3449983.569	StudyPhase[4].TestFeedback_4[1].Feedback_4[1]	LOADING RESOURCE SURFACE FROM DISK
3451775.193	StudyPhase[4].TestFeedback_4[1].Hint_4[1]	LOADING RESOURCE SURFACE FROM DISK
3451777.543	StudyPhase[4].TestFeedback_4[1].Hint_4[1]	flip time is later than desired time. Desired Time=3451784 Flip Time=3451801 Retrace Rate=16.641, prepareTime=17 flip request time 3451777
3454200.179	StudyPhase[4].TestFeedback_4[1].FeedbackPB_4[1]	LOADING RESOURCE SURFACE FROM DISK
3455991.696	StudyPhase[4].TestFeedback_4[1].Hint_4[1]	LOADING RESOURCE SURFACE FROM DISK
3455993.995	StudyPhase[4].TestFeedback_4[1].Hint_4[1]	flip time is later than desired time. Desired Time=3456001 Flip Time=3456017 Retrace Rate=16.641, prepareTime=16 flip request time 3455993
3458266.883	StudyPhase[4].TestFeedback_4[1].Feedback_4[1]	LOADING RESOURCE SURFACE FROM DISK
3460335.358	StudyPhase[4].TestFeedback_4[1].Hint_4[1]	LOADING RESOURCE SURFACE FROM DISK
3460337.766	StudyPhase[4].TestFeedback_4[1].Hint_4[1]	flip time is later than desired time. Desired Time=3460068 Flip Time=3460351 Retrace Rate=16.641, prepareTime=293 flip request time 3460337
3462433.318	StudyPhase[4].TestFeedback_4[1].Feedback_4[1]	LOADING RESOURCE SURFACE FROM DISK
3464267.116	StudyPhase[4].TestFeedback_4[1].Hint_4[1]	LOADING RESOURCE SURFACE FROM DISK
3464269.468	StudyPhase[4].TestFeedback_4[1].Hint_4[1]	flip time is later than desired time. Desired Time=3464234 Flip Time=3464284 Retrace Rate=16.641, prepareTime=58 flip request time 3464269
3466183.714	StudyPhase[4].TestFeedback_4[1].Feedback_4[1]	LOADING RESOURCE SURFACE FROM DISK
3467975.377	StudyPhase[4].TestFeedback_4[1].Hint_4[1]	LOADING RESOURCE SURFACE FROM DISK
3467977.753	StudyPhase[4].TestFeedback_4[1].Hint_4[1]	flip time is later than desired time. Desired Time=3467984 Flip Time=3468001 Retrace Rate=16.641, prepareTime=17 flip request time 3467977
3470517.142	StudyPhase[4].TestFeedback_4[1].Feedback_4[1]	LOADING RESOURCE SURFACE FROM DISK
3472308.801	StudyPhase[4].TestFeedback_4[1].Hint_4[1]	LOADING RESOURCE SURFACE FROM DISK
3472311.139	StudyPhase[4].TestFeedback_4[1].Hint_4[1]	flip time is later than desired time. Desired Time=3472317 Flip Time=3472334 Retrace Rate=16.641, prepareTime=17 flip request time 3472311
3474717.146	StudyPhase[4].TestFeedback_4[1].Feedback_4[1]	LOADING RESOURCE SURFACE FROM DISK
3476577.992	StudyPhase[4].TestFeedback_4[1].Hint_4[1]	LOADING RESOURCE SURFACE FROM DISK
3476580.396	StudyPhase[4].TestFeedback_4[1].Hint_4[1]	flip time is later than desired time. Desired Time=3476518 Flip Time=3476601 Retrace Rate=16.641, prepareTime=86 flip request time 3476580
3479654.017	StudyPhase[4].TestFeedback_4[1].Feedback_4[1]	LOADING RESOURCE SURFACE FROM DISK
3481477.209	StudyPhase[4].TestFeedback_4[1].Hint_4[1]	LOADING RESOURCE SURFACE FROM DISK
3481479.75	StudyPhase[4].TestFeedback_4[1].Hint_4[1]	flip time is later than desired time. Desired Time=3481451 Flip Time=3481501 Retrace Rate=16.641, prepareTime=52 flip request time 3481479
3482984.128	StudyPhase[4].TestFeedback_4[1].Feedback_4[1]	LOADING RESOURCE SURFACE FROM DISK
3484775.572	StudyPhase[4].TestFeedback_4[1].Hint_4[1]	LOADING RESOURCE SURFACE FROM DISK
3484777.869	StudyPhase[4].TestFeedback_4[1].Hint_4[1]	flip time is later than desired time. Desired Time=3484784 Flip Time=3484801 Retrace Rate=16.641, prepareTime=17 flip request time 3484777
3487557.047	StudyPhase[4].TestFeedback_4[1].Feedback_4[1]	LOADING RESOURCE SURFACE FROM DISK
3489342.552	StudyPhase[4].TestFeedback_4[1].Hint_4[1]	LOADING RESOURCE SURFACE FROM DISK
3489345.039	StudyPhase[4].TestFeedback_4[1].Hint_4[1]	flip time is later than desired time. Desired Time=3489351 Flip Time=3489368 Retrace Rate=16.641, prepareTime=17 flip request time 3489344
3492034.141	StudyPhase[4].TestFeedback_4[1].Feedback_4[1]	LOADING RESOURCE SURFACE FROM DISK
3493825.468	StudyPhase[4].TestFeedback_4[1].Hint_4[1]	LOADING RESOURCE SURFACE FROM DISK
3493827.912	StudyPhase[4].TestFeedback_4[1].Hint_4[1]	flip time is later than desired time. Desired Time=3493834 Flip Time=3493851 Retrace Rate=16.641, prepareTime=17 flip request time 3493827
3496650.865	StudyPhase[4].TestFeedback_4[1].Feedback_4[1]	LOADING RESOURCE SURFACE FROM DISK
3498442.194	StudyPhase[4].TestFeedback_4[1].Hint_4[1]	LOADING RESOURCE SURFACE FROM DISK
3498444.621	StudyPhase[4].TestFeedback_4[1].Hint_4[1]	flip time is later than desired time. Desired Time=3498451 Flip Time=3498467 Retrace Rate=16.641, prepareTime=17 flip request time 3498444
3500017.499	StudyPhase[4].TestFeedback_4[1].Feedback_4[1]	LOADING RESOURCE SURFACE FROM DISK
3501809.009	StudyPhase[4].TestFeedback_4[1].Hint_4[1]	LOADING RESOURCE SURFACE FROM DISK
3501811.476	StudyPhase[4].TestFeedback_4[1].Hint_4[1]	flip time is later than desired time. Desired Time=3501817 Flip Time=3501834 Retrace Rate=16.641, prepareTime=17 flip request time 3501811
3503367.694	StudyPhase[4].TestFeedback_4[1].FeedbackPB_4[1]	LOADING RESOURCE SURFACE FROM DISK
3505159.349	StudyPhase[4].TestFeedback_4[1].Hint_4[1]	LOADING RESOURCE SURFACE FROM DISK
3505161.804	StudyPhase[4].TestFeedback_4[1].Hint_4[1]	flip time is later than desired time. Desired Time=3505168 Flip Time=3505184 Retrace Rate=16.641, prepareTime=17 flip request time 3505161
3508236.152	StudyPhase[4].TestFeedback_4[1].Feedback_4[1]	LOADING RESOURCE SURFACE FROM DISK
3510025.916	StudyPhase[4].TestFeedback_4[1].Hint_4[1]	LOADING RESOURCE SURFACE FROM DISK
3510028.305	StudyPhase[4].TestFeedback_4[1].Hint_4[1]	flip time is later than desired time. Desired Time=3510034 Flip Time=3510051 Retrace Rate=16.641, prepareTime=17 flip request time 3510028
3513104.149	StudyPhase[4].TestFeedback_4[1].FeedbackPB_4[1]	LOADING RESOURCE SURFACE FROM DISK
3514933.786	StudyPhase[4].TestFeedback_4[1].Hint_4[1]	LOADING RESOURCE SURFACE FROM DISK
3514936.306	StudyPhase[4].TestFeedback_4[1].Hint_4[1]	flip time is later than desired time. Desired Time=3514901 Flip Time=3514951 Retrace Rate=16.641, prepareTime=59 flip request time 3514936
3517967.588	StudyPhase[4].TestFeedback_4[1].Feedback_4[1]	LOADING RESOURCE SURFACE FROM DISK
3519759.065	StudyPhase[4].TestFeedback_4[1].Hint_4[1]	LOADING RESOURCE SURFACE FROM DISK
3519761.566	StudyPhase[4].TestFeedback_4[1].Hint_4[1]	flip time is later than desired time. Desired Time=3519767 Flip Time=3519784 Retrace Rate=16.641, prepareTime=17 flip request time 3519761
3522800.837	StudyPhase[4].TestFeedback_4[1].FeedbackPB_4[1]	LOADING RESOURCE SURFACE FROM DISK
3524592.63	StudyPhase[4].TestFeedback_4[1].Hint_4[1]	LOADING RESOURCE SURFACE FROM DISK
3524595.371	StudyPhase[4].TestFeedback_4[1].Hint_4[1]	flip time is later than desired time. Desired Time=3524601 Flip Time=3524618 Retrace Rate=16.641, prepareTime=18 flip request time 3524595
3527634.744	StudyPhase[4].TestFeedback_4[1].Feedback_4[1]	LOADING RESOURCE SURFACE FROM DISK
3529426.093	StudyPhase[4].TestFeedback_4[1].Hint_4[1]	LOADING RESOURCE SURFACE FROM DISK
3529428.563	StudyPhase[4].TestFeedback_4[1].Hint_4[1]	flip time is later than desired time. Desired Time=3529434 Flip Time=3529451 Retrace Rate=16.641, prepareTime=18 flip request time 3529428
3532468.005	StudyPhase[4].TestFeedback_4[1].FeedbackPB_4[1]	LOADING RESOURCE SURFACE FROM DISK
3534259.301	StudyPhase[4].TestFeedback_4[1].Hint_4[1]	LOADING RESOURCE SURFACE FROM DISK
3534261.805	StudyPhase[4].TestFeedback_4[1].Hint_4[1]	flip time is later than desired time. Desired Time=3534268 Flip Time=3534284 Retrace Rate=16.641, prepareTime=18 flip request time 3534261
3536521.921	StudyPhase[4].TestFeedback_4[1].Feedback_4[1]	LOADING RESOURCE SURFACE FROM DISK
3538356.332	StudyPhase[4].TestFeedback_4[1].Hint_4[1]	LOADING RESOURCE SURFACE FROM DISK
3538358.839	StudyPhase[4].TestFeedback_4[1].Hint_4[1]	flip time is later than desired time. Desired Time=3538318 Flip Time=3538368 Retrace Rate=16.641, prepareTime=64 flip request time 3538358
3541422.383	StudyPhase[4].TestFeedback_4[1].Feedback_4[1]	LOADING RESOURCE SURFACE FROM DISK
3543243.979	StudyPhase[4].TestFeedback_4[1].Hint_4[1]	LOADING RESOURCE SURFACE FROM DISK
3543246.514	StudyPhase[4].TestFeedback_4[1].Hint_4[1]	flip time is later than desired time. Desired Time=3543218 Flip Time=3543268 Retrace Rate=16.641, prepareTime=52 flip request time 3543246
3545085.02	StudyPhase[4].TestFeedback_4[1].Feedback_4[1]	LOADING RESOURCE SURFACE FROM DISK
