4952.232	areyouready	LOADING RESOURCE SURFACE FROM DISK
2905383.532	StudyPhase[1].LearningPhase_1.Word_1	LOADING RESOURCE SURFACE FROM DISK
2909166.774	StudyPhase[1].LearningPhase_1.Word_1	LOADING RESOURCE SURFACE FROM DISK
2912950.087	StudyPhase[1].LearningPhase_1.Word_1	LOADING RESOURCE SURFACE FROM DISK
2917010.664	StudyPhase[1].LearningPhase_1.Word_1	LOADING RESOURCE SURFACE FROM DISK
2917012.241	StudyPhase[1].LearningPhase_1.Word_1	flip time is later than desired time. Desired Time=2916747 Flip Time=2917030 Retrace Rate=16.641, prepareTime=289 flip request time 2917011
2920800.152	StudyPhase[1].LearningPhase_1.Word_1	LOADING RESOURCE SURFACE FROM DISK
2924583.749	StudyPhase[1].LearningPhase_1.Word_1	LOADING RESOURCE SURFACE FROM DISK
2928366.95	StudyPhase[1].LearningPhase_1.Word_1	LOADING RESOURCE SURFACE FROM DISK
2932150.317	StudyPhase[1].LearningPhase_1.Word_1	LOADING RESOURCE SURFACE FROM DISK
2935933.869	StudyPhase[1].LearningPhase_1.Word_1	LOADING RESOURCE SURFACE FROM DISK
2939716.837	StudyPhase[1].LearningPhase_1.Word_1	LOADING RESOURCE SURFACE FROM DISK
2943500.227	StudyPhase[1].LearningPhase_1.Word_1	LOADING RESOURCE SURFACE FROM DISK
2947283.657	StudyPhase[1].LearningPhase_1.Word_1	LOADING RESOURCE SURFACE FROM DISK
2951066.997	StudyPhase[1].LearningPhase_1.Word_1	LOADING RESOURCE SURFACE FROM DISK
2954850.266	StudyPhase[1].LearningPhase_1.Word_1	LOADING RESOURCE SURFACE FROM DISK
2958633.73	StudyPhase[1].LearningPhase_1.Word_1	LOADING RESOURCE SURFACE FROM DISK
2962417.129	StudyPhase[1].LearningPhase_1.Word_1	LOADING RESOURCE SURFACE FROM DISK
2966200.484	StudyPhase[1].LearningPhase_1.Word_1	LOADING RESOURCE SURFACE FROM DISK
2969983.563	StudyPhase[1].LearningPhase_1.Word_1	LOADING RESOURCE SURFACE FROM DISK
2973766.901	StudyPhase[1].LearningPhase_1.Word_1	LOADING RESOURCE SURFACE FROM DISK
2977550.243	StudyPhase[1].LearningPhase_1.Word_1	LOADING RESOURCE SURFACE FROM DISK
2981333.558	StudyPhase[1].LearningPhase_1.Word_1	LOADING RESOURCE SURFACE FROM DISK
2985117.069	StudyPhase[1].LearningPhase_1.Word_1	LOADING RESOURCE SURFACE FROM DISK
2988900.246	StudyPhase[1].LearningPhase_1.Word_1	LOADING RESOURCE SURFACE FROM DISK
3134816.916	StudyPhase[1].TestFeedback_1[1].Hint_1[1]	LOADING RESOURCE SURFACE FROM DISK
3137842.393	StudyPhase[1].TestFeedback_1[1].Feedback_1[1]	LOADING RESOURCE SURFACE FROM DISK
3139633.685	StudyPhase[1].TestFeedback_1[1].Hint_1[1]	LOADING RESOURCE SURFACE FROM DISK
3142659.129	StudyPhase[1].TestFeedback_1[1].FeedbackPB_1[1]	LOADING RESOURCE SURFACE FROM DISK
3144450.198	StudyPhase[1].TestFeedback_1[1].Hint_1[1]	LOADING RESOURCE SURFACE FROM DISK
3147476.376	StudyPhase[1].TestFeedback_1[1].Feedback_1[1]	LOADING RESOURCE SURFACE FROM DISK
3149266.97	StudyPhase[1].TestFeedback_1[1].Hint_1[1]	LOADING RESOURCE SURFACE FROM DISK
3152292.689	StudyPhase[1].TestFeedback_1[1].FeedbackPB_1[1]	LOADING RESOURCE SURFACE FROM DISK
3154083.776	StudyPhase[1].TestFeedback_1[1].Hint_1[1]	LOADING RESOURCE SURFACE FROM DISK
3157109.374	StudyPhase[1].TestFeedback_1[1].Feedback_1[1]	LOADING RESOURCE SURFACE FROM DISK
3158900.528	StudyPhase[1].TestFeedback_1[1].Hint_1[1]	LOADING RESOURCE SURFACE FROM DISK
3161925.718	StudyPhase[1].TestFeedback_1[1].Feedback_1[1]	LOADING RESOURCE SURFACE FROM DISK
3163717.28	StudyPhase[1].TestFeedback_1[1].Hint_1[1]	LOADING RESOURCE SURFACE FROM DISK
3166742.397	StudyPhase[1].TestFeedback_1[1].Feedback_1[1]	LOADING RESOURCE SURFACE FROM DISK
3168533.691	StudyPhase[1].TestFeedback_1[1].Hint_1[1]	LOADING RESOURCE SURFACE FROM DISK
3171559.254	StudyPhase[1].TestFeedback_1[1].FeedbackPB_1[1]	LOADING RESOURCE SURFACE FROM DISK
3173350.343	StudyPhase[1].TestFeedback_1[1].Hint_1[1]	LOADING RESOURCE SURFACE FROM DISK
3176376.16	StudyPhase[1].TestFeedback_1[1].Feedback_1[1]	LOADING RESOURCE SURFACE FROM DISK
3178167.051	StudyPhase[1].TestFeedback_1[1].Hint_1[1]	LOADING RESOURCE SURFACE FROM DISK
3181192.548	StudyPhase[1].TestFeedback_1[1].FeedbackPB_1[1]	LOADING RESOURCE SURFACE FROM DISK
3182984.009	StudyPhase[1].TestFeedback_1[1].Hint_1[1]	LOADING RESOURCE SURFACE FROM DISK
3185491.636	StudyPhase[1].TestFeedback_1[1].Feedback_1[1]	LOADING RESOURCE SURFACE FROM DISK
3187283.721	StudyPhase[1].TestFeedback_1[1].Hint_1[1]	LOADING RESOURCE SURFACE FROM DISK
3190309.495	StudyPhase[1].TestFeedback_1[1].Feedback_1[1]	LOADING RESOURCE SURFACE FROM DISK
3192100.587	StudyPhase[1].TestFeedback_1[1].Hint_1[1]	LOADING RESOURCE SURFACE FROM DISK
3195126.178	StudyPhase[1].TestFeedback_1[1].Feedback_1[1]	LOADING RESOURCE SURFACE FROM DISK
3196917.256	StudyPhase[1].TestFeedback_1[1].Hint_1[1]	LOADING RESOURCE SURFACE FROM DISK
3199942.827	StudyPhase[1].TestFeedback_1[1].Feedback_1[1]	LOADING RESOURCE SURFACE FROM DISK
3201733.948	StudyPhase[1].TestFeedback_1[1].Hint_1[1]	LOADING RESOURCE SURFACE FROM DISK
3204759.438	StudyPhase[1].TestFeedback_1[1].Feedback_1[1]	LOADING RESOURCE SURFACE FROM DISK
3206550.685	StudyPhase[1].TestFeedback_1[1].Hint_1[1]	LOADING RESOURCE SURFACE FROM DISK
3209576.344	StudyPhase[1].TestFeedback_1[1].Feedback_1[1]	LOADING RESOURCE SURFACE FROM DISK
3211367.412	StudyPhase[1].TestFeedback_1[1].Hint_1[1]	LOADING RESOURCE SURFACE FROM DISK
3214392.855	StudyPhase[1].TestFeedback_1[1].Feedback_1[1]	LOADING RESOURCE SURFACE FROM DISK
3216183.905	StudyPhase[1].TestFeedback_1[1].Hint_1[1]	LOADING RESOURCE SURFACE FROM DISK
3219209.397	StudyPhase[1].TestFeedback_1[1].Feedback_1[1]	LOADING RESOURCE SURFACE FROM DISK
3221000.921	StudyPhase[1].TestFeedback_1[1].Hint_1[1]	LOADING RESOURCE SURFACE FROM DISK
3224026.536	StudyPhase[1].TestFeedback_1[1].Feedback_1[1]	LOADING RESOURCE SURFACE FROM DISK
3225817.278	StudyPhase[1].TestFeedback_1[1].Hint_1[1]	LOADING RESOURCE SURFACE FROM DISK
3228843.141	StudyPhase[1].TestFeedback_1[1].FeedbackPB_1[1]	LOADING RESOURCE SURFACE FROM DISK
3230634.295	StudyPhase[1].TestFeedback_1[1].Hint_1[1]	LOADING RESOURCE SURFACE FROM DISK
3232526.646	StudyPhase[1].TestFeedback_1[1].Feedback_1[1]	LOADING RESOURCE SURFACE FROM DISK
3234317.437	StudyPhase[1].TestFeedback_1[1].Hint_1[1]	LOADING RESOURCE SURFACE FROM DISK
3237342.787	StudyPhase[1].TestFeedback_1[1].Feedback_1[1]	LOADING RESOURCE SURFACE FROM DISK
3239134.099	StudyPhase[1].TestFeedback_1[1].Hint_1[1]	LOADING RESOURCE SURFACE FROM DISK
3242159.726	StudyPhase[1].TestFeedback_1[1].FeedbackPB_1[1]	LOADING RESOURCE SURFACE FROM DISK
3243198.774	StudyPhase[1].Failed_Criterion_1[1]	LOADING RESOURCE SURFACE FROM DISK
3243210.299	StudyPhase[1].Failed_Criterion_1[1]	LOADING RESOURCE SURFACE FROM DISK
3243222.112	StudyPhase[1].Failed_Criterion_1[1]	LOADING RESOURCE SURFACE FROM DISK
3535117.767	StudyPhase[2].LearningPhase_2.Word_2	LOADING RESOURCE SURFACE FROM DISK
3538900.79	StudyPhase[2].LearningPhase_2.Word_2	LOADING RESOURCE SURFACE FROM DISK
3542684.309	StudyPhase[2].LearningPhase_2.Word_2	LOADING RESOURCE SURFACE FROM DISK
3546467.51	StudyPhase[2].LearningPhase_2.Word_2	LOADING RESOURCE SURFACE FROM DISK
3550251.076	StudyPhase[2].LearningPhase_2.Word_2	LOADING RESOURCE SURFACE FROM DISK
3554034.649	StudyPhase[2].LearningPhase_2.Word_2	LOADING RESOURCE SURFACE FROM DISK
3557817.582	StudyPhase[2].LearningPhase_2.Word_2	LOADING RESOURCE SURFACE FROM DISK
3561601.314	StudyPhase[2].LearningPhase_2.Word_2	LOADING RESOURCE SURFACE FROM DISK
3565384.513	StudyPhase[2].LearningPhase_2.Word_2	LOADING RESOURCE SURFACE FROM DISK
3569167.571	StudyPhase[2].LearningPhase_2.Word_2	LOADING RESOURCE SURFACE FROM DISK
3572951.182	StudyPhase[2].LearningPhase_2.Word_2	LOADING RESOURCE SURFACE FROM DISK
3577013.095	StudyPhase[2].LearningPhase_2.Word_2	LOADING RESOURCE SURFACE FROM DISK
3577014.922	StudyPhase[2].LearningPhase_2.Word_2	flip time is later than desired time. Desired Time=3576747 Flip Time=3577030 Retrace Rate=16.641, prepareTime=291 flip request time 3577014
3580801.392	StudyPhase[2].LearningPhase_2.Word_2	LOADING RESOURCE SURFACE FROM DISK
3584584.409	StudyPhase[2].LearningPhase_2.Word_2	LOADING RESOURCE SURFACE FROM DISK
3588368.067	StudyPhase[2].LearningPhase_2.Word_2	LOADING RESOURCE SURFACE FROM DISK
3592151.275	StudyPhase[2].LearningPhase_2.Word_2	LOADING RESOURCE SURFACE FROM DISK
3595934.437	StudyPhase[2].LearningPhase_2.Word_2	LOADING RESOURCE SURFACE FROM DISK
3599717.929	StudyPhase[2].LearningPhase_2.Word_2	LOADING RESOURCE SURFACE FROM DISK
3603501.468	StudyPhase[2].LearningPhase_2.Word_2	LOADING RESOURCE SURFACE FROM DISK
3607284.528	StudyPhase[2].LearningPhase_2.Word_2	LOADING RESOURCE SURFACE FROM DISK
3611068.588	StudyPhase[2].LearningPhase_2.Word_2	LOADING RESOURCE SURFACE FROM DISK
3614851.259	StudyPhase[2].LearningPhase_2.Word_2	LOADING RESOURCE SURFACE FROM DISK
3618634.736	StudyPhase[2].LearningPhase_2.Word_2	LOADING RESOURCE SURFACE FROM DISK
3631251.051	StudyPhase[2].TestFeedback_2[1].Hint_2[1]	LOADING RESOURCE SURFACE FROM DISK
3634276.666	StudyPhase[2].TestFeedback_2[1].Feedback_2[1]	LOADING RESOURCE SURFACE FROM DISK
3636068.093	StudyPhase[2].TestFeedback_2[1].Hint_2[1]	LOADING RESOURCE SURFACE FROM DISK
3638210.102	StudyPhase[2].TestFeedback_2[1].Feedback_2[1]	LOADING RESOURCE SURFACE FROM DISK
3640001.432	StudyPhase[2].TestFeedback_2[1].Hint_2[1]	LOADING RESOURCE SURFACE FROM DISK
3643026.995	StudyPhase[2].TestFeedback_2[1].FeedbackPB_2[1]	LOADING RESOURCE SURFACE FROM DISK
3644817.99	StudyPhase[2].TestFeedback_2[1].Hint_2[1]	LOADING RESOURCE SURFACE FROM DISK
3647843.557	StudyPhase[2].TestFeedback_2[1].Feedback_2[1]	LOADING RESOURCE SURFACE FROM DISK
3649634.661	StudyPhase[2].TestFeedback_2[1].Hint_2[1]	LOADING RESOURCE SURFACE FROM DISK
3652659.985	StudyPhase[2].TestFeedback_2[1].Feedback_2[1]	LOADING RESOURCE SURFACE FROM DISK
3654451.569	StudyPhase[2].TestFeedback_2[1].Hint_2[1]	LOADING RESOURCE SURFACE FROM DISK
3657477.122	StudyPhase[2].TestFeedback_2[1].Feedback_2[1]	LOADING RESOURCE SURFACE FROM DISK
3659268.147	StudyPhase[2].TestFeedback_2[1].Hint_2[1]	LOADING RESOURCE SURFACE FROM DISK
3662293.777	StudyPhase[2].TestFeedback_2[1].Feedback_2[1]	LOADING RESOURCE SURFACE FROM DISK
3664084.784	StudyPhase[2].TestFeedback_2[1].Hint_2[1]	LOADING RESOURCE SURFACE FROM DISK
3666443.558	StudyPhase[2].TestFeedback_2[1].Feedback_2[1]	LOADING RESOURCE SURFACE FROM DISK
3668234.765	StudyPhase[2].TestFeedback_2[1].Hint_2[1]	LOADING RESOURCE SURFACE FROM DISK
3671260.49	StudyPhase[2].TestFeedback_2[1].Feedback_2[1]	LOADING RESOURCE SURFACE FROM DISK
3673051.308	StudyPhase[2].TestFeedback_2[1].Hint_2[1]	LOADING RESOURCE SURFACE FROM DISK
3675260.188	StudyPhase[2].TestFeedback_2[1].Feedback_2[1]	LOADING RESOURCE SURFACE FROM DISK
3677051.527	StudyPhase[2].TestFeedback_2[1].Hint_2[1]	LOADING RESOURCE SURFACE FROM DISK
3680010.215	StudyPhase[2].TestFeedback_2[1].FeedbackPB_2[1]	LOADING RESOURCE SURFACE FROM DISK
3681801.562	StudyPhase[2].TestFeedback_2[1].Hint_2[1]	LOADING RESOURCE SURFACE FROM DISK
3683660.705	StudyPhase[2].TestFeedback_2[1].Feedback_2[1]	LOADING RESOURCE SURFACE FROM DISK
3685451.524	StudyPhase[2].TestFeedback_2[1].Hint_2[1]	LOADING RESOURCE SURFACE FROM DISK
3688477.111	StudyPhase[2].TestFeedback_2[1].Feedback_2[1]	LOADING RESOURCE SURFACE FROM DISK
3690268.294	StudyPhase[2].TestFeedback_2[1].Hint_2[1]	LOADING RESOURCE SURFACE FROM DISK
3692393.81	StudyPhase[2].TestFeedback_2[1].FeedbackPB_2[1]	LOADING RESOURCE SURFACE FROM DISK
3694184.848	StudyPhase[2].TestFeedback_2[1].Hint_2[1]	LOADING RESOURCE SURFACE FROM DISK
3697210.401	StudyPhase[2].TestFeedback_2[1].Feedback_2[1]	LOADING RESOURCE SURFACE FROM DISK
3699001.712	StudyPhase[2].TestFeedback_2[1].Hint_2[1]	LOADING RESOURCE SURFACE FROM DISK
3701294.183	StudyPhase[2].TestFeedback_2[1].Feedback_2[1]	LOADING RESOURCE SURFACE FROM DISK
3703085.177	StudyPhase[2].TestFeedback_2[1].Hint_2[1]	LOADING RESOURCE SURFACE FROM DISK
3706110.41	StudyPhase[2].TestFeedback_2[1].Feedback_2[1]	LOADING RESOURCE SURFACE FROM DISK
3707901.635	StudyPhase[2].TestFeedback_2[1].Hint_2[1]	LOADING RESOURCE SURFACE FROM DISK
3710627.447	StudyPhase[2].TestFeedback_2[1].Feedback_2[1]	LOADING RESOURCE SURFACE FROM DISK
3712418.552	StudyPhase[2].TestFeedback_2[1].Hint_2[1]	LOADING RESOURCE SURFACE FROM DISK
3715443.945	StudyPhase[2].TestFeedback_2[1].Feedback_2[1]	LOADING RESOURCE SURFACE FROM DISK
3717235.128	StudyPhase[2].TestFeedback_2[1].Hint_2[1]	LOADING RESOURCE SURFACE FROM DISK
3719510.539	StudyPhase[2].TestFeedback_2[1].Feedback_2[1]	LOADING RESOURCE SURFACE FROM DISK
3721301.744	StudyPhase[2].TestFeedback_2[1].Hint_2[1]	LOADING RESOURCE SURFACE FROM DISK
3724327.511	StudyPhase[2].TestFeedback_2[1].FeedbackPB_2[1]	LOADING RESOURCE SURFACE FROM DISK
3726118.573	StudyPhase[2].TestFeedback_2[1].Hint_2[1]	LOADING RESOURCE SURFACE FROM DISK
3729144.544	StudyPhase[2].TestFeedback_2[1].FeedbackPB_2[1]	LOADING RESOURCE SURFACE FROM DISK
3730935.561	StudyPhase[2].TestFeedback_2[1].Hint_2[1]	LOADING RESOURCE SURFACE FROM DISK
3732510.619	StudyPhase[2].TestFeedback_2[1].Feedback_2[1]	LOADING RESOURCE SURFACE FROM DISK
3840195.804	StudyPhase[2].Reached_Criterion_2[2]	LOADING RESOURCE SURFACE FROM DISK
3840211.026	StudyPhase[2].Reached_Criterion_2[2]	LOADING RESOURCE SURFACE FROM DISK
3840223.78	StudyPhase[2].Reached_Criterion_2[2]	LOADING RESOURCE SURFACE FROM DISK
3840236.809	StudyPhase[2].Reached_Criterion_2[2]	LOADING RESOURCE SURFACE FROM DISK
3855618.687	StudyPhase[3].LearningPhase_3.Word_3	LOADING RESOURCE SURFACE FROM DISK
3859401.982	StudyPhase[3].LearningPhase_3.Word_3	LOADING RESOURCE SURFACE FROM DISK
3863185.522	StudyPhase[3].LearningPhase_3.Word_3	LOADING RESOURCE SURFACE FROM DISK
3866968.732	StudyPhase[3].LearningPhase_3.Word_3	LOADING RESOURCE SURFACE FROM DISK
3870751.863	StudyPhase[3].LearningPhase_3.Word_3	LOADING RESOURCE SURFACE FROM DISK
3874535.336	StudyPhase[3].LearningPhase_3.Word_3	LOADING RESOURCE SURFACE FROM DISK
3878318.665	StudyPhase[3].LearningPhase_3.Word_3	LOADING RESOURCE SURFACE FROM DISK
3882102.214	StudyPhase[3].LearningPhase_3.Word_3	LOADING RESOURCE SURFACE FROM DISK
3885885.519	StudyPhase[3].LearningPhase_3.Word_3	LOADING RESOURCE SURFACE FROM DISK
3889668.871	StudyPhase[3].LearningPhase_3.Word_3	LOADING RESOURCE SURFACE FROM DISK
3893452.605	StudyPhase[3].LearningPhase_3.Word_3	LOADING RESOURCE SURFACE FROM DISK
3897235.579	StudyPhase[3].LearningPhase_3.Word_3	LOADING RESOURCE SURFACE FROM DISK
3901018.947	StudyPhase[3].LearningPhase_3.Word_3	LOADING RESOURCE SURFACE FROM DISK
3904802.501	StudyPhase[3].LearningPhase_3.Word_3	LOADING RESOURCE SURFACE FROM DISK
3908585.697	StudyPhase[3].LearningPhase_3.Word_3	LOADING RESOURCE SURFACE FROM DISK
3912369.076	StudyPhase[3].LearningPhase_3.Word_3	LOADING RESOURCE SURFACE FROM DISK
3916435.773	StudyPhase[3].LearningPhase_3.Word_3	LOADING RESOURCE SURFACE FROM DISK
3916438.022	StudyPhase[3].LearningPhase_3.Word_3	flip time is later than desired time. Desired Time=3916163 Flip Time=3916447 Retrace Rate=16.641, prepareTime=298 flip request time 3916437
3920258.162	StudyPhase[3].LearningPhase_3.Word_3	LOADING RESOURCE SURFACE FROM DISK
3920260.262	StudyPhase[3].LearningPhase_3.Word_3	flip time is later than desired time. Desired Time=3920230 Flip Time=3920280 Retrace Rate=16.641, prepareTime=53 flip request time 3920260
3924052.232	StudyPhase[3].LearningPhase_3.Word_3	LOADING RESOURCE SURFACE FROM DISK
3927835.649	StudyPhase[3].LearningPhase_3.Word_3	LOADING RESOURCE SURFACE FROM DISK
3931619.32	StudyPhase[3].LearningPhase_3.Word_3	LOADING RESOURCE SURFACE FROM DISK
3935402.469	StudyPhase[3].LearningPhase_3.Word_3	LOADING RESOURCE SURFACE FROM DISK
3939185.622	StudyPhase[3].LearningPhase_3.Word_3	LOADING RESOURCE SURFACE FROM DISK
3948269.069	StudyPhase[3].TestFeedback_3[1].Hint_3[1]	LOADING RESOURCE SURFACE FROM DISK
3950745.123	StudyPhase[3].TestFeedback_3[1].FeedbackPB_3[1]	LOADING RESOURCE SURFACE FROM DISK
3952535.962	StudyPhase[3].TestFeedback_3[1].Hint_3[1]	LOADING RESOURCE SURFACE FROM DISK
3954578.258	StudyPhase[3].TestFeedback_3[1].Feedback_3[1]	LOADING RESOURCE SURFACE FROM DISK
3956368.955	StudyPhase[3].TestFeedback_3[1].Hint_3[1]	LOADING RESOURCE SURFACE FROM DISK
3958427.967	StudyPhase[3].TestFeedback_3[1].FeedbackPB_3[1]	LOADING RESOURCE SURFACE FROM DISK
3960219.116	StudyPhase[3].TestFeedback_3[1].Hint_3[1]	LOADING RESOURCE SURFACE FROM DISK
3963245.09	StudyPhase[3].TestFeedback_3[1].Feedback_3[1]	LOADING RESOURCE SURFACE FROM DISK
3965036.113	StudyPhase[3].TestFeedback_3[1].Hint_3[1]	LOADING RESOURCE SURFACE FROM DISK
3967961.252	StudyPhase[3].TestFeedback_3[1].Feedback_3[1]	LOADING RESOURCE SURFACE FROM DISK
3969752.559	StudyPhase[3].TestFeedback_3[1].Hint_3[1]	LOADING RESOURCE SURFACE FROM DISK
3972778.399	StudyPhase[3].TestFeedback_3[1].Feedback_3[1]	LOADING RESOURCE SURFACE FROM DISK
3974569.274	StudyPhase[3].TestFeedback_3[1].Hint_3[1]	LOADING RESOURCE SURFACE FROM DISK
3977594.947	StudyPhase[3].TestFeedback_3[1].FeedbackPB_3[1]	LOADING RESOURCE SURFACE FROM DISK
3979385.884	StudyPhase[3].TestFeedback_3[1].Hint_3[1]	LOADING RESOURCE SURFACE FROM DISK
3981911.531	StudyPhase[3].TestFeedback_3[1].FeedbackPB_3[1]	LOADING RESOURCE SURFACE FROM DISK
3983702.564	StudyPhase[3].TestFeedback_3[1].Hint_3[1]	LOADING RESOURCE SURFACE FROM DISK
3987200.871	StudyPhase[3].TestFeedback_3[1].FeedbackPB_3[1]	LOADING RESOURCE SURFACE FROM DISK
3988986.167	StudyPhase[3].TestFeedback_3[1].Hint_3[1]	LOADING RESOURCE SURFACE FROM DISK
3992011.608	StudyPhase[3].TestFeedback_3[1].Feedback_3[1]	LOADING RESOURCE SURFACE FROM DISK
3993802.872	StudyPhase[3].TestFeedback_3[1].Hint_3[1]	LOADING RESOURCE SURFACE FROM DISK
3996828.083	StudyPhase[3].TestFeedback_3[1].FeedbackPB_3[1]	LOADING RESOURCE SURFACE FROM DISK
3998619.603	StudyPhase[3].TestFeedback_3[1].Hint_3[1]	LOADING RESOURCE SURFACE FROM DISK
4001645.184	StudyPhase[3].TestFeedback_3[1].Feedback_3[1]	LOADING RESOURCE SURFACE FROM DISK
4003436.429	StudyPhase[3].TestFeedback_3[1].Hint_3[1]	LOADING RESOURCE SURFACE FROM DISK
4006462.08	StudyPhase[3].TestFeedback_3[1].Feedback_3[1]	LOADING RESOURCE SURFACE FROM DISK
4008252.828	StudyPhase[3].TestFeedback_3[1].Hint_3[1]	LOADING RESOURCE SURFACE FROM DISK
4011278.563	StudyPhase[3].TestFeedback_3[1].Feedback_3[1]	LOADING RESOURCE SURFACE FROM DISK
4013069.755	StudyPhase[3].TestFeedback_3[1].Hint_3[1]	LOADING RESOURCE SURFACE FROM DISK
4015362.042	StudyPhase[3].TestFeedback_3[1].Feedback_3[1]	LOADING RESOURCE SURFACE FROM DISK
4017152.908	StudyPhase[3].TestFeedback_3[1].Hint_3[1]	LOADING RESOURCE SURFACE FROM DISK
4020178.525	StudyPhase[3].TestFeedback_3[1].Feedback_3[1]	LOADING RESOURCE SURFACE FROM DISK
4021969.688	StudyPhase[3].TestFeedback_3[1].Hint_3[1]	LOADING RESOURCE SURFACE FROM DISK
4023861.609	StudyPhase[3].TestFeedback_3[1].Feedback_3[1]	LOADING RESOURCE SURFACE FROM DISK
4025653.185	StudyPhase[3].TestFeedback_3[1].Hint_3[1]	LOADING RESOURCE SURFACE FROM DISK
4028678.708	StudyPhase[3].TestFeedback_3[1].Feedback_3[1]	LOADING RESOURCE SURFACE FROM DISK
4030469.557	StudyPhase[3].TestFeedback_3[1].Hint_3[1]	LOADING RESOURCE SURFACE FROM DISK
4033495.813	StudyPhase[3].TestFeedback_3[1].Feedback_3[1]	LOADING RESOURCE SURFACE FROM DISK
4035286.507	StudyPhase[3].TestFeedback_3[1].Hint_3[1]	LOADING RESOURCE SURFACE FROM DISK
4038311.994	StudyPhase[3].TestFeedback_3[1].Feedback_3[1]	LOADING RESOURCE SURFACE FROM DISK
4040102.928	StudyPhase[3].TestFeedback_3[1].Hint_3[1]	LOADING RESOURCE SURFACE FROM DISK
4042761.815	StudyPhase[3].TestFeedback_3[1].Feedback_3[1]	LOADING RESOURCE SURFACE FROM DISK
4044553.093	StudyPhase[3].TestFeedback_3[1].Hint_3[1]	LOADING RESOURCE SURFACE FROM DISK
4047578.555	StudyPhase[3].TestFeedback_3[1].Feedback_3[1]	LOADING RESOURCE SURFACE FROM DISK
4049369.679	StudyPhase[3].TestFeedback_3[1].Hint_3[1]	LOADING RESOURCE SURFACE FROM DISK
4051962.358	StudyPhase[3].TestFeedback_3[1].FeedbackPB_3[1]	LOADING RESOURCE SURFACE FROM DISK
4174187.432	StudyPhase[4].LearningPhase_4.Word_4	LOADING RESOURCE SURFACE FROM DISK
4174189.916	StudyPhase[4].LearningPhase_4.Word_4	flip time is later than desired time. Desired Time=4174197 Flip Time=4174213 Retrace Rate=16.641, prepareTime=16 flip request time 4174189
4177987.215	StudyPhase[4].LearningPhase_4.Word_4	LOADING RESOURCE SURFACE FROM DISK
4177989.586	StudyPhase[4].LearningPhase_4.Word_4	flip time is later than desired time. Desired Time=4177997 Flip Time=4178013 Retrace Rate=16.641, prepareTime=16 flip request time 4177989
4181786.889	StudyPhase[4].LearningPhase_4.Word_4	LOADING RESOURCE SURFACE FROM DISK
4181789.191	StudyPhase[4].LearningPhase_4.Word_4	flip time is later than desired time. Desired Time=4181797 Flip Time=4181813 Retrace Rate=16.641, prepareTime=16 flip request time 4181788
4185586.986	StudyPhase[4].LearningPhase_4.Word_4	LOADING RESOURCE SURFACE FROM DISK
4185589.427	StudyPhase[4].LearningPhase_4.Word_4	flip time is later than desired time. Desired Time=4185597 Flip Time=4185613 Retrace Rate=16.641, prepareTime=16 flip request time 4185589
4189386.835	StudyPhase[4].LearningPhase_4.Word_4	LOADING RESOURCE SURFACE FROM DISK
4189389.278	StudyPhase[4].LearningPhase_4.Word_4	flip time is later than desired time. Desired Time=4189397 Flip Time=4189413 Retrace Rate=16.641, prepareTime=16 flip request time 4189389
4193186.876	StudyPhase[4].LearningPhase_4.Word_4	LOADING RESOURCE SURFACE FROM DISK
4193189.186	StudyPhase[4].LearningPhase_4.Word_4	flip time is later than desired time. Desired Time=4193197 Flip Time=4193213 Retrace Rate=16.641, prepareTime=16 flip request time 4193188
4196986.916	StudyPhase[4].LearningPhase_4.Word_4	LOADING RESOURCE SURFACE FROM DISK
4196989.193	StudyPhase[4].LearningPhase_4.Word_4	flip time is later than desired time. Desired Time=4196997 Flip Time=4197013 Retrace Rate=16.641, prepareTime=16 flip request time 4196988
4200786.916	StudyPhase[4].LearningPhase_4.Word_4	LOADING RESOURCE SURFACE FROM DISK
4204570.435	StudyPhase[4].LearningPhase_4.Word_4	LOADING RESOURCE SURFACE FROM DISK
4204572.674	StudyPhase[4].LearningPhase_4.Word_4	flip time is later than desired time. Desired Time=4204580 Flip Time=4204597 Retrace Rate=16.641, prepareTime=16 flip request time 4204572
4208370.046	StudyPhase[4].LearningPhase_4.Word_4	LOADING RESOURCE SURFACE FROM DISK
4212153.902	StudyPhase[4].LearningPhase_4.Word_4	LOADING RESOURCE SURFACE FROM DISK
4212156.264	StudyPhase[4].LearningPhase_4.Word_4	flip time is later than desired time. Desired Time=4212163 Flip Time=4212180 Retrace Rate=16.641, prepareTime=16 flip request time 4212156
4215953.619	StudyPhase[4].LearningPhase_4.Word_4	LOADING RESOURCE SURFACE FROM DISK
4215955.962	StudyPhase[4].LearningPhase_4.Word_4	flip time is later than desired time. Desired Time=4215963 Flip Time=4215980 Retrace Rate=16.641, prepareTime=16 flip request time 4215955
4219753.58	StudyPhase[4].LearningPhase_4.Word_4	LOADING RESOURCE SURFACE FROM DISK
4219756.017	StudyPhase[4].LearningPhase_4.Word_4	flip time is later than desired time. Desired Time=4219763 Flip Time=4219780 Retrace Rate=16.641, prepareTime=16 flip request time 4219755
4223554.058	StudyPhase[4].LearningPhase_4.Word_4	LOADING RESOURCE SURFACE FROM DISK
4223556.498	StudyPhase[4].LearningPhase_4.Word_4	flip time is later than desired time. Desired Time=4223563 Flip Time=4223580 Retrace Rate=16.641, prepareTime=16 flip request time 4223556
4227353.592	StudyPhase[4].LearningPhase_4.Word_4	LOADING RESOURCE SURFACE FROM DISK
4231137.431	StudyPhase[4].LearningPhase_4.Word_4	LOADING RESOURCE SURFACE FROM DISK
4231139.843	StudyPhase[4].LearningPhase_4.Word_4	flip time is later than desired time. Desired Time=4231147 Flip Time=4231163 Retrace Rate=16.641, prepareTime=16 flip request time 4231139
4234937.359	StudyPhase[4].LearningPhase_4.Word_4	LOADING RESOURCE SURFACE FROM DISK
4234939.781	StudyPhase[4].LearningPhase_4.Word_4	flip time is later than desired time. Desired Time=4234947 Flip Time=4234963 Retrace Rate=16.641, prepareTime=16 flip request time 4234939
4238736.956	StudyPhase[4].LearningPhase_4.Word_4	LOADING RESOURCE SURFACE FROM DISK
4242520.41	StudyPhase[4].LearningPhase_4.Word_4	LOADING RESOURCE SURFACE FROM DISK
4242522.828	StudyPhase[4].LearningPhase_4.Word_4	flip time is later than desired time. Desired Time=4242530 Flip Time=4242547 Retrace Rate=16.641, prepareTime=16 flip request time 4242522
4246320.385	StudyPhase[4].LearningPhase_4.Word_4	LOADING RESOURCE SURFACE FROM DISK
4246322.826	StudyPhase[4].LearningPhase_4.Word_4	flip time is later than desired time. Desired Time=4246330 Flip Time=4246347 Retrace Rate=16.641, prepareTime=16 flip request time 4246322
4250120.532	StudyPhase[4].LearningPhase_4.Word_4	LOADING RESOURCE SURFACE FROM DISK
4250122.929	StudyPhase[4].LearningPhase_4.Word_4	flip time is later than desired time. Desired Time=4250130 Flip Time=4250147 Retrace Rate=16.641, prepareTime=16 flip request time 4250122
4253920.714	StudyPhase[4].LearningPhase_4.Word_4	LOADING RESOURCE SURFACE FROM DISK
4253923.221	StudyPhase[4].LearningPhase_4.Word_4	flip time is later than desired time. Desired Time=4253930 Flip Time=4253947 Retrace Rate=16.641, prepareTime=16 flip request time 4253922
4257720.725	StudyPhase[4].LearningPhase_4.Word_4	LOADING RESOURCE SURFACE FROM DISK
4257723.136	StudyPhase[4].LearningPhase_4.Word_4	flip time is later than desired time. Desired Time=4257730 Flip Time=4257747 Retrace Rate=16.641, prepareTime=16 flip request time 4257722
4270037.316	StudyPhase[4].TestFeedback_4[1].Hint_4[1]	LOADING RESOURCE SURFACE FROM DISK
4270039.865	StudyPhase[4].TestFeedback_4[1].Hint_4[1]	flip time is later than desired time. Desired Time=4270047 Flip Time=4270063 Retrace Rate=16.641, prepareTime=16 flip request time 4270039
4273079.965	StudyPhase[4].TestFeedback_4[1].Feedback_4[1]	LOADING RESOURCE SURFACE FROM DISK
4274870.305	StudyPhase[4].TestFeedback_4[1].Hint_4[1]	LOADING RESOURCE SURFACE FROM DISK
4274872.829	StudyPhase[4].TestFeedback_4[1].Hint_4[1]	flip time is later than desired time. Desired Time=4274880 Flip Time=4274897 Retrace Rate=16.641, prepareTime=16 flip request time 4274872
4277912.745	StudyPhase[4].TestFeedback_4[1].Feedback_4[1]	LOADING RESOURCE SURFACE FROM DISK
4279704.145	StudyPhase[4].TestFeedback_4[1].Hint_4[1]	LOADING RESOURCE SURFACE FROM DISK
4279706.548	StudyPhase[4].TestFeedback_4[1].Hint_4[1]	flip time is later than desired time. Desired Time=4279713 Flip Time=4279730 Retrace Rate=16.641, prepareTime=16 flip request time 4279706
4282179.382	StudyPhase[4].TestFeedback_4[1].Feedback_4[1]	LOADING RESOURCE SURFACE FROM DISK
4283970.582	StudyPhase[4].TestFeedback_4[1].Hint_4[1]	LOADING RESOURCE SURFACE FROM DISK
4283973.035	StudyPhase[4].TestFeedback_4[1].Hint_4[1]	flip time is later than desired time. Desired Time=4283980 Flip Time=4283997 Retrace Rate=16.641, prepareTime=16 flip request time 4283972
4286729.653	StudyPhase[4].TestFeedback_4[1].Feedback_4[1]	LOADING RESOURCE SURFACE FROM DISK
4288520.683	StudyPhase[4].TestFeedback_4[1].Hint_4[1]	LOADING RESOURCE SURFACE FROM DISK
4288523.108	StudyPhase[4].TestFeedback_4[1].Hint_4[1]	flip time is later than desired time. Desired Time=4288530 Flip Time=4288547 Retrace Rate=16.641, prepareTime=16 flip request time 4288522
4291562.617	StudyPhase[4].TestFeedback_4[1].Feedback_4[1]	LOADING RESOURCE SURFACE FROM DISK
4293353.921	StudyPhase[4].TestFeedback_4[1].Hint_4[1]	LOADING RESOURCE SURFACE FROM DISK
4293356.508	StudyPhase[4].TestFeedback_4[1].Hint_4[1]	flip time is later than desired time. Desired Time=4293363 Flip Time=4293380 Retrace Rate=16.641, prepareTime=16 flip request time 4293356
4296680.53	StudyPhase[4].TestFeedback_4[1].FeedbackPB_4[1]	LOADING RESOURCE SURFACE FROM DISK
4298470.803	StudyPhase[4].TestFeedback_4[1].Hint_4[1]	LOADING RESOURCE SURFACE FROM DISK
4298473.268	StudyPhase[4].TestFeedback_4[1].Hint_4[1]	flip time is later than desired time. Desired Time=4298480 Flip Time=4298497 Retrace Rate=16.641, prepareTime=16 flip request time 4298472
4301512.621	StudyPhase[4].TestFeedback_4[1].Feedback_4[1]	LOADING RESOURCE SURFACE FROM DISK
4303304.021	StudyPhase[4].TestFeedback_4[1].Hint_4[1]	LOADING RESOURCE SURFACE FROM DISK
4303306.487	StudyPhase[4].TestFeedback_4[1].Hint_4[1]	flip time is later than desired time. Desired Time=4303313 Flip Time=4303330 Retrace Rate=16.641, prepareTime=16 flip request time 4303306
4306113.213	StudyPhase[4].TestFeedback_4[1].Feedback_4[1]	LOADING RESOURCE SURFACE FROM DISK
4307904.198	StudyPhase[4].TestFeedback_4[1].Hint_4[1]	LOADING RESOURCE SURFACE FROM DISK
4307906.831	StudyPhase[4].TestFeedback_4[1].Hint_4[1]	flip time is later than desired time. Desired Time=4307913 Flip Time=4307930 Retrace Rate=16.641, prepareTime=16 flip request time 4307906
4310946.233	StudyPhase[4].TestFeedback_4[1].FeedbackPB_4[1]	LOADING RESOURCE SURFACE FROM DISK
4312737.851	StudyPhase[4].TestFeedback_4[1].Hint_4[1]	LOADING RESOURCE SURFACE FROM DISK
4312740.466	StudyPhase[4].TestFeedback_4[1].Hint_4[1]	flip time is later than desired time. Desired Time=4312747 Flip Time=4312763 Retrace Rate=16.641, prepareTime=17 flip request time 4312740
4314803.141	StudyPhase[4].TestFeedback_4[1].FeedbackPB_4[1]	LOADING RESOURCE SURFACE FROM DISK
4316604.064	StudyPhase[4].TestFeedback_4[1].Hint_4[1]	LOADING RESOURCE SURFACE FROM DISK
4316606.675	StudyPhase[4].TestFeedback_4[1].Hint_4[1]	flip time is later than desired time. Desired Time=4316613 Flip Time=4316630 Retrace Rate=16.641, prepareTime=16 flip request time 4316606
4319646.539	StudyPhase[4].TestFeedback_4[1].Feedback_4[1]	LOADING RESOURCE SURFACE FROM DISK
4321437.403	StudyPhase[4].TestFeedback_4[1].Hint_4[1]	LOADING RESOURCE SURFACE FROM DISK
4321439.871	StudyPhase[4].TestFeedback_4[1].Hint_4[1]	flip time is later than desired time. Desired Time=4321447 Flip Time=4321463 Retrace Rate=16.641, prepareTime=16 flip request time 4321439
4324480.037	StudyPhase[4].TestFeedback_4[1].Feedback_4[1]	LOADING RESOURCE SURFACE FROM DISK
4326271.371	StudyPhase[4].TestFeedback_4[1].Hint_4[1]	LOADING RESOURCE SURFACE FROM DISK
4326273.987	StudyPhase[4].TestFeedback_4[1].Hint_4[1]	flip time is later than desired time. Desired Time=4326280 Flip Time=4326297 Retrace Rate=16.641, prepareTime=17 flip request time 4326273
4328130.086	StudyPhase[4].TestFeedback_4[1].Feedback_4[1]	LOADING RESOURCE SURFACE FROM DISK
4329921.147	StudyPhase[4].TestFeedback_4[1].Hint_4[1]	LOADING RESOURCE SURFACE FROM DISK
4329923.822	StudyPhase[4].TestFeedback_4[1].Hint_4[1]	flip time is later than desired time. Desired Time=4329930 Flip Time=4329947 Retrace Rate=16.641, prepareTime=17 flip request time 4329923
4332713.548	StudyPhase[4].TestFeedback_4[1].Feedback_4[1]	LOADING RESOURCE SURFACE FROM DISK
4334504.508	StudyPhase[4].TestFeedback_4[1].Hint_4[1]	LOADING RESOURCE SURFACE FROM DISK
4334507.032	StudyPhase[4].TestFeedback_4[1].Hint_4[1]	flip time is later than desired time. Desired Time=4334513 Flip Time=4334530 Retrace Rate=16.641, prepareTime=17 flip request time 4334506
4337546.514	StudyPhase[4].TestFeedback_4[1].FeedbackPB_4[1]	LOADING RESOURCE SURFACE FROM DISK
4339337.877	StudyPhase[4].TestFeedback_4[1].Hint_4[1]	LOADING RESOURCE SURFACE FROM DISK
4339340.464	StudyPhase[4].TestFeedback_4[1].Hint_4[1]	flip time is later than desired time. Desired Time=4339347 Flip Time=4339363 Retrace Rate=16.641, prepareTime=17 flip request time 4339340
4342380.303	StudyPhase[4].TestFeedback_4[1].Feedback_4[1]	LOADING RESOURCE SURFACE FROM DISK
4344171.039	StudyPhase[4].TestFeedback_4[1].Hint_4[1]	LOADING RESOURCE SURFACE FROM DISK
4344173.846	StudyPhase[4].TestFeedback_4[1].Hint_4[1]	flip time is later than desired time. Desired Time=4344180 Flip Time=4344197 Retrace Rate=16.641, prepareTime=17 flip request time 4344173
4347213.363	StudyPhase[4].TestFeedback_4[1].Feedback_4[1]	LOADING RESOURCE SURFACE FROM DISK
4349004.569	StudyPhase[4].TestFeedback_4[1].Hint_4[1]	LOADING RESOURCE SURFACE FROM DISK
4349007.098	StudyPhase[4].TestFeedback_4[1].Hint_4[1]	flip time is later than desired time. Desired Time=4349013 Flip Time=4349030 Retrace Rate=16.641, prepareTime=17 flip request time 4349006
4351063.979	StudyPhase[4].TestFeedback_4[1].Feedback_4[1]	LOADING RESOURCE SURFACE FROM DISK
4352854.78	StudyPhase[4].TestFeedback_4[1].Hint_4[1]	LOADING RESOURCE SURFACE FROM DISK
4352857.331	StudyPhase[4].TestFeedback_4[1].Hint_4[1]	flip time is later than desired time. Desired Time=4352863 Flip Time=4352880 Retrace Rate=16.641, prepareTime=17 flip request time 4352857
4355713.856	StudyPhase[4].TestFeedback_4[1].FeedbackPB_4[1]	LOADING RESOURCE SURFACE FROM DISK
4357504.924	StudyPhase[4].TestFeedback_4[1].Hint_4[1]	LOADING RESOURCE SURFACE FROM DISK
4357507.64	StudyPhase[4].TestFeedback_4[1].Hint_4[1]	flip time is later than desired time. Desired Time=4357513 Flip Time=4357530 Retrace Rate=16.641, prepareTime=17 flip request time 4357507
4360363.729	StudyPhase[4].TestFeedback_4[1].Feedback_4[1]	LOADING RESOURCE SURFACE FROM DISK
4362154.92	StudyPhase[4].TestFeedback_4[1].Hint_4[1]	LOADING RESOURCE SURFACE FROM DISK
4362157.639	StudyPhase[4].TestFeedback_4[1].Hint_4[1]	flip time is later than desired time. Desired Time=4362163 Flip Time=4362180 Retrace Rate=16.641, prepareTime=17 flip request time 4362157
4365479.482	StudyPhase[4].TestFeedback_4[1].Feedback_4[1]	LOADING RESOURCE SURFACE FROM DISK
4367271.256	StudyPhase[4].TestFeedback_4[1].Hint_4[1]	LOADING RESOURCE SURFACE FROM DISK
4367273.917	StudyPhase[4].TestFeedback_4[1].Hint_4[1]	flip time is later than desired time. Desired Time=4367280 Flip Time=4367297 Retrace Rate=16.641, prepareTime=17 flip request time 4367273
4369880.854	StudyPhase[4].TestFeedback_4[1].Feedback_4[1]	LOADING RESOURCE SURFACE FROM DISK
4371671.784	StudyPhase[4].TestFeedback_4[1].Hint_4[1]	LOADING RESOURCE SURFACE FROM DISK
4371674.487	StudyPhase[4].TestFeedback_4[1].Hint_4[1]	flip time is later than desired time. Desired Time=4371680 Flip Time=4371697 Retrace Rate=16.641, prepareTime=17 flip request time 4371674
4373764.341	StudyPhase[4].TestFeedback_4[1].Feedback_4[1]	LOADING RESOURCE SURFACE FROM DISK
