5340.378	areyouready	LOADING RESOURCE SURFACE FROM DISK
2150607.764	StudyPhase[1].LearningPhase_1.Word_1	LOADING RESOURCE SURFACE FROM DISK
2150609.418	StudyPhase[1].LearningPhase_1.Word_1	flip time is later than desired time. Desired Time=2150579 Flip Time=2150629 Retrace Rate=16.642, prepareTime=53 flip request time 2150609
2154416.68	StudyPhase[1].LearningPhase_1.Word_1	LOADING RESOURCE SURFACE FROM DISK
2154418.406	StudyPhase[1].LearningPhase_1.Word_1	flip time is later than desired time. Desired Time=2154413 Flip Time=2154429 Retrace Rate=16.642, prepareTime=29 flip request time 2154418
2158233.982	StudyPhase[1].LearningPhase_1.Word_1	LOADING RESOURCE SURFACE FROM DISK
2158235.628	StudyPhase[1].LearningPhase_1.Word_1	flip time is later than desired time. Desired Time=2158213 Flip Time=2158246 Retrace Rate=16.642, prepareTime=46 flip request time 2158235
2162016.75	StudyPhase[1].LearningPhase_1.Word_1	LOADING RESOURCE SURFACE FROM DISK
2165841.788	StudyPhase[1].LearningPhase_1.Word_1	LOADING RESOURCE SURFACE FROM DISK
2165843.457	StudyPhase[1].LearningPhase_1.Word_1	flip time is later than desired time. Desired Time=2165813 Flip Time=2165863 Retrace Rate=16.642, prepareTime=54 flip request time 2165843
2169633.349	StudyPhase[1].LearningPhase_1.Word_1	LOADING RESOURCE SURFACE FROM DISK
2173416.744	StudyPhase[1].LearningPhase_1.Word_1	LOADING RESOURCE SURFACE FROM DISK
2177238.709	StudyPhase[1].LearningPhase_1.Word_1	LOADING RESOURCE SURFACE FROM DISK
2177240.357	StudyPhase[1].LearningPhase_1.Word_1	flip time is later than desired time. Desired Time=2177213 Flip Time=2177263 Retrace Rate=16.642, prepareTime=51 flip request time 2177240
2181075.266	StudyPhase[1].LearningPhase_1.Word_1	LOADING RESOURCE SURFACE FROM DISK
2181076.89	StudyPhase[1].LearningPhase_1.Word_1	flip time is later than desired time. Desired Time=2181046 Flip Time=2181096 Retrace Rate=16.642, prepareTime=54 flip request time 2181076
2184866.376	StudyPhase[1].LearningPhase_1.Word_1	LOADING RESOURCE SURFACE FROM DISK
2188649.979	StudyPhase[1].LearningPhase_1.Word_1	LOADING RESOURCE SURFACE FROM DISK
2192433.076	StudyPhase[1].LearningPhase_1.Word_1	LOADING RESOURCE SURFACE FROM DISK
2196216.5	StudyPhase[1].LearningPhase_1.Word_1	LOADING RESOURCE SURFACE FROM DISK
2199999.803	StudyPhase[1].LearningPhase_1.Word_1	LOADING RESOURCE SURFACE FROM DISK
2203805.415	StudyPhase[1].LearningPhase_1.Word_1	LOADING RESOURCE SURFACE FROM DISK
2203807.01	StudyPhase[1].LearningPhase_1.Word_1	flip time is later than desired time. Desired Time=2203796 Flip Time=2203829 Retrace Rate=16.642, prepareTime=34 flip request time 2203806
2207641.43	StudyPhase[1].LearningPhase_1.Word_1	LOADING RESOURCE SURFACE FROM DISK
2207643.082	StudyPhase[1].LearningPhase_1.Word_1	flip time is later than desired time. Desired Time=2207613 Flip Time=2207663 Retrace Rate=16.642, prepareTime=54 flip request time 2207642
2211469.887	StudyPhase[1].LearningPhase_1.Word_1	LOADING RESOURCE SURFACE FROM DISK
2211471.571	StudyPhase[1].LearningPhase_1.Word_1	flip time is later than desired time. Desired Time=2211446 Flip Time=2211479 Retrace Rate=16.642, prepareTime=49 flip request time 2211471
2215287.54	StudyPhase[1].LearningPhase_1.Word_1	LOADING RESOURCE SURFACE FROM DISK
2215289.12	StudyPhase[1].LearningPhase_1.Word_1	flip time is later than desired time. Desired Time=2215263 Flip Time=2215313 Retrace Rate=16.642, prepareTime=49 flip request time 2215288
2219083.338	StudyPhase[1].LearningPhase_1.Word_1	LOADING RESOURCE SURFACE FROM DISK
2222866.697	StudyPhase[1].LearningPhase_1.Word_1	LOADING RESOURCE SURFACE FROM DISK
2226650.17	StudyPhase[1].LearningPhase_1.Word_1	LOADING RESOURCE SURFACE FROM DISK
2230433.671	StudyPhase[1].LearningPhase_1.Word_1	LOADING RESOURCE SURFACE FROM DISK
2234257.923	StudyPhase[1].LearningPhase_1.Word_1	LOADING RESOURCE SURFACE FROM DISK
2234259.662	StudyPhase[1].LearningPhase_1.Word_1	flip time is later than desired time. Desired Time=2234229 Flip Time=2234279 Retrace Rate=16.642, prepareTime=54 flip request time 2234259
2375566.854	StudyPhase[1].TestFeedback_1[1].Hint_1[1]	LOADING RESOURCE SURFACE FROM DISK
2375568.558	StudyPhase[1].TestFeedback_1[1].Hint_1[1]	flip time is later than desired time. Desired Time=2375563 Flip Time=2375579 Retrace Rate=16.642, prepareTime=29 flip request time 2375568
2377431.669	StudyPhase[1].TestFeedback_1[1].Feedback_1[1]	LOADING RESOURCE SURFACE FROM DISK
2379216.609	StudyPhase[1].TestFeedback_1[1].Hint_1[1]	LOADING RESOURCE SURFACE FROM DISK
2382265.747	StudyPhase[1].TestFeedback_1[1].Feedback_1[1]	LOADING RESOURCE SURFACE FROM DISK
2384099.206	StudyPhase[1].TestFeedback_1[1].Hint_1[1]	LOADING RESOURCE SURFACE FROM DISK
2384100.969	StudyPhase[1].TestFeedback_1[1].Hint_1[1]	flip time is later than desired time. Desired Time=2384063 Flip Time=2384113 Retrace Rate=16.642, prepareTime=61 flip request time 2384100
2386542.294	StudyPhase[1].TestFeedback_1[1].FeedbackPB_1[1]	LOADING RESOURCE SURFACE FROM DISK
2388370.381	StudyPhase[1].TestFeedback_1[1].Hint_1[1]	LOADING RESOURCE SURFACE FROM DISK
2388372.135	StudyPhase[1].TestFeedback_1[1].Hint_1[1]	flip time is later than desired time. Desired Time=2388346 Flip Time=2388396 Retrace Rate=16.642, prepareTime=49 flip request time 2388371
2391442.597	StudyPhase[1].TestFeedback_1[1].Feedback_1[1]	LOADING RESOURCE SURFACE FROM DISK
2393233.384	StudyPhase[1].TestFeedback_1[1].Hint_1[1]	LOADING RESOURCE SURFACE FROM DISK
2395992.029	StudyPhase[1].TestFeedback_1[1].Feedback_1[1]	LOADING RESOURCE SURFACE FROM DISK
2397783.603	StudyPhase[1].TestFeedback_1[1].Hint_1[1]	LOADING RESOURCE SURFACE FROM DISK
2399709.038	StudyPhase[1].TestFeedback_1[1].Feedback_1[1]	LOADING RESOURCE SURFACE FROM DISK
2401499.987	StudyPhase[1].TestFeedback_1[1].Hint_1[1]	LOADING RESOURCE SURFACE FROM DISK
2404525.547	StudyPhase[1].TestFeedback_1[1].FeedbackPB_1[1]	LOADING RESOURCE SURFACE FROM DISK
2406317.051	StudyPhase[1].TestFeedback_1[1].Hint_1[1]	LOADING RESOURCE SURFACE FROM DISK
2409342.401	StudyPhase[1].TestFeedback_1[1].FeedbackPB_1[1]	LOADING RESOURCE SURFACE FROM DISK
2411133.684	StudyPhase[1].TestFeedback_1[1].Hint_1[1]	LOADING RESOURCE SURFACE FROM DISK
2414092.295	StudyPhase[1].TestFeedback_1[1].FeedbackPB_1[1]	LOADING RESOURCE SURFACE FROM DISK
2415883.364	StudyPhase[1].TestFeedback_1[1].Hint_1[1]	LOADING RESOURCE SURFACE FROM DISK
2417709.285	StudyPhase[1].TestFeedback_1[1].Feedback_1[1]	LOADING RESOURCE SURFACE FROM DISK
2419500.239	StudyPhase[1].TestFeedback_1[1].Hint_1[1]	LOADING RESOURCE SURFACE FROM DISK
2421292.415	StudyPhase[1].TestFeedback_1[1].Feedback_1[1]	LOADING RESOURCE SURFACE FROM DISK
2423083.654	StudyPhase[1].TestFeedback_1[1].Hint_1[1]	LOADING RESOURCE SURFACE FROM DISK
2424959.33	StudyPhase[1].TestFeedback_1[1].Feedback_1[1]	LOADING RESOURCE SURFACE FROM DISK
2426750.126	StudyPhase[1].TestFeedback_1[1].Hint_1[1]	LOADING RESOURCE SURFACE FROM DISK
2429775.85	StudyPhase[1].TestFeedback_1[1].Feedback_1[1]	LOADING RESOURCE SURFACE FROM DISK
2431567.118	StudyPhase[1].TestFeedback_1[1].Hint_1[1]	LOADING RESOURCE SURFACE FROM DISK
2433892.506	StudyPhase[1].TestFeedback_1[1].Feedback_1[1]	LOADING RESOURCE SURFACE FROM DISK
2435683.534	StudyPhase[1].TestFeedback_1[1].Hint_1[1]	LOADING RESOURCE SURFACE FROM DISK
2437925.856	StudyPhase[1].TestFeedback_1[1].Feedback_1[1]	LOADING RESOURCE SURFACE FROM DISK
2439716.715	StudyPhase[1].TestFeedback_1[1].Hint_1[1]	LOADING RESOURCE SURFACE FROM DISK
2441792.592	StudyPhase[1].TestFeedback_1[1].Feedback_1[1]	LOADING RESOURCE SURFACE FROM DISK
2443583.777	StudyPhase[1].TestFeedback_1[1].Hint_1[1]	LOADING RESOURCE SURFACE FROM DISK
2446551.461	StudyPhase[1].TestFeedback_1[1].Feedback_1[1]	LOADING RESOURCE SURFACE FROM DISK
2448369.133	StudyPhase[1].TestFeedback_1[1].Hint_1[1]	LOADING RESOURCE SURFACE FROM DISK
2448370.867	StudyPhase[1].TestFeedback_1[1].Hint_1[1]	flip time is later than desired time. Desired Time=2448346 Flip Time=2448379 Retrace Rate=16.642, prepareTime=48 flip request time 2448370
2451392.59	StudyPhase[1].TestFeedback_1[1].Feedback_1[1]	LOADING RESOURCE SURFACE FROM DISK
2453183.819	StudyPhase[1].TestFeedback_1[1].Hint_1[1]	LOADING RESOURCE SURFACE FROM DISK
2455176.037	StudyPhase[1].TestFeedback_1[1].Feedback_1[1]	LOADING RESOURCE SURFACE FROM DISK
2456966.894	StudyPhase[1].TestFeedback_1[1].Hint_1[1]	LOADING RESOURCE SURFACE FROM DISK
2459542.658	StudyPhase[1].TestFeedback_1[1].FeedbackPB_1[1]	LOADING RESOURCE SURFACE FROM DISK
2461333.851	StudyPhase[1].TestFeedback_1[1].Hint_1[1]	LOADING RESOURCE SURFACE FROM DISK
2463626.077	StudyPhase[1].TestFeedback_1[1].Feedback_1[1]	LOADING RESOURCE SURFACE FROM DISK
2465416.734	StudyPhase[1].TestFeedback_1[1].Hint_1[1]	LOADING RESOURCE SURFACE FROM DISK
2467607.667	StudyPhase[1].TestFeedback_1[1].Feedback_1[1]	LOADING RESOURCE SURFACE FROM DISK
2469400.615	StudyPhase[1].TestFeedback_1[1].Hint_1[1]	LOADING RESOURCE SURFACE FROM DISK
2472426.069	StudyPhase[1].TestFeedback_1[1].FeedbackPB_1[1]	LOADING RESOURCE SURFACE FROM DISK
2473460.906	StudyPhase[1].Reached_Criterion_1[1]	LOADING RESOURCE SURFACE FROM DISK
2473525.48	StudyPhase[1].Reached_Criterion_1[1]	LOADING RESOURCE SURFACE FROM DISK
2473537.437	StudyPhase[1].Reached_Criterion_1[1]	LOADING RESOURCE SURFACE FROM DISK
2473549.537	StudyPhase[1].Reached_Criterion_1[1]	LOADING RESOURCE SURFACE FROM DISK
2500576.816	StudyPhase[2].LearningPhase_2.Word_2	LOADING RESOURCE SURFACE FROM DISK
2500578.757	StudyPhase[2].LearningPhase_2.Word_2	flip time is later than desired time. Desired Time=2500546 Flip Time=2500596 Retrace Rate=16.642, prepareTime=56 flip request time 2500578
2504390.491	StudyPhase[2].LearningPhase_2.Word_2	LOADING RESOURCE SURFACE FROM DISK
2504392.331	StudyPhase[2].LearningPhase_2.Word_2	flip time is later than desired time. Desired Time=2504379 Flip Time=2504413 Retrace Rate=16.642, prepareTime=36 flip request time 2504392
2508183.87	StudyPhase[2].LearningPhase_2.Word_2	LOADING RESOURCE SURFACE FROM DISK
2512004.632	StudyPhase[2].LearningPhase_2.Word_2	LOADING RESOURCE SURFACE FROM DISK
2512006.503	StudyPhase[2].LearningPhase_2.Word_2	flip time is later than desired time. Desired Time=2511979 Flip Time=2512029 Retrace Rate=16.642, prepareTime=50 flip request time 2512006
2515800.966	StudyPhase[2].LearningPhase_2.Word_2	LOADING RESOURCE SURFACE FROM DISK
2519584.368	StudyPhase[2].LearningPhase_2.Word_2	LOADING RESOURCE SURFACE FROM DISK
2523641.308	StudyPhase[2].LearningPhase_2.Word_2	LOADING RESOURCE SURFACE FROM DISK
2523643.136	StudyPhase[2].LearningPhase_2.Word_2	flip time is later than desired time. Desired Time=2523379 Flip Time=2523663 Retrace Rate=16.642, prepareTime=287 flip request time 2523642
2527472.126	StudyPhase[2].LearningPhase_2.Word_2	LOADING RESOURCE SURFACE FROM DISK
2527473.956	StudyPhase[2].LearningPhase_2.Word_2	flip time is later than desired time. Desired Time=2527446 Flip Time=2527496 Retrace Rate=16.642, prepareTime=51 flip request time 2527473
2531267.672	StudyPhase[2].LearningPhase_2.Word_2	LOADING RESOURCE SURFACE FROM DISK
2535050.964	StudyPhase[2].LearningPhase_2.Word_2	LOADING RESOURCE SURFACE FROM DISK
2538833.99	StudyPhase[2].LearningPhase_2.Word_2	LOADING RESOURCE SURFACE FROM DISK
2542617.727	StudyPhase[2].LearningPhase_2.Word_2	LOADING RESOURCE SURFACE FROM DISK
2546401.041	StudyPhase[2].LearningPhase_2.Word_2	LOADING RESOURCE SURFACE FROM DISK
2550184.321	StudyPhase[2].LearningPhase_2.Word_2	LOADING RESOURCE SURFACE FROM DISK
2553967.403	StudyPhase[2].LearningPhase_2.Word_2	LOADING RESOURCE SURFACE FROM DISK
2557751.301	StudyPhase[2].LearningPhase_2.Word_2	LOADING RESOURCE SURFACE FROM DISK
2561534.395	StudyPhase[2].LearningPhase_2.Word_2	LOADING RESOURCE SURFACE FROM DISK
2565358.112	StudyPhase[2].LearningPhase_2.Word_2	LOADING RESOURCE SURFACE FROM DISK
2565359.976	StudyPhase[2].LearningPhase_2.Word_2	flip time is later than desired time. Desired Time=2565329 Flip Time=2565379 Retrace Rate=16.642, prepareTime=53 flip request time 2565359
2569150.785	StudyPhase[2].LearningPhase_2.Word_2	LOADING RESOURCE SURFACE FROM DISK
2572934.131	StudyPhase[2].LearningPhase_2.Word_2	LOADING RESOURCE SURFACE FROM DISK
2576995.258	StudyPhase[2].LearningPhase_2.Word_2	LOADING RESOURCE SURFACE FROM DISK
2576997.169	StudyPhase[2].LearningPhase_2.Word_2	flip time is later than desired time. Desired Time=2576729 Flip Time=2577013 Retrace Rate=16.642, prepareTime=291 flip request time 2576996
2580825.087	StudyPhase[2].LearningPhase_2.Word_2	LOADING RESOURCE SURFACE FROM DISK
2580826.928	StudyPhase[2].LearningPhase_2.Word_2	flip time is later than desired time. Desired Time=2580796 Flip Time=2580846 Retrace Rate=16.642, prepareTime=54 flip request time 2580826
2584617.786	StudyPhase[2].LearningPhase_2.Word_2	LOADING RESOURCE SURFACE FROM DISK
2596259.432	StudyPhase[2].TestFeedback_2[1].Hint_2[1]	LOADING RESOURCE SURFACE FROM DISK
2596261.253	StudyPhase[2].TestFeedback_2[1].Hint_2[1]	flip time is later than desired time. Desired Time=2596229 Flip Time=2596279 Retrace Rate=16.642, prepareTime=55 flip request time 2596261
2597993.141	StudyPhase[2].TestFeedback_2[1].FeedbackPB_2[1]	LOADING RESOURCE SURFACE FROM DISK
2599784.526	StudyPhase[2].TestFeedback_2[1].Hint_2[1]	LOADING RESOURCE SURFACE FROM DISK
2601252.556	StudyPhase[2].TestFeedback_2[1].Feedback_2[1]	LOADING RESOURCE SURFACE FROM DISK
2603034.259	StudyPhase[2].TestFeedback_2[1].Hint_2[1]	LOADING RESOURCE SURFACE FROM DISK
2606060.19	StudyPhase[2].TestFeedback_2[1].Feedback_2[1]	LOADING RESOURCE SURFACE FROM DISK
2607851.118	StudyPhase[2].TestFeedback_2[1].Hint_2[1]	LOADING RESOURCE SURFACE FROM DISK
2610876.563	StudyPhase[2].TestFeedback_2[1].Feedback_2[1]	LOADING RESOURCE SURFACE FROM DISK
2612667.673	StudyPhase[2].TestFeedback_2[1].Hint_2[1]	LOADING RESOURCE SURFACE FROM DISK
2614637.987	StudyPhase[2].TestFeedback_2[1].Feedback_2[1]	LOADING RESOURCE SURFACE FROM DISK
2616473.599	StudyPhase[2].TestFeedback_2[1].Hint_2[1]	LOADING RESOURCE SURFACE FROM DISK
2616475.522	StudyPhase[2].TestFeedback_2[1].Hint_2[1]	flip time is later than desired time. Desired Time=2616446 Flip Time=2616496 Retrace Rate=16.642, prepareTime=52 flip request time 2616475
2618095.94	StudyPhase[2].TestFeedback_2[1].FeedbackPB_2[1]	LOADING RESOURCE SURFACE FROM DISK
2619922.697	StudyPhase[2].TestFeedback_2[1].Hint_2[1]	LOADING RESOURCE SURFACE FROM DISK
2619924.657	StudyPhase[2].TestFeedback_2[1].Hint_2[1]	flip time is later than desired time. Desired Time=2619896 Flip Time=2619946 Retrace Rate=16.642, prepareTime=52 flip request time 2619924
2622973.616	StudyPhase[2].TestFeedback_2[1].Feedback_2[1]	LOADING RESOURCE SURFACE FROM DISK
2624805.516	StudyPhase[2].TestFeedback_2[1].Hint_2[1]	LOADING RESOURCE SURFACE FROM DISK
2624807.393	StudyPhase[2].TestFeedback_2[1].Hint_2[1]	flip time is later than desired time. Desired Time=2624779 Flip Time=2624829 Retrace Rate=16.642, prepareTime=51 flip request time 2624807
2627843.556	StudyPhase[2].TestFeedback_2[1].FeedbackPB_2[1]	LOADING RESOURCE SURFACE FROM DISK
2629634.542	StudyPhase[2].TestFeedback_2[1].Hint_2[1]	LOADING RESOURCE SURFACE FROM DISK
2631660.181	StudyPhase[2].TestFeedback_2[1].Feedback_2[1]	LOADING RESOURCE SURFACE FROM DISK
2633451.335	StudyPhase[2].TestFeedback_2[1].Hint_2[1]	LOADING RESOURCE SURFACE FROM DISK
2636476.8	StudyPhase[2].TestFeedback_2[1].FeedbackPB_2[1]	LOADING RESOURCE SURFACE FROM DISK
2638267.584	StudyPhase[2].TestFeedback_2[1].Hint_2[1]	LOADING RESOURCE SURFACE FROM DISK
2641335.651	StudyPhase[2].TestFeedback_2[1].Feedback_2[1]	LOADING RESOURCE SURFACE FROM DISK
2643118.068	StudyPhase[2].TestFeedback_2[1].Hint_2[1]	LOADING RESOURCE SURFACE FROM DISK
2644960.373	StudyPhase[2].TestFeedback_2[1].Feedback_2[1]	LOADING RESOURCE SURFACE FROM DISK
2646751.193	StudyPhase[2].TestFeedback_2[1].Hint_2[1]	LOADING RESOURCE SURFACE FROM DISK
2648577.176	StudyPhase[2].TestFeedback_2[1].Feedback_2[1]	LOADING RESOURCE SURFACE FROM DISK
2650368.3	StudyPhase[2].TestFeedback_2[1].Hint_2[1]	LOADING RESOURCE SURFACE FROM DISK
2653393.504	StudyPhase[2].TestFeedback_2[1].Feedback_2[1]	LOADING RESOURCE SURFACE FROM DISK
2655184.635	StudyPhase[2].TestFeedback_2[1].Hint_2[1]	LOADING RESOURCE SURFACE FROM DISK
2656577.033	StudyPhase[2].TestFeedback_2[1].Feedback_2[1]	LOADING RESOURCE SURFACE FROM DISK
2658368.22	StudyPhase[2].TestFeedback_2[1].Hint_2[1]	LOADING RESOURCE SURFACE FROM DISK
2660243.596	StudyPhase[2].TestFeedback_2[1].Feedback_2[1]	LOADING RESOURCE SURFACE FROM DISK
2662035.033	StudyPhase[2].TestFeedback_2[1].Hint_2[1]	LOADING RESOURCE SURFACE FROM DISK
2664443.689	StudyPhase[2].TestFeedback_2[1].FeedbackPB_2[1]	LOADING RESOURCE SURFACE FROM DISK
2666234.623	StudyPhase[2].TestFeedback_2[1].Hint_2[1]	LOADING RESOURCE SURFACE FROM DISK
2668877.333	StudyPhase[2].TestFeedback_2[1].FeedbackPB_2[1]	LOADING RESOURCE SURFACE FROM DISK
2670668.23	StudyPhase[2].TestFeedback_2[1].Hint_2[1]	LOADING RESOURCE SURFACE FROM DISK
2672560.103	StudyPhase[2].TestFeedback_2[1].Feedback_2[1]	LOADING RESOURCE SURFACE FROM DISK
2674351.527	StudyPhase[2].TestFeedback_2[1].Hint_2[1]	LOADING RESOURCE SURFACE FROM DISK
2676443.671	StudyPhase[2].TestFeedback_2[1].Feedback_2[1]	LOADING RESOURCE SURFACE FROM DISK
2678235.065	StudyPhase[2].TestFeedback_2[1].Hint_2[1]	LOADING RESOURCE SURFACE FROM DISK
2680160.328	StudyPhase[2].TestFeedback_2[1].Feedback_2[1]	LOADING RESOURCE SURFACE FROM DISK
2681951.512	StudyPhase[2].TestFeedback_2[1].Hint_2[1]	LOADING RESOURCE SURFACE FROM DISK
2684231.89	StudyPhase[2].TestFeedback_2[1].Feedback_2[1]	LOADING RESOURCE SURFACE FROM DISK
2686018.457	StudyPhase[2].TestFeedback_2[1].Hint_2[1]	LOADING RESOURCE SURFACE FROM DISK
2688181.818	StudyPhase[2].TestFeedback_2[1].Feedback_2[1]	LOADING RESOURCE SURFACE FROM DISK
2705085.123	StudyPhase[3].LearningPhase_3.Word_3	LOADING RESOURCE SURFACE FROM DISK
2708868.789	StudyPhase[3].LearningPhase_3.Word_3	LOADING RESOURCE SURFACE FROM DISK
2712651.811	StudyPhase[3].LearningPhase_3.Word_3	LOADING RESOURCE SURFACE FROM DISK
2716472.462	StudyPhase[3].LearningPhase_3.Word_3	LOADING RESOURCE SURFACE FROM DISK
2716474.531	StudyPhase[3].LearningPhase_3.Word_3	flip time is later than desired time. Desired Time=2716446 Flip Time=2716496 Retrace Rate=16.642, prepareTime=51 flip request time 2716474
2720268.69	StudyPhase[3].LearningPhase_3.Word_3	LOADING RESOURCE SURFACE FROM DISK
2724051.922	StudyPhase[3].LearningPhase_3.Word_3	LOADING RESOURCE SURFACE FROM DISK
2727835.535	StudyPhase[3].LearningPhase_3.Word_3	LOADING RESOURCE SURFACE FROM DISK
2731657.723	StudyPhase[3].LearningPhase_3.Word_3	LOADING RESOURCE SURFACE FROM DISK
2731659.821	StudyPhase[3].LearningPhase_3.Word_3	flip time is later than desired time. Desired Time=2731629 Flip Time=2731679 Retrace Rate=16.642, prepareTime=53 flip request time 2731659
2735452.3	StudyPhase[3].LearningPhase_3.Word_3	LOADING RESOURCE SURFACE FROM DISK
2739235.58	StudyPhase[3].LearningPhase_3.Word_3	LOADING RESOURCE SURFACE FROM DISK
2743083.299	StudyPhase[3].LearningPhase_3.Word_3	LOADING RESOURCE SURFACE FROM DISK
2743085.55	StudyPhase[3].LearningPhase_3.Word_3	flip time is later than desired time. Desired Time=2743029 Flip Time=2743096 Retrace Rate=16.642, prepareTime=79 flip request time 2743085
2746868.767	StudyPhase[3].LearningPhase_3.Word_3	LOADING RESOURCE SURFACE FROM DISK
2750696.757	StudyPhase[3].LearningPhase_3.Word_3	LOADING RESOURCE SURFACE FROM DISK
2750698.841	StudyPhase[3].LearningPhase_3.Word_3	flip time is later than desired time. Desired Time=2750663 Flip Time=2750713 Retrace Rate=16.642, prepareTime=59 flip request time 2750698
2754485.531	StudyPhase[3].LearningPhase_3.Word_3	LOADING RESOURCE SURFACE FROM DISK
2758268.852	StudyPhase[3].LearningPhase_3.Word_3	LOADING RESOURCE SURFACE FROM DISK
2762052.164	StudyPhase[3].LearningPhase_3.Word_3	LOADING RESOURCE SURFACE FROM DISK
2765835.537	StudyPhase[3].LearningPhase_3.Word_3	LOADING RESOURCE SURFACE FROM DISK
2769618.543	StudyPhase[3].LearningPhase_3.Word_3	LOADING RESOURCE SURFACE FROM DISK
2773414.728	StudyPhase[3].LearningPhase_3.Word_3	LOADING RESOURCE SURFACE FROM DISK
2773416.85	StudyPhase[3].LearningPhase_3.Word_3	flip time is later than desired time. Desired Time=2773413 Flip Time=2773429 Retrace Rate=16.642, prepareTime=27 flip request time 2773416
2777202.052	StudyPhase[3].LearningPhase_3.Word_3	LOADING RESOURCE SURFACE FROM DISK
2780985.685	StudyPhase[3].LearningPhase_3.Word_3	LOADING RESOURCE SURFACE FROM DISK
2784768.554	StudyPhase[3].LearningPhase_3.Word_3	LOADING RESOURCE SURFACE FROM DISK
2788552.254	StudyPhase[3].LearningPhase_3.Word_3	LOADING RESOURCE SURFACE FROM DISK
2799102.059	StudyPhase[3].TestFeedback_3[1].Hint_3[1]	LOADING RESOURCE SURFACE FROM DISK
2801427.666	StudyPhase[3].TestFeedback_3[1].Feedback_3[1]	LOADING RESOURCE SURFACE FROM DISK
2803218.668	StudyPhase[3].TestFeedback_3[1].Hint_3[1]	LOADING RESOURCE SURFACE FROM DISK
2805308.988	StudyPhase[3].TestFeedback_3[1].Feedback_3[1]	LOADING RESOURCE SURFACE FROM DISK
2807102.234	StudyPhase[3].TestFeedback_3[1].Hint_3[1]	LOADING RESOURCE SURFACE FROM DISK
2809277.933	StudyPhase[3].TestFeedback_3[1].FeedbackPB_3[1]	LOADING RESOURCE SURFACE FROM DISK
2811068.88	StudyPhase[3].TestFeedback_3[1].Hint_3[1]	LOADING RESOURCE SURFACE FROM DISK
2813494.309	StudyPhase[3].TestFeedback_3[1].Feedback_3[1]	LOADING RESOURCE SURFACE FROM DISK
2815285.583	StudyPhase[3].TestFeedback_3[1].Hint_3[1]	LOADING RESOURCE SURFACE FROM DISK
2817594.338	StudyPhase[3].TestFeedback_3[1].Feedback_3[1]	LOADING RESOURCE SURFACE FROM DISK
2819385.88	StudyPhase[3].TestFeedback_3[1].Hint_3[1]	LOADING RESOURCE SURFACE FROM DISK
2821327.583	StudyPhase[3].TestFeedback_3[1].Feedback_3[1]	LOADING RESOURCE SURFACE FROM DISK
2823119.073	StudyPhase[3].TestFeedback_3[1].Hint_3[1]	LOADING RESOURCE SURFACE FROM DISK
2825427.89	StudyPhase[3].TestFeedback_3[1].Feedback_3[1]	LOADING RESOURCE SURFACE FROM DISK
2827218.942	StudyPhase[3].TestFeedback_3[1].Hint_3[1]	LOADING RESOURCE SURFACE FROM DISK
2829561.063	StudyPhase[3].TestFeedback_3[1].FeedbackPB_3[1]	LOADING RESOURCE SURFACE FROM DISK
2831352.422	StudyPhase[3].TestFeedback_3[1].Hint_3[1]	LOADING RESOURCE SURFACE FROM DISK
2832761.52	StudyPhase[3].TestFeedback_3[1].FeedbackPB_3[1]	LOADING RESOURCE SURFACE FROM DISK
2834574.369	StudyPhase[3].TestFeedback_3[1].Hint_3[1]	LOADING RESOURCE SURFACE FROM DISK
2834576.525	StudyPhase[3].TestFeedback_3[1].Hint_3[1]	flip time is later than desired time. Desired Time=2834563 Flip Time=2834596 Retrace Rate=16.642, prepareTime=37 flip request time 2834576
2836213.398	StudyPhase[3].TestFeedback_3[1].Feedback_3[1]	LOADING RESOURCE SURFACE FROM DISK
2838002.361	StudyPhase[3].TestFeedback_3[1].Hint_3[1]	LOADING RESOURCE SURFACE FROM DISK
2841028.067	StudyPhase[3].TestFeedback_3[1].Feedback_3[1]	LOADING RESOURCE SURFACE FROM DISK
2842819.209	StudyPhase[3].TestFeedback_3[1].Hint_3[1]	LOADING RESOURCE SURFACE FROM DISK
2844477.64	StudyPhase[3].TestFeedback_3[1].Feedback_3[1]	LOADING RESOURCE SURFACE FROM DISK
2846269.175	StudyPhase[3].TestFeedback_3[1].Hint_3[1]	LOADING RESOURCE SURFACE FROM DISK
2847944.613	StudyPhase[3].TestFeedback_3[1].Feedback_3[1]	LOADING RESOURCE SURFACE FROM DISK
2849735.603	StudyPhase[3].TestFeedback_3[1].Hint_3[1]	LOADING RESOURCE SURFACE FROM DISK
2851610.972	StudyPhase[3].TestFeedback_3[1].Feedback_3[1]	LOADING RESOURCE SURFACE FROM DISK
2853402.468	StudyPhase[3].TestFeedback_3[1].Hint_3[1]	LOADING RESOURCE SURFACE FROM DISK
2855453.685	StudyPhase[3].TestFeedback_3[1].Feedback_3[1]	LOADING RESOURCE SURFACE FROM DISK
2857252.781	StudyPhase[3].TestFeedback_3[1].Hint_3[1]	LOADING RESOURCE SURFACE FROM DISK
2857255.007	StudyPhase[3].TestFeedback_3[1].Hint_3[1]	flip time is later than desired time. Desired Time=2857263 Flip Time=2857279 Retrace Rate=16.642, prepareTime=15 flip request time 2857254
2859161.747	StudyPhase[3].TestFeedback_3[1].FeedbackPB_3[1]	LOADING RESOURCE SURFACE FROM DISK
2860952.78	StudyPhase[3].TestFeedback_3[1].Hint_3[1]	LOADING RESOURCE SURFACE FROM DISK
2860955.089	StudyPhase[3].TestFeedback_3[1].Hint_3[1]	flip time is later than desired time. Desired Time=2860963 Flip Time=2860979 Retrace Rate=16.642, prepareTime=16 flip request time 2860954
2862661.495	StudyPhase[3].TestFeedback_3[1].Feedback_3[1]	LOADING RESOURCE SURFACE FROM DISK
2864452.713	StudyPhase[3].TestFeedback_3[1].Hint_3[1]	LOADING RESOURCE SURFACE FROM DISK
2864455.048	StudyPhase[3].TestFeedback_3[1].Hint_3[1]	flip time is later than desired time. Desired Time=2864463 Flip Time=2864479 Retrace Rate=16.642, prepareTime=15 flip request time 2864454
2867494.861	StudyPhase[3].TestFeedback_3[1].Feedback_3[1]	LOADING RESOURCE SURFACE FROM DISK
2869285.907	StudyPhase[3].TestFeedback_3[1].Hint_3[1]	LOADING RESOURCE SURFACE FROM DISK
2871328.828	StudyPhase[3].TestFeedback_3[1].Feedback_3[1]	LOADING RESOURCE SURFACE FROM DISK
2873119.336	StudyPhase[3].TestFeedback_3[1].Hint_3[1]	LOADING RESOURCE SURFACE FROM DISK
2876154.016	StudyPhase[3].TestFeedback_3[1].Feedback_3[1]	LOADING RESOURCE SURFACE FROM DISK
2877990.483	StudyPhase[3].TestFeedback_3[1].Hint_3[1]	LOADING RESOURCE SURFACE FROM DISK
2877992.787	StudyPhase[3].TestFeedback_3[1].Hint_3[1]	flip time is later than desired time. Desired Time=2877963 Flip Time=2878013 Retrace Rate=16.642, prepareTime=53 flip request time 2877992
2881028.45	StudyPhase[3].TestFeedback_3[1].Feedback_3[1]	LOADING RESOURCE SURFACE FROM DISK
2882819.775	StudyPhase[3].TestFeedback_3[1].Hint_3[1]	LOADING RESOURCE SURFACE FROM DISK
2882822.054	StudyPhase[3].TestFeedback_3[1].Hint_3[1]	flip time is later than desired time. Desired Time=2882829 Flip Time=2882846 Retrace Rate=16.642, prepareTime=16 flip request time 2882821
2884161.99	StudyPhase[3].TestFeedback_3[1].FeedbackPB_3[1]	LOADING RESOURCE SURFACE FROM DISK
2885953.155	StudyPhase[3].TestFeedback_3[1].Hint_3[1]	LOADING RESOURCE SURFACE FROM DISK
2885955.625	StudyPhase[3].TestFeedback_3[1].Hint_3[1]	flip time is later than desired time. Desired Time=2885963 Flip Time=2885979 Retrace Rate=16.642, prepareTime=16 flip request time 2885955
2887761.562	StudyPhase[3].TestFeedback_3[1].FeedbackPB_3[1]	LOADING RESOURCE SURFACE FROM DISK
2907485.627	StudyPhase[4].LearningPhase_4.Word_4	LOADING RESOURCE SURFACE FROM DISK
2907487.969	StudyPhase[4].LearningPhase_4.Word_4	flip time is later than desired time. Desired Time=2907213 Flip Time=2907496 Retrace Rate=16.642, prepareTime=298 flip request time 2907487
2911307.0	StudyPhase[4].LearningPhase_4.Word_4	LOADING RESOURCE SURFACE FROM DISK
2911309.505	StudyPhase[4].LearningPhase_4.Word_4	flip time is later than desired time. Desired Time=2911279 Flip Time=2911329 Retrace Rate=16.642, prepareTime=53 flip request time 2911309
2915103.028	StudyPhase[4].LearningPhase_4.Word_4	LOADING RESOURCE SURFACE FROM DISK
2915105.421	StudyPhase[4].LearningPhase_4.Word_4	flip time is later than desired time. Desired Time=2915113 Flip Time=2915129 Retrace Rate=16.642, prepareTime=16 flip request time 2915105
2918903.192	StudyPhase[4].LearningPhase_4.Word_4	LOADING RESOURCE SURFACE FROM DISK
2918905.593	StudyPhase[4].LearningPhase_4.Word_4	flip time is later than desired time. Desired Time=2918913 Flip Time=2918929 Retrace Rate=16.642, prepareTime=16 flip request time 2918905
2922703.528	StudyPhase[4].LearningPhase_4.Word_4	LOADING RESOURCE SURFACE FROM DISK
2922705.939	StudyPhase[4].LearningPhase_4.Word_4	flip time is later than desired time. Desired Time=2922713 Flip Time=2922729 Retrace Rate=16.642, prepareTime=16 flip request time 2922705
2926541.527	StudyPhase[4].LearningPhase_4.Word_4	LOADING RESOURCE SURFACE FROM DISK
2926543.77	StudyPhase[4].LearningPhase_4.Word_4	flip time is later than desired time. Desired Time=2926513 Flip Time=2926563 Retrace Rate=16.642, prepareTime=54 flip request time 2926543
2930336.564	StudyPhase[4].LearningPhase_4.Word_4	LOADING RESOURCE SURFACE FROM DISK
2930339.014	StudyPhase[4].LearningPhase_4.Word_4	flip time is later than desired time. Desired Time=2930346 Flip Time=2930363 Retrace Rate=16.642, prepareTime=16 flip request time 2930338
2934136.708	StudyPhase[4].LearningPhase_4.Word_4	LOADING RESOURCE SURFACE FROM DISK
2934139.041	StudyPhase[4].LearningPhase_4.Word_4	flip time is later than desired time. Desired Time=2934146 Flip Time=2934163 Retrace Rate=16.642, prepareTime=16 flip request time 2934138
2938213.126	StudyPhase[4].LearningPhase_4.Word_4	LOADING RESOURCE SURFACE FROM DISK
2938215.477	StudyPhase[4].LearningPhase_4.Word_4	flip time is later than desired time. Desired Time=2937946 Flip Time=2938229 Retrace Rate=16.642, prepareTime=293 flip request time 2938215
2942003.385	StudyPhase[4].LearningPhase_4.Word_4	LOADING RESOURCE SURFACE FROM DISK
2942005.828	StudyPhase[4].LearningPhase_4.Word_4	flip time is later than desired time. Desired Time=2942013 Flip Time=2942029 Retrace Rate=16.642, prepareTime=16 flip request time 2942005
2945803.36	StudyPhase[4].LearningPhase_4.Word_4	LOADING RESOURCE SURFACE FROM DISK
2945805.794	StudyPhase[4].LearningPhase_4.Word_4	flip time is later than desired time. Desired Time=2945813 Flip Time=2945829 Retrace Rate=16.642, prepareTime=16 flip request time 2945805
2949603.631	StudyPhase[4].LearningPhase_4.Word_4	LOADING RESOURCE SURFACE FROM DISK
2949605.943	StudyPhase[4].LearningPhase_4.Word_4	flip time is later than desired time. Desired Time=2949613 Flip Time=2949629 Retrace Rate=16.642, prepareTime=16 flip request time 2949605
2953451.795	StudyPhase[4].LearningPhase_4.Word_4	LOADING RESOURCE SURFACE FROM DISK
2953454.134	StudyPhase[4].LearningPhase_4.Word_4	flip time is later than desired time. Desired Time=2953413 Flip Time=2953463 Retrace Rate=16.642, prepareTime=65 flip request time 2953453
2957276.578	StudyPhase[4].LearningPhase_4.Word_4	LOADING RESOURCE SURFACE FROM DISK
2957278.878	StudyPhase[4].LearningPhase_4.Word_4	flip time is later than desired time. Desired Time=2957246 Flip Time=2957296 Retrace Rate=16.642, prepareTime=56 flip request time 2957278
2961102.876	StudyPhase[4].LearningPhase_4.Word_4	LOADING RESOURCE SURFACE FROM DISK
2961105.324	StudyPhase[4].LearningPhase_4.Word_4	flip time is later than desired time. Desired Time=2961079 Flip Time=2961129 Retrace Rate=16.642, prepareTime=49 flip request time 2961105
2964903.426	StudyPhase[4].LearningPhase_4.Word_4	LOADING RESOURCE SURFACE FROM DISK
2964905.783	StudyPhase[4].LearningPhase_4.Word_4	flip time is later than desired time. Desired Time=2964913 Flip Time=2964929 Retrace Rate=16.642, prepareTime=16 flip request time 2964905
2968703.54	StudyPhase[4].LearningPhase_4.Word_4	LOADING RESOURCE SURFACE FROM DISK
2968706.052	StudyPhase[4].LearningPhase_4.Word_4	flip time is later than desired time. Desired Time=2968713 Flip Time=2968729 Retrace Rate=16.642, prepareTime=16 flip request time 2968705
2972791.211	StudyPhase[4].LearningPhase_4.Word_4	LOADING RESOURCE SURFACE FROM DISK
2972793.639	StudyPhase[4].LearningPhase_4.Word_4	flip time is later than desired time. Desired Time=2972513 Flip Time=2972813 Retrace Rate=16.642, prepareTime=304 flip request time 2972793
2976628.087	StudyPhase[4].LearningPhase_4.Word_4	LOADING RESOURCE SURFACE FROM DISK
2976630.537	StudyPhase[4].LearningPhase_4.Word_4	flip time is later than desired time. Desired Time=2976596 Flip Time=2976646 Retrace Rate=16.642, prepareTime=58 flip request time 2976630
2980420.43	StudyPhase[4].LearningPhase_4.Word_4	LOADING RESOURCE SURFACE FROM DISK
2980422.831	StudyPhase[4].LearningPhase_4.Word_4	flip time is later than desired time. Desired Time=2980429 Flip Time=2980446 Retrace Rate=16.642, prepareTime=16 flip request time 2980422
2984239.634	StudyPhase[4].LearningPhase_4.Word_4	LOADING RESOURCE SURFACE FROM DISK
2984242.036	StudyPhase[4].LearningPhase_4.Word_4	flip time is later than desired time. Desired Time=2984229 Flip Time=2984263 Retrace Rate=16.642, prepareTime=36 flip request time 2984241
2988079.002	StudyPhase[4].LearningPhase_4.Word_4	LOADING RESOURCE SURFACE FROM DISK
2988081.429	StudyPhase[4].LearningPhase_4.Word_4	flip time is later than desired time. Desired Time=2988046 Flip Time=2988096 Retrace Rate=16.642, prepareTime=58 flip request time 2988081
2991870.094	StudyPhase[4].LearningPhase_4.Word_4	LOADING RESOURCE SURFACE FROM DISK
2991872.475	StudyPhase[4].LearningPhase_4.Word_4	flip time is later than desired time. Desired Time=2991879 Flip Time=2991896 Retrace Rate=16.642, prepareTime=16 flip request time 2991872
3009356.195	StudyPhase[4].TestFeedback_4[1].Hint_4[1]	LOADING RESOURCE SURFACE FROM DISK
3009358.715	StudyPhase[4].TestFeedback_4[1].Hint_4[1]	flip time is later than desired time. Desired Time=3009079 Flip Time=3009379 Retrace Rate=16.642, prepareTime=302 flip request time 3009358
3011696.773	StudyPhase[4].TestFeedback_4[1].Feedback_4[1]	LOADING RESOURCE SURFACE FROM DISK
3013509.045	StudyPhase[4].TestFeedback_4[1].Hint_4[1]	LOADING RESOURCE SURFACE FROM DISK
3013511.489	StudyPhase[4].TestFeedback_4[1].Hint_4[1]	flip time is later than desired time. Desired Time=3013496 Flip Time=3013529 Retrace Rate=16.642, prepareTime=38 flip request time 3013511
3015236.669	StudyPhase[4].TestFeedback_4[1].Feedback_4[1]	LOADING RESOURCE SURFACE FROM DISK
3017055.387	StudyPhase[4].TestFeedback_4[1].Hint_4[1]	LOADING RESOURCE SURFACE FROM DISK
3017057.959	StudyPhase[4].TestFeedback_4[1].Hint_4[1]	flip time is later than desired time. Desired Time=3017046 Flip Time=3017079 Retrace Rate=16.642, prepareTime=35 flip request time 3017057
3019382.086	StudyPhase[4].TestFeedback_4[1].FeedbackPB_4[1]	LOADING RESOURCE SURFACE FROM DISK
3021170.241	StudyPhase[4].TestFeedback_4[1].Hint_4[1]	LOADING RESOURCE SURFACE FROM DISK
3021172.687	StudyPhase[4].TestFeedback_4[1].Hint_4[1]	flip time is later than desired time. Desired Time=3021179 Flip Time=3021196 Retrace Rate=16.642, prepareTime=16 flip request time 3021172
3024212.286	StudyPhase[4].TestFeedback_4[1].Feedback_4[1]	LOADING RESOURCE SURFACE FROM DISK
3026003.632	StudyPhase[4].TestFeedback_4[1].Hint_4[1]	LOADING RESOURCE SURFACE FROM DISK
3026006.302	StudyPhase[4].TestFeedback_4[1].Hint_4[1]	flip time is later than desired time. Desired Time=3026013 Flip Time=3026029 Retrace Rate=16.642, prepareTime=17 flip request time 3026006
3029029.083	StudyPhase[4].TestFeedback_4[1].Feedback_4[1]	LOADING RESOURCE SURFACE FROM DISK
3030820.437	StudyPhase[4].TestFeedback_4[1].Hint_4[1]	LOADING RESOURCE SURFACE FROM DISK
3030822.961	StudyPhase[4].TestFeedback_4[1].Hint_4[1]	flip time is later than desired time. Desired Time=3030829 Flip Time=3030846 Retrace Rate=16.642, prepareTime=17 flip request time 3030822
3032996.15	StudyPhase[4].TestFeedback_4[1].Feedback_4[1]	LOADING RESOURCE SURFACE FROM DISK
3034787.187	StudyPhase[4].TestFeedback_4[1].Hint_4[1]	LOADING RESOURCE SURFACE FROM DISK
3034789.754	StudyPhase[4].TestFeedback_4[1].Hint_4[1]	flip time is later than desired time. Desired Time=3034796 Flip Time=3034813 Retrace Rate=16.642, prepareTime=17 flip request time 3034789
3037062.732	StudyPhase[4].TestFeedback_4[1].FeedbackPB_4[1]	LOADING RESOURCE SURFACE FROM DISK
3038853.667	StudyPhase[4].TestFeedback_4[1].Hint_4[1]	LOADING RESOURCE SURFACE FROM DISK
3038856.145	StudyPhase[4].TestFeedback_4[1].Hint_4[1]	flip time is later than desired time. Desired Time=3038863 Flip Time=3038879 Retrace Rate=16.642, prepareTime=17 flip request time 3038855
3041296.019	StudyPhase[4].TestFeedback_4[1].Feedback_4[1]	LOADING RESOURCE SURFACE FROM DISK
3043119.332	StudyPhase[4].TestFeedback_4[1].Hint_4[1]	LOADING RESOURCE SURFACE FROM DISK
3043121.813	StudyPhase[4].TestFeedback_4[1].Hint_4[1]	flip time is later than desired time. Desired Time=3043096 Flip Time=3043129 Retrace Rate=16.642, prepareTime=49 flip request time 3043121
3045071.271	StudyPhase[4].TestFeedback_4[1].Feedback_4[1]	LOADING RESOURCE SURFACE FROM DISK
3046870.504	StudyPhase[4].TestFeedback_4[1].Hint_4[1]	LOADING RESOURCE SURFACE FROM DISK
3046873.022	StudyPhase[4].TestFeedback_4[1].Hint_4[1]	flip time is later than desired time. Desired Time=3046879 Flip Time=3046896 Retrace Rate=16.642, prepareTime=17 flip request time 3046872
3049515.359	StudyPhase[4].TestFeedback_4[1].Feedback_4[1]	LOADING RESOURCE SURFACE FROM DISK
3051303.702	StudyPhase[4].TestFeedback_4[1].Hint_4[1]	LOADING RESOURCE SURFACE FROM DISK
3051306.184	StudyPhase[4].TestFeedback_4[1].Hint_4[1]	flip time is later than desired time. Desired Time=3051313 Flip Time=3051329 Retrace Rate=16.642, prepareTime=17 flip request time 3051305
3053362.668	StudyPhase[4].TestFeedback_4[1].Feedback_4[1]	LOADING RESOURCE SURFACE FROM DISK
3055153.816	StudyPhase[4].TestFeedback_4[1].Hint_4[1]	LOADING RESOURCE SURFACE FROM DISK
3055156.336	StudyPhase[4].TestFeedback_4[1].Hint_4[1]	flip time is later than desired time. Desired Time=3055163 Flip Time=3055179 Retrace Rate=16.642, prepareTime=17 flip request time 3055156
3057346.163	StudyPhase[4].TestFeedback_4[1].Feedback_4[1]	LOADING RESOURCE SURFACE FROM DISK
3059137.284	StudyPhase[4].TestFeedback_4[1].Hint_4[1]	LOADING RESOURCE SURFACE FROM DISK
3059139.952	StudyPhase[4].TestFeedback_4[1].Hint_4[1]	flip time is later than desired time. Desired Time=3059146 Flip Time=3059163 Retrace Rate=16.642, prepareTime=17 flip request time 3059139
3061879.68	StudyPhase[4].TestFeedback_4[1].FeedbackPB_4[1]	LOADING RESOURCE SURFACE FROM DISK
3063670.767	StudyPhase[4].TestFeedback_4[1].Hint_4[1]	LOADING RESOURCE SURFACE FROM DISK
3063673.329	StudyPhase[4].TestFeedback_4[1].Hint_4[1]	flip time is later than desired time. Desired Time=3063679 Flip Time=3063696 Retrace Rate=16.642, prepareTime=17 flip request time 3063673
3066029.73	StudyPhase[4].TestFeedback_4[1].Feedback_4[1]	LOADING RESOURCE SURFACE FROM DISK
3067820.979	StudyPhase[4].TestFeedback_4[1].Hint_4[1]	LOADING RESOURCE SURFACE FROM DISK
3067823.574	StudyPhase[4].TestFeedback_4[1].Hint_4[1]	flip time is later than desired time. Desired Time=3067829 Flip Time=3067846 Retrace Rate=16.642, prepareTime=17 flip request time 3067823
3069929.973	StudyPhase[4].TestFeedback_4[1].FeedbackPB_4[1]	LOADING RESOURCE SURFACE FROM DISK
3071720.93	StudyPhase[4].TestFeedback_4[1].Hint_4[1]	LOADING RESOURCE SURFACE FROM DISK
3071723.622	StudyPhase[4].TestFeedback_4[1].Hint_4[1]	flip time is later than desired time. Desired Time=3071729 Flip Time=3071746 Retrace Rate=16.642, prepareTime=17 flip request time 3071723
3073463.097	StudyPhase[4].TestFeedback_4[1].FeedbackPB_4[1]	LOADING RESOURCE SURFACE FROM DISK
3075290.879	StudyPhase[4].TestFeedback_4[1].Hint_4[1]	LOADING RESOURCE SURFACE FROM DISK
3075293.475	StudyPhase[4].TestFeedback_4[1].Hint_4[1]	flip time is later than desired time. Desired Time=3075263 Flip Time=3075313 Retrace Rate=16.642, prepareTime=54 flip request time 3075293
3077183.857	StudyPhase[4].TestFeedback_4[1].Feedback_4[1]	LOADING RESOURCE SURFACE FROM DISK
3078971.015	StudyPhase[4].TestFeedback_4[1].Hint_4[1]	LOADING RESOURCE SURFACE FROM DISK
3078973.648	StudyPhase[4].TestFeedback_4[1].Hint_4[1]	flip time is later than desired time. Desired Time=3078979 Flip Time=3078996 Retrace Rate=16.642, prepareTime=17 flip request time 3078973
3081946.6	StudyPhase[4].TestFeedback_4[1].Feedback_4[1]	LOADING RESOURCE SURFACE FROM DISK
3083737.9	StudyPhase[4].TestFeedback_4[1].Hint_4[1]	LOADING RESOURCE SURFACE FROM DISK
3083740.514	StudyPhase[4].TestFeedback_4[1].Hint_4[1]	flip time is later than desired time. Desired Time=3083746 Flip Time=3083763 Retrace Rate=16.642, prepareTime=18 flip request time 3083740
3085813.464	StudyPhase[4].TestFeedback_4[1].Feedback_4[1]	LOADING RESOURCE SURFACE FROM DISK
3087604.256	StudyPhase[4].TestFeedback_4[1].Hint_4[1]	LOADING RESOURCE SURFACE FROM DISK
3087606.919	StudyPhase[4].TestFeedback_4[1].Hint_4[1]	flip time is later than desired time. Desired Time=3087613 Flip Time=3087629 Retrace Rate=16.642, prepareTime=17 flip request time 3087606
3090646.927	StudyPhase[4].TestFeedback_4[1].Feedback_4[1]	LOADING RESOURCE SURFACE FROM DISK
3092437.89	StudyPhase[4].TestFeedback_4[1].Hint_4[1]	LOADING RESOURCE SURFACE FROM DISK
3092440.66	StudyPhase[4].TestFeedback_4[1].Hint_4[1]	flip time is later than desired time. Desired Time=3092446 Flip Time=3092463 Retrace Rate=16.642, prepareTime=18 flip request time 3092440
3094129.927	StudyPhase[4].TestFeedback_4[1].Feedback_4[1]	LOADING RESOURCE SURFACE FROM DISK
3095921.189	StudyPhase[4].TestFeedback_4[1].Hint_4[1]	LOADING RESOURCE SURFACE FROM DISK
3095923.754	StudyPhase[4].TestFeedback_4[1].Hint_4[1]	flip time is later than desired time. Desired Time=3095929 Flip Time=3095946 Retrace Rate=16.642, prepareTime=17 flip request time 3095923
3097963.194	StudyPhase[4].TestFeedback_4[1].Feedback_4[1]	LOADING RESOURCE SURFACE FROM DISK
3099754.52	StudyPhase[4].TestFeedback_4[1].Hint_4[1]	LOADING RESOURCE SURFACE FROM DISK
3099757.339	StudyPhase[4].TestFeedback_4[1].Hint_4[1]	flip time is later than desired time. Desired Time=3099763 Flip Time=3099779 Retrace Rate=16.642, prepareTime=18 flip request time 3099757
3101346.886	StudyPhase[4].TestFeedback_4[1].Feedback_4[1]	LOADING RESOURCE SURFACE FROM DISK
