4941.028	areyouready	LOADING RESOURCE SURFACE FROM DISK
1612678.245	StudyPhase[1].LearningPhase_1.Word_1	LOADING RESOURCE SURFACE FROM DISK
1616461.646	StudyPhase[1].LearningPhase_1.Word_1	LOADING RESOURCE SURFACE FROM DISK
1620245.284	StudyPhase[1].LearningPhase_1.Word_1	LOADING RESOURCE SURFACE FROM DISK
1624028.188	StudyPhase[1].LearningPhase_1.Word_1	LOADING RESOURCE SURFACE FROM DISK
1627811.906	StudyPhase[1].LearningPhase_1.Word_1	LOADING RESOURCE SURFACE FROM DISK
1631595.4	StudyPhase[1].LearningPhase_1.Word_1	LOADING RESOURCE SURFACE FROM DISK
1635378.704	StudyPhase[1].LearningPhase_1.Word_1	LOADING RESOURCE SURFACE FROM DISK
1639161.939	StudyPhase[1].LearningPhase_1.Word_1	LOADING RESOURCE SURFACE FROM DISK
1642945.203	StudyPhase[1].LearningPhase_1.Word_1	LOADING RESOURCE SURFACE FROM DISK
1646728.522	StudyPhase[1].LearningPhase_1.Word_1	LOADING RESOURCE SURFACE FROM DISK
1650512.156	StudyPhase[1].LearningPhase_1.Word_1	LOADING RESOURCE SURFACE FROM DISK
1654295.282	StudyPhase[1].LearningPhase_1.Word_1	LOADING RESOURCE SURFACE FROM DISK
1658078.478	StudyPhase[1].LearningPhase_1.Word_1	LOADING RESOURCE SURFACE FROM DISK
1661861.913	StudyPhase[1].LearningPhase_1.Word_1	LOADING RESOURCE SURFACE FROM DISK
1665645.388	StudyPhase[1].LearningPhase_1.Word_1	LOADING RESOURCE SURFACE FROM DISK
1669428.713	StudyPhase[1].LearningPhase_1.Word_1	LOADING RESOURCE SURFACE FROM DISK
1673211.928	StudyPhase[1].LearningPhase_1.Word_1	LOADING RESOURCE SURFACE FROM DISK
1676995.304	StudyPhase[1].LearningPhase_1.Word_1	LOADING RESOURCE SURFACE FROM DISK
1680778.784	StudyPhase[1].LearningPhase_1.Word_1	LOADING RESOURCE SURFACE FROM DISK
1684561.974	StudyPhase[1].LearningPhase_1.Word_1	LOADING RESOURCE SURFACE FROM DISK
1688345.477	StudyPhase[1].LearningPhase_1.Word_1	LOADING RESOURCE SURFACE FROM DISK
1692128.872	StudyPhase[1].LearningPhase_1.Word_1	LOADING RESOURCE SURFACE FROM DISK
1695911.874	StudyPhase[1].LearningPhase_1.Word_1	LOADING RESOURCE SURFACE FROM DISK
1839328.437	StudyPhase[1].TestFeedback_1[1].Hint_1[1]	LOADING RESOURCE SURFACE FROM DISK
1841870.248	StudyPhase[1].TestFeedback_1[1].Feedback_1[1]	LOADING RESOURCE SURFACE FROM DISK
1843661.833	StudyPhase[1].TestFeedback_1[1].Hint_1[1]	LOADING RESOURCE SURFACE FROM DISK
1845553.563	StudyPhase[1].TestFeedback_1[1].Feedback_1[1]	LOADING RESOURCE SURFACE FROM DISK
1847345.059	StudyPhase[1].TestFeedback_1[1].Hint_1[1]	LOADING RESOURCE SURFACE FROM DISK
1850370.58	StudyPhase[1].TestFeedback_1[1].Feedback_1[1]	LOADING RESOURCE SURFACE FROM DISK
1852162.118	StudyPhase[1].TestFeedback_1[1].Hint_1[1]	LOADING RESOURCE SURFACE FROM DISK
1855187.299	StudyPhase[1].TestFeedback_1[1].FeedbackPB_1[1]	LOADING RESOURCE SURFACE FROM DISK
1856978.651	StudyPhase[1].TestFeedback_1[1].Hint_1[1]	LOADING RESOURCE SURFACE FROM DISK
1860003.861	StudyPhase[1].TestFeedback_1[1].Feedback_1[1]	LOADING RESOURCE SURFACE FROM DISK
1861795.448	StudyPhase[1].TestFeedback_1[1].Hint_1[1]	LOADING RESOURCE SURFACE FROM DISK
1864820.477	StudyPhase[1].TestFeedback_1[1].Feedback_1[1]	LOADING RESOURCE SURFACE FROM DISK
1866612.41	StudyPhase[1].TestFeedback_1[1].Hint_1[1]	LOADING RESOURCE SURFACE FROM DISK
1868353.849	StudyPhase[1].TestFeedback_1[1].Feedback_1[1]	LOADING RESOURCE SURFACE FROM DISK
1870145.512	StudyPhase[1].TestFeedback_1[1].Hint_1[1]	LOADING RESOURCE SURFACE FROM DISK
1872020.525	StudyPhase[1].TestFeedback_1[1].Feedback_1[1]	LOADING RESOURCE SURFACE FROM DISK
1873812.118	StudyPhase[1].TestFeedback_1[1].Hint_1[1]	LOADING RESOURCE SURFACE FROM DISK
1875320.396	StudyPhase[1].TestFeedback_1[1].Feedback_1[1]	LOADING RESOURCE SURFACE FROM DISK
1877112.182	StudyPhase[1].TestFeedback_1[1].Hint_1[1]	LOADING RESOURCE SURFACE FROM DISK
1880137.207	StudyPhase[1].TestFeedback_1[1].FeedbackPB_1[1]	LOADING RESOURCE SURFACE FROM DISK
1881928.824	StudyPhase[1].TestFeedback_1[1].Hint_1[1]	LOADING RESOURCE SURFACE FROM DISK
1882770.539	StudyPhase[1].TestFeedback_1[1].Feedback_1[1]	LOADING RESOURCE SURFACE FROM DISK
1884562.404	StudyPhase[1].TestFeedback_1[1].Hint_1[1]	LOADING RESOURCE SURFACE FROM DISK
1886837.394	StudyPhase[1].TestFeedback_1[1].Feedback_1[1]	LOADING RESOURCE SURFACE FROM DISK
1888628.826	StudyPhase[1].TestFeedback_1[1].Hint_1[1]	LOADING RESOURCE SURFACE FROM DISK
1890187.516	StudyPhase[1].TestFeedback_1[1].Feedback_1[1]	LOADING RESOURCE SURFACE FROM DISK
1891979.169	StudyPhase[1].TestFeedback_1[1].Hint_1[1]	LOADING RESOURCE SURFACE FROM DISK
1893603.958	StudyPhase[1].TestFeedback_1[1].Feedback_1[1]	LOADING RESOURCE SURFACE FROM DISK
1895395.551	StudyPhase[1].TestFeedback_1[1].Hint_1[1]	LOADING RESOURCE SURFACE FROM DISK
1898204.068	StudyPhase[1].TestFeedback_1[1].Feedback_1[1]	LOADING RESOURCE SURFACE FROM DISK
1899995.387	StudyPhase[1].TestFeedback_1[1].Hint_1[1]	LOADING RESOURCE SURFACE FROM DISK
1902253.849	StudyPhase[1].TestFeedback_1[1].Feedback_1[1]	LOADING RESOURCE SURFACE FROM DISK
1904045.64	StudyPhase[1].TestFeedback_1[1].Hint_1[1]	LOADING RESOURCE SURFACE FROM DISK
1907070.879	StudyPhase[1].TestFeedback_1[1].Feedback_1[1]	LOADING RESOURCE SURFACE FROM DISK
1908862.523	StudyPhase[1].TestFeedback_1[1].Hint_1[1]	LOADING RESOURCE SURFACE FROM DISK
1911854.197	StudyPhase[1].TestFeedback_1[1].Feedback_1[1]	LOADING RESOURCE SURFACE FROM DISK
1913645.812	StudyPhase[1].TestFeedback_1[1].Hint_1[1]	LOADING RESOURCE SURFACE FROM DISK
1915404.126	StudyPhase[1].TestFeedback_1[1].Feedback_1[1]	LOADING RESOURCE SURFACE FROM DISK
1917195.891	StudyPhase[1].TestFeedback_1[1].Hint_1[1]	LOADING RESOURCE SURFACE FROM DISK
1919654.217	StudyPhase[1].TestFeedback_1[1].FeedbackPB_1[1]	LOADING RESOURCE SURFACE FROM DISK
1921446.005	StudyPhase[1].TestFeedback_1[1].Hint_1[1]	LOADING RESOURCE SURFACE FROM DISK
1924471.19	StudyPhase[1].TestFeedback_1[1].FeedbackPB_1[1]	LOADING RESOURCE SURFACE FROM DISK
1926262.432	StudyPhase[1].TestFeedback_1[1].Hint_1[1]	LOADING RESOURCE SURFACE FROM DISK
1928637.535	StudyPhase[1].TestFeedback_1[1].FeedbackPB_1[1]	LOADING RESOURCE SURFACE FROM DISK
1930429.043	StudyPhase[1].TestFeedback_1[1].Hint_1[1]	LOADING RESOURCE SURFACE FROM DISK
1933437.518	StudyPhase[1].TestFeedback_1[1].Feedback_1[1]	LOADING RESOURCE SURFACE FROM DISK
1934472.756	StudyPhase[1].Reached_Criterion_1[1]	LOADING RESOURCE SURFACE FROM DISK
1934536.012	StudyPhase[1].Reached_Criterion_1[1]	LOADING RESOURCE SURFACE FROM DISK
1934547.586	StudyPhase[1].Reached_Criterion_1[1]	LOADING RESOURCE SURFACE FROM DISK
1934559.406	StudyPhase[1].Reached_Criterion_1[1]	LOADING RESOURCE SURFACE FROM DISK
1960012.933	StudyPhase[2].LearningPhase_2.Word_2	LOADING RESOURCE SURFACE FROM DISK
1963796.037	StudyPhase[2].LearningPhase_2.Word_2	LOADING RESOURCE SURFACE FROM DISK
1967579.357	StudyPhase[2].LearningPhase_2.Word_2	LOADING RESOURCE SURFACE FROM DISK
1971362.943	StudyPhase[2].LearningPhase_2.Word_2	LOADING RESOURCE SURFACE FROM DISK
1975145.939	StudyPhase[2].LearningPhase_2.Word_2	LOADING RESOURCE SURFACE FROM DISK
1978929.294	StudyPhase[2].LearningPhase_2.Word_2	LOADING RESOURCE SURFACE FROM DISK
1982712.824	StudyPhase[2].LearningPhase_2.Word_2	LOADING RESOURCE SURFACE FROM DISK
1986496.358	StudyPhase[2].LearningPhase_2.Word_2	LOADING RESOURCE SURFACE FROM DISK
1990279.28	StudyPhase[2].LearningPhase_2.Word_2	LOADING RESOURCE SURFACE FROM DISK
1994062.66	StudyPhase[2].LearningPhase_2.Word_2	LOADING RESOURCE SURFACE FROM DISK
1997846.208	StudyPhase[2].LearningPhase_2.Word_2	LOADING RESOURCE SURFACE FROM DISK
2001629.325	StudyPhase[2].LearningPhase_2.Word_2	LOADING RESOURCE SURFACE FROM DISK
2005413.006	StudyPhase[2].LearningPhase_2.Word_2	LOADING RESOURCE SURFACE FROM DISK
2009196.455	StudyPhase[2].LearningPhase_2.Word_2	LOADING RESOURCE SURFACE FROM DISK
2012979.505	StudyPhase[2].LearningPhase_2.Word_2	LOADING RESOURCE SURFACE FROM DISK
2016762.964	StudyPhase[2].LearningPhase_2.Word_2	LOADING RESOURCE SURFACE FROM DISK
2020546.328	StudyPhase[2].LearningPhase_2.Word_2	LOADING RESOURCE SURFACE FROM DISK
2024329.537	StudyPhase[2].LearningPhase_2.Word_2	LOADING RESOURCE SURFACE FROM DISK
2028112.962	StudyPhase[2].LearningPhase_2.Word_2	LOADING RESOURCE SURFACE FROM DISK
2031896.178	StudyPhase[2].LearningPhase_2.Word_2	LOADING RESOURCE SURFACE FROM DISK
2035679.73	StudyPhase[2].LearningPhase_2.Word_2	LOADING RESOURCE SURFACE FROM DISK
2039463.316	StudyPhase[2].LearningPhase_2.Word_2	LOADING RESOURCE SURFACE FROM DISK
2043246.105	StudyPhase[2].LearningPhase_2.Word_2	LOADING RESOURCE SURFACE FROM DISK
2055546.088	StudyPhase[2].TestFeedback_2[1].Hint_2[1]	LOADING RESOURCE SURFACE FROM DISK
2057338.131	StudyPhase[2].TestFeedback_2[1].Feedback_2[1]	LOADING RESOURCE SURFACE FROM DISK
2059129.9	StudyPhase[2].TestFeedback_2[1].Hint_2[1]	LOADING RESOURCE SURFACE FROM DISK
2062155.091	StudyPhase[2].TestFeedback_2[1].Feedback_2[1]	LOADING RESOURCE SURFACE FROM DISK
2063946.079	StudyPhase[2].TestFeedback_2[1].Hint_2[1]	LOADING RESOURCE SURFACE FROM DISK
2066288.012	StudyPhase[2].TestFeedback_2[1].Feedback_2[1]	LOADING RESOURCE SURFACE FROM DISK
2068079.831	StudyPhase[2].TestFeedback_2[1].Hint_2[1]	LOADING RESOURCE SURFACE FROM DISK
2070204.597	StudyPhase[2].TestFeedback_2[1].Feedback_2[1]	LOADING RESOURCE SURFACE FROM DISK
2071996.114	StudyPhase[2].TestFeedback_2[1].Hint_2[1]	LOADING RESOURCE SURFACE FROM DISK
2075021.683	StudyPhase[2].TestFeedback_2[1].FeedbackPB_2[1]	LOADING RESOURCE SURFACE FROM DISK
2076813.051	StudyPhase[2].TestFeedback_2[1].Hint_2[1]	LOADING RESOURCE SURFACE FROM DISK
2079071.61	StudyPhase[2].TestFeedback_2[1].Feedback_2[1]	LOADING RESOURCE SURFACE FROM DISK
2080862.895	StudyPhase[2].TestFeedback_2[1].Hint_2[1]	LOADING RESOURCE SURFACE FROM DISK
2082955.145	StudyPhase[2].TestFeedback_2[1].Feedback_2[1]	LOADING RESOURCE SURFACE FROM DISK
2084746.649	StudyPhase[2].TestFeedback_2[1].Hint_2[1]	LOADING RESOURCE SURFACE FROM DISK
2087771.55	StudyPhase[2].TestFeedback_2[1].Feedback_2[1]	LOADING RESOURCE SURFACE FROM DISK
2089563.331	StudyPhase[2].TestFeedback_2[1].Hint_2[1]	LOADING RESOURCE SURFACE FROM DISK
2092104.996	StudyPhase[2].TestFeedback_2[1].FeedbackPB_2[1]	LOADING RESOURCE SURFACE FROM DISK
2093896.48	StudyPhase[2].TestFeedback_2[1].Hint_2[1]	LOADING RESOURCE SURFACE FROM DISK
2095855.339	StudyPhase[2].TestFeedback_2[1].Feedback_2[1]	LOADING RESOURCE SURFACE FROM DISK
2097646.353	StudyPhase[2].TestFeedback_2[1].Hint_2[1]	LOADING RESOURCE SURFACE FROM DISK
2099588.311	StudyPhase[2].TestFeedback_2[1].FeedbackPB_2[1]	LOADING RESOURCE SURFACE FROM DISK
2101379.75	StudyPhase[2].TestFeedback_2[1].Hint_2[1]	LOADING RESOURCE SURFACE FROM DISK
2103271.702	StudyPhase[2].TestFeedback_2[1].Feedback_2[1]	LOADING RESOURCE SURFACE FROM DISK
2105063.498	StudyPhase[2].TestFeedback_2[1].Hint_2[1]	LOADING RESOURCE SURFACE FROM DISK
2108088.531	StudyPhase[2].TestFeedback_2[1].Feedback_2[1]	LOADING RESOURCE SURFACE FROM DISK
2109879.904	StudyPhase[2].TestFeedback_2[1].Hint_2[1]	LOADING RESOURCE SURFACE FROM DISK
2111638.522	StudyPhase[2].TestFeedback_2[1].FeedbackPB_2[1]	LOADING RESOURCE SURFACE FROM DISK
2113430.293	StudyPhase[2].TestFeedback_2[1].Hint_2[1]	LOADING RESOURCE SURFACE FROM DISK
2115821.518	StudyPhase[2].TestFeedback_2[1].Feedback_2[1]	LOADING RESOURCE SURFACE FROM DISK
2117613.397	StudyPhase[2].TestFeedback_2[1].Hint_2[1]	LOADING RESOURCE SURFACE FROM DISK
2120205.361	StudyPhase[2].TestFeedback_2[1].Feedback_2[1]	LOADING RESOURCE SURFACE FROM DISK
2121997.004	StudyPhase[2].TestFeedback_2[1].Hint_2[1]	LOADING RESOURCE SURFACE FROM DISK
2124121.764	StudyPhase[2].TestFeedback_2[1].Feedback_2[1]	LOADING RESOURCE SURFACE FROM DISK
2125913.561	StudyPhase[2].TestFeedback_2[1].Hint_2[1]	LOADING RESOURCE SURFACE FROM DISK
2128938.503	StudyPhase[2].TestFeedback_2[1].Feedback_2[1]	LOADING RESOURCE SURFACE FROM DISK
2130729.915	StudyPhase[2].TestFeedback_2[1].Hint_2[1]	LOADING RESOURCE SURFACE FROM DISK
2133755.574	StudyPhase[2].TestFeedback_2[1].Feedback_2[1]	LOADING RESOURCE SURFACE FROM DISK
2135546.803	StudyPhase[2].TestFeedback_2[1].Hint_2[1]	LOADING RESOURCE SURFACE FROM DISK
2138522.069	StudyPhase[2].TestFeedback_2[1].Feedback_2[1]	LOADING RESOURCE SURFACE FROM DISK
2140313.389	StudyPhase[2].TestFeedback_2[1].Hint_2[1]	LOADING RESOURCE SURFACE FROM DISK
2143338.737	StudyPhase[2].TestFeedback_2[1].Feedback_2[1]	LOADING RESOURCE SURFACE FROM DISK
2145130.35	StudyPhase[2].TestFeedback_2[1].Hint_2[1]	LOADING RESOURCE SURFACE FROM DISK
2147422.255	StudyPhase[2].TestFeedback_2[1].FeedbackPB_2[1]	LOADING RESOURCE SURFACE FROM DISK
2149213.492	StudyPhase[2].TestFeedback_2[1].Hint_2[1]	LOADING RESOURCE SURFACE FROM DISK
2151021.946	StudyPhase[2].TestFeedback_2[1].FeedbackPB_2[1]	LOADING RESOURCE SURFACE FROM DISK
2169413.778	StudyPhase[3].LearningPhase_3.Word_3	LOADING RESOURCE SURFACE FROM DISK
2173197.098	StudyPhase[3].LearningPhase_3.Word_3	LOADING RESOURCE SURFACE FROM DISK
2176980.657	StudyPhase[3].LearningPhase_3.Word_3	LOADING RESOURCE SURFACE FROM DISK
2180763.896	StudyPhase[3].LearningPhase_3.Word_3	LOADING RESOURCE SURFACE FROM DISK
2184547.345	StudyPhase[3].LearningPhase_3.Word_3	LOADING RESOURCE SURFACE FROM DISK
2188330.665	StudyPhase[3].LearningPhase_3.Word_3	LOADING RESOURCE SURFACE FROM DISK
2192114.358	StudyPhase[3].LearningPhase_3.Word_3	LOADING RESOURCE SURFACE FROM DISK
2195897.303	StudyPhase[3].LearningPhase_3.Word_3	LOADING RESOURCE SURFACE FROM DISK
2199680.447	StudyPhase[3].LearningPhase_3.Word_3	LOADING RESOURCE SURFACE FROM DISK
2203464.461	StudyPhase[3].LearningPhase_3.Word_3	LOADING RESOURCE SURFACE FROM DISK
2207247.244	StudyPhase[3].LearningPhase_3.Word_3	LOADING RESOURCE SURFACE FROM DISK
2211030.947	StudyPhase[3].LearningPhase_3.Word_3	LOADING RESOURCE SURFACE FROM DISK
2214813.846	StudyPhase[3].LearningPhase_3.Word_3	LOADING RESOURCE SURFACE FROM DISK
2218597.57	StudyPhase[3].LearningPhase_3.Word_3	LOADING RESOURCE SURFACE FROM DISK
2222380.567	StudyPhase[3].LearningPhase_3.Word_3	LOADING RESOURCE SURFACE FROM DISK
2226164.285	StudyPhase[3].LearningPhase_3.Word_3	LOADING RESOURCE SURFACE FROM DISK
2229947.375	StudyPhase[3].LearningPhase_3.Word_3	LOADING RESOURCE SURFACE FROM DISK
2233730.957	StudyPhase[3].LearningPhase_3.Word_3	LOADING RESOURCE SURFACE FROM DISK
2237514.044	StudyPhase[3].LearningPhase_3.Word_3	LOADING RESOURCE SURFACE FROM DISK
2241297.141	StudyPhase[3].LearningPhase_3.Word_3	LOADING RESOURCE SURFACE FROM DISK
2245081.282	StudyPhase[3].LearningPhase_3.Word_3	LOADING RESOURCE SURFACE FROM DISK
2248864.54	StudyPhase[3].LearningPhase_3.Word_3	LOADING RESOURCE SURFACE FROM DISK
2252647.741	StudyPhase[3].LearningPhase_3.Word_3	LOADING RESOURCE SURFACE FROM DISK
2273564.149	StudyPhase[3].TestFeedback_3[1].Hint_3[1]	LOADING RESOURCE SURFACE FROM DISK
2276589.662	StudyPhase[3].TestFeedback_3[1].Feedback_3[1]	LOADING RESOURCE SURFACE FROM DISK
2278380.843	StudyPhase[3].TestFeedback_3[1].Hint_3[1]	LOADING RESOURCE SURFACE FROM DISK
2281389.367	StudyPhase[3].TestFeedback_3[1].Feedback_3[1]	LOADING RESOURCE SURFACE FROM DISK
2283180.767	StudyPhase[3].TestFeedback_3[1].Hint_3[1]	LOADING RESOURCE SURFACE FROM DISK
2286205.863	StudyPhase[3].TestFeedback_3[1].Feedback_3[1]	LOADING RESOURCE SURFACE FROM DISK
2287997.312	StudyPhase[3].TestFeedback_3[1].Hint_3[1]	LOADING RESOURCE SURFACE FROM DISK
2289455.812	StudyPhase[3].TestFeedback_3[1].FeedbackPB_3[1]	LOADING RESOURCE SURFACE FROM DISK
2291247.47	StudyPhase[3].TestFeedback_3[1].Hint_3[1]	LOADING RESOURCE SURFACE FROM DISK
2292922.779	StudyPhase[3].TestFeedback_3[1].Feedback_3[1]	LOADING RESOURCE SURFACE FROM DISK
2294714.068	StudyPhase[3].TestFeedback_3[1].Hint_3[1]	LOADING RESOURCE SURFACE FROM DISK
2296889.4	StudyPhase[3].TestFeedback_3[1].Feedback_3[1]	LOADING RESOURCE SURFACE FROM DISK
2298680.65	StudyPhase[3].TestFeedback_3[1].Hint_3[1]	LOADING RESOURCE SURFACE FROM DISK
2301239.568	StudyPhase[3].TestFeedback_3[1].Feedback_3[1]	LOADING RESOURCE SURFACE FROM DISK
2303030.884	StudyPhase[3].TestFeedback_3[1].Hint_3[1]	LOADING RESOURCE SURFACE FROM DISK
2305172.798	StudyPhase[3].TestFeedback_3[1].Feedback_3[1]	LOADING RESOURCE SURFACE FROM DISK
2306964.396	StudyPhase[3].TestFeedback_3[1].Hint_3[1]	LOADING RESOURCE SURFACE FROM DISK
2308989.295	StudyPhase[3].TestFeedback_3[1].Feedback_3[1]	LOADING RESOURCE SURFACE FROM DISK
2310780.908	StudyPhase[3].TestFeedback_3[1].Hint_3[1]	LOADING RESOURCE SURFACE FROM DISK
2312606.013	StudyPhase[3].TestFeedback_3[1].FeedbackPB_3[1]	LOADING RESOURCE SURFACE FROM DISK
2314397.564	StudyPhase[3].TestFeedback_3[1].Hint_3[1]	LOADING RESOURCE SURFACE FROM DISK
2316156.008	StudyPhase[3].TestFeedback_3[1].Feedback_3[1]	LOADING RESOURCE SURFACE FROM DISK
2317947.405	StudyPhase[3].TestFeedback_3[1].Hint_3[1]	LOADING RESOURCE SURFACE FROM DISK
2319822.995	StudyPhase[3].TestFeedback_3[1].Feedback_3[1]	LOADING RESOURCE SURFACE FROM DISK
2321614.518	StudyPhase[3].TestFeedback_3[1].Hint_3[1]	LOADING RESOURCE SURFACE FROM DISK
2323489.787	StudyPhase[3].TestFeedback_3[1].Feedback_3[1]	LOADING RESOURCE SURFACE FROM DISK
2325281.298	StudyPhase[3].TestFeedback_3[1].Hint_3[1]	LOADING RESOURCE SURFACE FROM DISK
2327339.7	StudyPhase[3].TestFeedback_3[1].Feedback_3[1]	LOADING RESOURCE SURFACE FROM DISK
2329131.405	StudyPhase[3].TestFeedback_3[1].Hint_3[1]	LOADING RESOURCE SURFACE FROM DISK
2331639.904	StudyPhase[3].TestFeedback_3[1].Feedback_3[1]	LOADING RESOURCE SURFACE FROM DISK
2333431.133	StudyPhase[3].TestFeedback_3[1].Hint_3[1]	LOADING RESOURCE SURFACE FROM DISK
2335239.505	StudyPhase[3].TestFeedback_3[1].FeedbackPB_3[1]	LOADING RESOURCE SURFACE FROM DISK
2337031.339	StudyPhase[3].TestFeedback_3[1].Hint_3[1]	LOADING RESOURCE SURFACE FROM DISK
2340056.584	StudyPhase[3].TestFeedback_3[1].Feedback_3[1]	LOADING RESOURCE SURFACE FROM DISK
2341848.124	StudyPhase[3].TestFeedback_3[1].Hint_3[1]	LOADING RESOURCE SURFACE FROM DISK
2343506.708	StudyPhase[3].TestFeedback_3[1].Feedback_3[1]	LOADING RESOURCE SURFACE FROM DISK
2345297.782	StudyPhase[3].TestFeedback_3[1].Hint_3[1]	LOADING RESOURCE SURFACE FROM DISK
2347189.818	StudyPhase[3].TestFeedback_3[1].FeedbackPB_3[1]	LOADING RESOURCE SURFACE FROM DISK
2348981.349	StudyPhase[3].TestFeedback_3[1].Hint_3[1]	LOADING RESOURCE SURFACE FROM DISK
2351673.258	StudyPhase[3].TestFeedback_3[1].Feedback_3[1]	LOADING RESOURCE SURFACE FROM DISK
2353464.918	StudyPhase[3].TestFeedback_3[1].Hint_3[1]	LOADING RESOURCE SURFACE FROM DISK
2356206.554	StudyPhase[3].TestFeedback_3[1].Feedback_3[1]	LOADING RESOURCE SURFACE FROM DISK
2357998.1	StudyPhase[3].TestFeedback_3[1].Hint_3[1]	LOADING RESOURCE SURFACE FROM DISK
2360839.917	StudyPhase[3].TestFeedback_3[1].FeedbackPB_3[1]	LOADING RESOURCE SURFACE FROM DISK
2362631.648	StudyPhase[3].TestFeedback_3[1].Hint_3[1]	LOADING RESOURCE SURFACE FROM DISK
2364173.305	StudyPhase[3].TestFeedback_3[1].Feedback_3[1]	LOADING RESOURCE SURFACE FROM DISK
2376964.722	StudyPhase[4].LearningPhase_4.Word_4	LOADING RESOURCE SURFACE FROM DISK
2380748.496	StudyPhase[4].LearningPhase_4.Word_4	LOADING RESOURCE SURFACE FROM DISK
2380750.712	StudyPhase[4].LearningPhase_4.Word_4	flip time is later than desired time. Desired Time=2380758 Flip Time=2380775 Retrace Rate=16.641, prepareTime=16 flip request time 2380750
2384548.333	StudyPhase[4].LearningPhase_4.Word_4	LOADING RESOURCE SURFACE FROM DISK
2384550.591	StudyPhase[4].LearningPhase_4.Word_4	flip time is later than desired time. Desired Time=2384558 Flip Time=2384575 Retrace Rate=16.641, prepareTime=15 flip request time 2384550
2388348.28	StudyPhase[4].LearningPhase_4.Word_4	LOADING RESOURCE SURFACE FROM DISK
2392131.855	StudyPhase[4].LearningPhase_4.Word_4	LOADING RESOURCE SURFACE FROM DISK
2392134.033	StudyPhase[4].LearningPhase_4.Word_4	flip time is later than desired time. Desired Time=2392142 Flip Time=2392158 Retrace Rate=16.641, prepareTime=15 flip request time 2392133
2395931.544	StudyPhase[4].LearningPhase_4.Word_4	LOADING RESOURCE SURFACE FROM DISK
2399715.312	StudyPhase[4].LearningPhase_4.Word_4	LOADING RESOURCE SURFACE FROM DISK
2399717.528	StudyPhase[4].LearningPhase_4.Word_4	flip time is later than desired time. Desired Time=2399725 Flip Time=2399742 Retrace Rate=16.641, prepareTime=16 flip request time 2399717
2403515.082	StudyPhase[4].LearningPhase_4.Word_4	LOADING RESOURCE SURFACE FROM DISK
2407298.842	StudyPhase[4].LearningPhase_4.Word_4	LOADING RESOURCE SURFACE FROM DISK
2411081.553	StudyPhase[4].LearningPhase_4.Word_4	LOADING RESOURCE SURFACE FROM DISK
2414865.096	StudyPhase[4].LearningPhase_4.Word_4	LOADING RESOURCE SURFACE FROM DISK
2414867.322	StudyPhase[4].LearningPhase_4.Word_4	flip time is later than desired time. Desired Time=2414875 Flip Time=2414892 Retrace Rate=16.641, prepareTime=16 flip request time 2414867
2418665.368	StudyPhase[4].LearningPhase_4.Word_4	LOADING RESOURCE SURFACE FROM DISK
2418667.636	StudyPhase[4].LearningPhase_4.Word_4	flip time is later than desired time. Desired Time=2418675 Flip Time=2418692 Retrace Rate=16.641, prepareTime=16 flip request time 2418667
2422465.529	StudyPhase[4].LearningPhase_4.Word_4	LOADING RESOURCE SURFACE FROM DISK
2422467.804	StudyPhase[4].LearningPhase_4.Word_4	flip time is later than desired time. Desired Time=2422475 Flip Time=2422492 Retrace Rate=16.641, prepareTime=16 flip request time 2422467
2426265.357	StudyPhase[4].LearningPhase_4.Word_4	LOADING RESOURCE SURFACE FROM DISK
2426267.68	StudyPhase[4].LearningPhase_4.Word_4	flip time is later than desired time. Desired Time=2426275 Flip Time=2426292 Retrace Rate=16.641, prepareTime=16 flip request time 2426267
2430065.294	StudyPhase[4].LearningPhase_4.Word_4	LOADING RESOURCE SURFACE FROM DISK
2430067.526	StudyPhase[4].LearningPhase_4.Word_4	flip time is later than desired time. Desired Time=2430075 Flip Time=2430092 Retrace Rate=16.641, prepareTime=16 flip request time 2430067
2433865.173	StudyPhase[4].LearningPhase_4.Word_4	LOADING RESOURCE SURFACE FROM DISK
2433867.521	StudyPhase[4].LearningPhase_4.Word_4	flip time is later than desired time. Desired Time=2433875 Flip Time=2433892 Retrace Rate=16.641, prepareTime=16 flip request time 2433867
2437665.597	StudyPhase[4].LearningPhase_4.Word_4	LOADING RESOURCE SURFACE FROM DISK
2437667.923	StudyPhase[4].LearningPhase_4.Word_4	flip time is later than desired time. Desired Time=2437675 Flip Time=2437692 Retrace Rate=16.641, prepareTime=16 flip request time 2437667
2441465.294	StudyPhase[4].LearningPhase_4.Word_4	LOADING RESOURCE SURFACE FROM DISK
2441467.614	StudyPhase[4].LearningPhase_4.Word_4	flip time is later than desired time. Desired Time=2441475 Flip Time=2441492 Retrace Rate=16.641, prepareTime=16 flip request time 2441467
2445265.412	StudyPhase[4].LearningPhase_4.Word_4	LOADING RESOURCE SURFACE FROM DISK
2445267.73	StudyPhase[4].LearningPhase_4.Word_4	flip time is later than desired time. Desired Time=2445275 Flip Time=2445292 Retrace Rate=16.641, prepareTime=16 flip request time 2445267
2449065.423	StudyPhase[4].LearningPhase_4.Word_4	LOADING RESOURCE SURFACE FROM DISK
2449067.796	StudyPhase[4].LearningPhase_4.Word_4	flip time is later than desired time. Desired Time=2449075 Flip Time=2449092 Retrace Rate=16.641, prepareTime=16 flip request time 2449067
2452865.676	StudyPhase[4].LearningPhase_4.Word_4	LOADING RESOURCE SURFACE FROM DISK
2452868.01	StudyPhase[4].LearningPhase_4.Word_4	flip time is later than desired time. Desired Time=2452875 Flip Time=2452892 Retrace Rate=16.641, prepareTime=16 flip request time 2452867
2456665.502	StudyPhase[4].LearningPhase_4.Word_4	LOADING RESOURCE SURFACE FROM DISK
2456667.736	StudyPhase[4].LearningPhase_4.Word_4	flip time is later than desired time. Desired Time=2456675 Flip Time=2456692 Retrace Rate=16.641, prepareTime=16 flip request time 2456667
2460465.584	StudyPhase[4].LearningPhase_4.Word_4	LOADING RESOURCE SURFACE FROM DISK
2460467.954	StudyPhase[4].LearningPhase_4.Word_4	flip time is later than desired time. Desired Time=2460475 Flip Time=2460492 Retrace Rate=16.641, prepareTime=16 flip request time 2460467
2469748.666	StudyPhase[4].TestFeedback_4[1].Hint_4[1]	LOADING RESOURCE SURFACE FROM DISK
2469751.117	StudyPhase[4].TestFeedback_4[1].Hint_4[1]	flip time is later than desired time. Desired Time=2469758 Flip Time=2469775 Retrace Rate=16.641, prepareTime=16 flip request time 2469750
2471623.982	StudyPhase[4].TestFeedback_4[1].FeedbackPB_4[1]	LOADING RESOURCE SURFACE FROM DISK
2473415.262	StudyPhase[4].TestFeedback_4[1].Hint_4[1]	LOADING RESOURCE SURFACE FROM DISK
2473417.489	StudyPhase[4].TestFeedback_4[1].Hint_4[1]	flip time is later than desired time. Desired Time=2473425 Flip Time=2473442 Retrace Rate=16.641, prepareTime=16 flip request time 2473417
2475173.988	StudyPhase[4].TestFeedback_4[1].FeedbackPB_4[1]	LOADING RESOURCE SURFACE FROM DISK
2476965.313	StudyPhase[4].TestFeedback_4[1].Hint_4[1]	LOADING RESOURCE SURFACE FROM DISK
2476967.655	StudyPhase[4].TestFeedback_4[1].Hint_4[1]	flip time is later than desired time. Desired Time=2476975 Flip Time=2476992 Retrace Rate=16.641, prepareTime=16 flip request time 2476967
2478624.041	StudyPhase[4].TestFeedback_4[1].Feedback_4[1]	LOADING RESOURCE SURFACE FROM DISK
2480415.486	StudyPhase[4].TestFeedback_4[1].Hint_4[1]	LOADING RESOURCE SURFACE FROM DISK
2480417.884	StudyPhase[4].TestFeedback_4[1].Hint_4[1]	flip time is later than desired time. Desired Time=2480425 Flip Time=2480442 Retrace Rate=16.641, prepareTime=16 flip request time 2480417
2482907.119	StudyPhase[4].TestFeedback_4[1].FeedbackPB_4[1]	LOADING RESOURCE SURFACE FROM DISK
2484698.555	StudyPhase[4].TestFeedback_4[1].Hint_4[1]	LOADING RESOURCE SURFACE FROM DISK
2484700.809	StudyPhase[4].TestFeedback_4[1].Hint_4[1]	flip time is later than desired time. Desired Time=2484708 Flip Time=2484725 Retrace Rate=16.641, prepareTime=16 flip request time 2484700
2486173.889	StudyPhase[4].TestFeedback_4[1].Feedback_4[1]	LOADING RESOURCE SURFACE FROM DISK
2487965.473	StudyPhase[4].TestFeedback_4[1].Hint_4[1]	LOADING RESOURCE SURFACE FROM DISK
2487967.861	StudyPhase[4].TestFeedback_4[1].Hint_4[1]	flip time is later than desired time. Desired Time=2487975 Flip Time=2487992 Retrace Rate=16.641, prepareTime=16 flip request time 2487967
2489524.055	StudyPhase[4].TestFeedback_4[1].FeedbackPB_4[1]	LOADING RESOURCE SURFACE FROM DISK
2491315.314	StudyPhase[4].TestFeedback_4[1].Hint_4[1]	LOADING RESOURCE SURFACE FROM DISK
2493274.147	StudyPhase[4].TestFeedback_4[1].Feedback_4[1]	LOADING RESOURCE SURFACE FROM DISK
2495065.657	StudyPhase[4].TestFeedback_4[1].Hint_4[1]	LOADING RESOURCE SURFACE FROM DISK
2495068.022	StudyPhase[4].TestFeedback_4[1].Hint_4[1]	flip time is later than desired time. Desired Time=2495075 Flip Time=2495092 Retrace Rate=16.641, prepareTime=16 flip request time 2495067
2497640.77	StudyPhase[4].TestFeedback_4[1].FeedbackPB_4[1]	LOADING RESOURCE SURFACE FROM DISK
2499432.415	StudyPhase[4].TestFeedback_4[1].Hint_4[1]	LOADING RESOURCE SURFACE FROM DISK
2499434.759	StudyPhase[4].TestFeedback_4[1].Hint_4[1]	flip time is later than desired time. Desired Time=2499442 Flip Time=2499458 Retrace Rate=16.641, prepareTime=16 flip request time 2499434
2502474.085	StudyPhase[4].TestFeedback_4[1].Feedback_4[1]	LOADING RESOURCE SURFACE FROM DISK
2504265.507	StudyPhase[4].TestFeedback_4[1].Hint_4[1]	LOADING RESOURCE SURFACE FROM DISK
2504267.939	StudyPhase[4].TestFeedback_4[1].Hint_4[1]	flip time is later than desired time. Desired Time=2504275 Flip Time=2504292 Retrace Rate=16.641, prepareTime=16 flip request time 2504267
2506357.424	StudyPhase[4].TestFeedback_4[1].FeedbackPB_4[1]	LOADING RESOURCE SURFACE FROM DISK
2508148.934	StudyPhase[4].TestFeedback_4[1].Hint_4[1]	LOADING RESOURCE SURFACE FROM DISK
2508151.414	StudyPhase[4].TestFeedback_4[1].Hint_4[1]	flip time is later than desired time. Desired Time=2508158 Flip Time=2508175 Retrace Rate=16.641, prepareTime=16 flip request time 2508151
2509707.915	StudyPhase[4].TestFeedback_4[1].Feedback_4[1]	LOADING RESOURCE SURFACE FROM DISK
2511499.246	StudyPhase[4].TestFeedback_4[1].Hint_4[1]	LOADING RESOURCE SURFACE FROM DISK
2511501.612	StudyPhase[4].TestFeedback_4[1].Hint_4[1]	flip time is later than desired time. Desired Time=2511508 Flip Time=2511525 Retrace Rate=16.641, prepareTime=17 flip request time 2511501
2513490.976	StudyPhase[4].TestFeedback_4[1].Feedback_4[1]	LOADING RESOURCE SURFACE FROM DISK
2515282.651	StudyPhase[4].TestFeedback_4[1].Hint_4[1]	LOADING RESOURCE SURFACE FROM DISK
2515285.122	StudyPhase[4].TestFeedback_4[1].Hint_4[1]	flip time is later than desired time. Desired Time=2515292 Flip Time=2515308 Retrace Rate=16.641, prepareTime=16 flip request time 2515284
2516957.673	StudyPhase[4].TestFeedback_4[1].Feedback_4[1]	LOADING RESOURCE SURFACE FROM DISK
2518749.164	StudyPhase[4].TestFeedback_4[1].Hint_4[1]	LOADING RESOURCE SURFACE FROM DISK
2518751.617	StudyPhase[4].TestFeedback_4[1].Hint_4[1]	flip time is later than desired time. Desired Time=2518758 Flip Time=2518775 Retrace Rate=16.641, prepareTime=16 flip request time 2518751
2520424.434	StudyPhase[4].TestFeedback_4[1].Feedback_4[1]	LOADING RESOURCE SURFACE FROM DISK
2522215.829	StudyPhase[4].TestFeedback_4[1].Hint_4[1]	LOADING RESOURCE SURFACE FROM DISK
2522218.262	StudyPhase[4].TestFeedback_4[1].Hint_4[1]	flip time is later than desired time. Desired Time=2522225 Flip Time=2522242 Retrace Rate=16.641, prepareTime=17 flip request time 2522218
2524474.527	StudyPhase[4].TestFeedback_4[1].Feedback_4[1]	LOADING RESOURCE SURFACE FROM DISK
2526265.967	StudyPhase[4].TestFeedback_4[1].Hint_4[1]	LOADING RESOURCE SURFACE FROM DISK
2526268.496	StudyPhase[4].TestFeedback_4[1].Hint_4[1]	flip time is later than desired time. Desired Time=2526275 Flip Time=2526292 Retrace Rate=16.641, prepareTime=17 flip request time 2526268
2528291.273	StudyPhase[4].TestFeedback_4[1].Feedback_4[1]	LOADING RESOURCE SURFACE FROM DISK
2530082.826	StudyPhase[4].TestFeedback_4[1].Hint_4[1]	LOADING RESOURCE SURFACE FROM DISK
2530085.291	StudyPhase[4].TestFeedback_4[1].Hint_4[1]	flip time is later than desired time. Desired Time=2530092 Flip Time=2530108 Retrace Rate=16.641, prepareTime=17 flip request time 2530085
2532274.643	StudyPhase[4].TestFeedback_4[1].Feedback_4[1]	LOADING RESOURCE SURFACE FROM DISK
2534066.02	StudyPhase[4].TestFeedback_4[1].Hint_4[1]	LOADING RESOURCE SURFACE FROM DISK
2534068.535	StudyPhase[4].TestFeedback_4[1].Hint_4[1]	flip time is later than desired time. Desired Time=2534075 Flip Time=2534092 Retrace Rate=16.641, prepareTime=17 flip request time 2534068
2536307.659	StudyPhase[4].TestFeedback_4[1].Feedback_4[1]	LOADING RESOURCE SURFACE FROM DISK
2538099.469	StudyPhase[4].TestFeedback_4[1].Hint_4[1]	LOADING RESOURCE SURFACE FROM DISK
2538102.093	StudyPhase[4].TestFeedback_4[1].Hint_4[1]	flip time is later than desired time. Desired Time=2538108 Flip Time=2538125 Retrace Rate=16.641, prepareTime=17 flip request time 2538101
2539807.974	StudyPhase[4].TestFeedback_4[1].Feedback_4[1]	LOADING RESOURCE SURFACE FROM DISK
2541599.323	StudyPhase[4].TestFeedback_4[1].Hint_4[1]	LOADING RESOURCE SURFACE FROM DISK
2541601.901	StudyPhase[4].TestFeedback_4[1].Hint_4[1]	flip time is later than desired time. Desired Time=2541608 Flip Time=2541625 Retrace Rate=16.641, prepareTime=17 flip request time 2541601
2543791.272	StudyPhase[4].TestFeedback_4[1].Feedback_4[1]	LOADING RESOURCE SURFACE FROM DISK
2545582.942	StudyPhase[4].TestFeedback_4[1].Hint_4[1]	LOADING RESOURCE SURFACE FROM DISK
2545585.428	StudyPhase[4].TestFeedback_4[1].Hint_4[1]	flip time is later than desired time. Desired Time=2545592 Flip Time=2545608 Retrace Rate=16.641, prepareTime=17 flip request time 2545585
2547174.804	StudyPhase[4].TestFeedback_4[1].Feedback_4[1]	LOADING RESOURCE SURFACE FROM DISK
2548966.399	StudyPhase[4].TestFeedback_4[1].Hint_4[1]	LOADING RESOURCE SURFACE FROM DISK
2548968.874	StudyPhase[4].TestFeedback_4[1].Hint_4[1]	flip time is later than desired time. Desired Time=2548975 Flip Time=2548992 Retrace Rate=16.641, prepareTime=17 flip request time 2548968
2550458.119	StudyPhase[4].TestFeedback_4[1].Feedback_4[1]	LOADING RESOURCE SURFACE FROM DISK
2552249.448	StudyPhase[4].TestFeedback_4[1].Hint_4[1]	LOADING RESOURCE SURFACE FROM DISK
2552251.91	StudyPhase[4].TestFeedback_4[1].Hint_4[1]	flip time is later than desired time. Desired Time=2552258 Flip Time=2552275 Retrace Rate=16.641, prepareTime=17 flip request time 2552251
2553908.117	StudyPhase[4].TestFeedback_4[1].FeedbackPB_4[1]	LOADING RESOURCE SURFACE FROM DISK
